#
# There is insufficient memory for the Java Runtime Environment to continue.
# Native memory allocation (mmap) failed to map 7340032 bytes for G1 virtual space
# Possible reasons:
#   The system is out of physical RAM or swap space
#   The process is running with CompressedOops enabled, and the Java Heap may be blocking the growth of the native heap
# Possible solutions:
#   Reduce memory load on the system
#   Increase physical memory or swap space
#   Check if swap backing store is full
#   Decrease Java heap size (-Xmx/-Xms)
#   Decrease number of Java threads
#   Decrease Java thread stack sizes (-Xss)
#   Set larger code cache with -XX:ReservedCodeCacheSize=
#   JVM is running with Unscaled Compressed Oops mode in which the Java heap is
#     placed in the first 4GB address space. The Java Heap base address is the
#     maximum limit for the native heap growth. Please use -XX:HeapBaseMinAddress
#     to set the Java Heap base and to place the Java Heap above 4GB virtual address.
# This output file may be truncated or incomplete.
#
#  Out of Memory Error (os_windows.cpp:3557), pid=8896, tid=15688
#
# JRE version: OpenJDK Runtime Environment Temurin-17.0.6+10 (17.0.6+10) (build 17.0.6+10)
# Java VM: OpenJDK 64-Bit Server VM Temurin-17.0.6+10 (17.0.6+10, mixed mode, emulated-client, tiered, compressed oops, compressed class ptrs, g1 gc, windows-amd64)
# No core dump will be written. Minidumps are not enabled by default on client versions of Windows
#

---------------  S U M M A R Y ------------

Command Line: -Dcom.sun.management.jmxremote -Dcom.sun.management.jmxremote.port=64385 -Dcom.sun.management.jmxremote.authenticate=false -Dcom.sun.management.jmxremote.ssl=false -Djava.rmi.server.hostname=localhost -Dspring.jmx.enabled=true -Dmanagement.endpoints.jmx.exposure.include=* -Dspring.application.admin.enabled=true -XX:TieredStopAtLevel=1 -Dspring.boot.project.name=Tp03-Grupo07 -Dfile.encoding=UTF-8 -XX:+ShowCodeDetailsInExceptionMessages ar.edu.unju.edm.Tp03Grupo07Application --spring.output.ansi.enabled=always

Host: AMD A4-4000 APU with Radeon(tm) HD Graphics    , 2 cores, 3G,  Windows 10 , 64 bit Build 19041 (10.0.19041.2546)
Time: Fri Jun  2 03:26:22 2023 Hora estándar de Argentina elapsed time: 9.167706 seconds (0d 0h 0m 9s)

---------------  T H R E A D  ---------------

Current thread (0x00000222a10a0c00):  VMThread "VM Thread" [stack: 0x0000004ca8a00000,0x0000004ca8b00000] [id=15688]

Stack: [0x0000004ca8a00000,0x0000004ca8b00000]
Native frames: (J=compiled Java code, j=interpreted, Vv=VM code, C=native code)
V  [jvm.dll+0x67741a]
V  [jvm.dll+0x834434]
V  [jvm.dll+0x835bde]
V  [jvm.dll+0x836243]
V  [jvm.dll+0x2457b5]
V  [jvm.dll+0x674329]
V  [jvm.dll+0x6689da]
V  [jvm.dll+0x30489b]
V  [jvm.dll+0x30bd96]
V  [jvm.dll+0x35b57e]
V  [jvm.dll+0x35b7af]
V  [jvm.dll+0x2db778]
V  [jvm.dll+0x2d9a2c]
V  [jvm.dll+0x2d8ffc]
V  [jvm.dll+0x31cdcb]
V  [jvm.dll+0x83a6eb]
V  [jvm.dll+0x83b424]
V  [jvm.dll+0x83b93c]
V  [jvm.dll+0x83bd14]
V  [jvm.dll+0x83bde0]
V  [jvm.dll+0x7e483a]
V  [jvm.dll+0x6762c5]
C  [ucrtbase.dll+0x21bb2]
C  [KERNEL32.DLL+0x17614]
C  [ntdll.dll+0x526a1]

VM_Operation (0x0000004caa0fbfb0): G1CollectForAllocation, mode: safepoint, requested by thread 0x00000222a26d48e0


---------------  P R O C E S S  ---------------

Threads class SMR info:
_java_thread_list=0x00000222a4966440, length=25, elements={
0x0000022294c5ced0, 0x00000222a10c3620, 0x00000222a10c48a0, 0x00000222a10a89c0,
0x00000222a10a93e0, 0x00000222a10aacb0, 0x00000222a10ab570, 0x00000222a10abee0,
0x00000222a10aee30, 0x0000022296d9b400, 0x00000222a1d53b90, 0x00000222a1d78ce0,
0x00000222a22d7d00, 0x00000222a22d8e90, 0x00000222a22d6d50, 0x00000222a2505110,
0x00000222a2634500, 0x00000222a26349d0, 0x00000222a266b910, 0x00000222a26d2c00,
0x00000222a26d48e0, 0x00000222a26d1d90, 0x00000222a26d13f0, 0x00000222a26d0f20,
0x00000222a26d2730
}

Java Threads: ( => current thread )
  0x0000022294c5ced0 JavaThread "main" [_thread_blocked, id=18136, stack(0x0000004ca8400000,0x0000004ca8500000)]
  0x00000222a10c3620 JavaThread "Reference Handler" daemon [_thread_blocked, id=6108, stack(0x0000004ca8b00000,0x0000004ca8c00000)]
  0x00000222a10c48a0 JavaThread "Finalizer" daemon [_thread_blocked, id=15364, stack(0x0000004ca8c00000,0x0000004ca8d00000)]
  0x00000222a10a89c0 JavaThread "Signal Dispatcher" daemon [_thread_blocked, id=3820, stack(0x0000004ca8d00000,0x0000004ca8e00000)]
  0x00000222a10a93e0 JavaThread "Attach Listener" daemon [_thread_blocked, id=17912, stack(0x0000004ca8e00000,0x0000004ca8f00000)]
  0x00000222a10aacb0 JavaThread "Service Thread" daemon [_thread_blocked, id=15492, stack(0x0000004ca8f00000,0x0000004ca9000000)]
  0x00000222a10ab570 JavaThread "Monitor Deflation Thread" daemon [_thread_blocked, id=16524, stack(0x0000004ca9000000,0x0000004ca9100000)]
  0x00000222a10abee0 JavaThread "C1 CompilerThread0" daemon [_thread_blocked, id=4720, stack(0x0000004ca9100000,0x0000004ca9200000)]
  0x00000222a10aee30 JavaThread "Sweeper thread" daemon [_thread_blocked, id=17044, stack(0x0000004ca9200000,0x0000004ca9300000)]
  0x0000022296d9b400 JavaThread "Common-Cleaner" daemon [_thread_blocked, id=2492, stack(0x0000004ca9300000,0x0000004ca9400000)]
  0x00000222a1d53b90 JavaThread "Notification Thread" daemon [_thread_blocked, id=17936, stack(0x0000004ca9400000,0x0000004ca9500000)]
  0x00000222a1d78ce0 JavaThread "C1 CompilerThread1" daemon [_thread_blocked, id=1048, stack(0x0000004ca9500000,0x0000004ca9600000)]
  0x00000222a22d7d00 JavaThread "RMI TCP Accept-0" daemon [_thread_in_native, id=17384, stack(0x0000004ca9700000,0x0000004ca9800000)]
  0x00000222a22d8e90 JavaThread "RMI TCP Accept-64385" daemon [_thread_in_native, id=1424, stack(0x0000004ca9800000,0x0000004ca9900000)]
  0x00000222a22d6d50 JavaThread "RMI TCP Accept-0" daemon [_thread_in_native, id=16116, stack(0x0000004ca9900000,0x0000004ca9a00000)]
  0x00000222a2505110 JavaThread "RMI TCP Connection(1)-127.0.0.1" daemon [_thread_in_native, id=14488, stack(0x0000004ca9b00000,0x0000004ca9c00000)]
  0x00000222a2634500 JavaThread "RMI TCP Connection(2)-127.0.0.1" daemon [_thread_in_native, id=14144, stack(0x0000004ca9c00000,0x0000004ca9d00000)]
  0x00000222a26349d0 JavaThread "RMI Scheduler(0)" daemon [_thread_blocked, id=15384, stack(0x0000004ca9d00000,0x0000004ca9e00000)]
  0x00000222a266b910 JavaThread "JMX server connection timeout 20" daemon [_thread_blocked, id=18196, stack(0x0000004ca9e00000,0x0000004ca9f00000)]
  0x00000222a26d2c00 JavaThread "Thread-0" [_thread_blocked, id=6908, stack(0x0000004ca9f00000,0x0000004caa000000)]
  0x00000222a26d48e0 JavaThread "restartedMain" [_thread_blocked, id=16124, stack(0x0000004caa000000,0x0000004caa100000)]
  0x00000222a26d1d90 JavaThread "Catalina-utility-1" [_thread_blocked, id=16684, stack(0x0000004caa200000,0x0000004caa300000)]
  0x00000222a26d13f0 JavaThread "Catalina-utility-2" [_thread_blocked, id=7248, stack(0x0000004caa300000,0x0000004caa400000)]
  0x00000222a26d0f20 JavaThread "container-0" [_thread_blocked, id=11160, stack(0x0000004caa400000,0x0000004caa500000)]
  0x00000222a26d2730 JavaThread "mysql-cj-abandoned-connection-cleanup" daemon [_thread_blocked, id=4900, stack(0x0000004caa500000,0x0000004caa600000)]

Other Threads:
=>0x00000222a10a0c00 VMThread "VM Thread" [stack: 0x0000004ca8a00000,0x0000004ca8b00000] [id=15688]
  0x00000222a22d7220 WatcherThread [stack: 0x0000004ca9a00000,0x0000004ca9b00000] [id=3892]
  0x0000022296d0c270 GCTaskThread "GC Thread#0" [stack: 0x0000004ca8500000,0x0000004ca8600000] [id=15440]
  0x00000222a2172ce0 GCTaskThread "GC Thread#1" [stack: 0x0000004ca9600000,0x0000004ca9700000] [id=17920]
  0x0000022296d13ee0 ConcurrentGCThread "G1 Main Marker" [stack: 0x0000004ca8600000,0x0000004ca8700000] [id=16052]
  0x0000022296d14800 ConcurrentGCThread "G1 Conc#0" [stack: 0x0000004ca8700000,0x0000004ca8800000] [id=16072]
  0x0000022296d48e40 ConcurrentGCThread "G1 Refine#0" [stack: 0x0000004ca8800000,0x0000004ca8900000] [id=13604]
  0x00000222a47340b0 ConcurrentGCThread "G1 Refine#1" [stack: 0x0000004caa100000,0x0000004caa200000] [id=3584]
  0x0000022296d4d8c0 ConcurrentGCThread "G1 Service" [stack: 0x0000004ca8900000,0x0000004ca8a00000] [id=16820]

Threads with active compile tasks:

VM state: at safepoint (normal execution)

VM Mutex/Monitor currently owned by a thread:  ([mutex/lock_event])
[0x0000022296cd5190] Threads_lock - owner thread: 0x00000222a10a0c00
[0x0000022296cd6150] Heap_lock - owner thread: 0x00000222a26d48e0

Heap address: 0x00000000ccc00000, size: 820 MB, Compressed Oops mode: 32-bit

CDS archive(s) not mapped
Compressed class space mapped at: 0x0000000100000000-0x0000000140000000, reserved size: 1073741824
Narrow klass base: 0x0000000000000000, Narrow klass shift: 3, Narrow klass range: 0x140000000

GC Precious Log:
 CPUs: 2 total, 2 available
 Memory: 3274M
 Large Page Support: Disabled
 NUMA Support: Disabled
 Compressed Oops: Enabled (32-bit)
 Heap Region Size: 1M
 Heap Min Capacity: 8M
 Heap Initial Capacity: 52M
 Heap Max Capacity: 820M
 Pre-touch: Disabled
 Parallel Workers: 2
 Concurrent Workers: 1
 Concurrent Refinement Workers: 2
 Periodic GC: Disabled

Heap:
 garbage-first heap   total 46080K, used 18704K [0x00000000ccc00000, 0x0000000100000000)
  region size 1024K, 2 young (2048K), 2 survivors (2048K)
 Metaspace       used 41914K, committed 42368K, reserved 1089536K
  class space    used 5446K, committed 5632K, reserved 1048576K

Heap Regions: E=young(eden), S=young(survivor), O=old, HS=humongous(starts), HC=humongous(continues), CS=collection set, F=free, OA=open archive, CA=closed archive, TAMS=top-at-mark-start (previous, next)
|   0|0x00000000ccc00000, 0x00000000ccd00000, 0x00000000ccd00000|100%|HS|  |TAMS 0x00000000ccd00000, 0x00000000ccc00000| Complete 
|   1|0x00000000ccd00000, 0x00000000cce00000, 0x00000000cce00000|100%| O|  |TAMS 0x00000000cce00000, 0x00000000ccd00000| Untracked 
|   2|0x00000000cce00000, 0x00000000ccf00000, 0x00000000ccf00000|100%| O|  |TAMS 0x00000000ccf00000, 0x00000000cce00000| Untracked 
|   3|0x00000000ccf00000, 0x00000000cd000000, 0x00000000cd000000|100%| O|  |TAMS 0x00000000cd000000, 0x00000000ccf00000| Untracked 
|   4|0x00000000cd000000, 0x00000000cd100000, 0x00000000cd100000|100%| O|  |TAMS 0x00000000cd100000, 0x00000000cd000000| Untracked 
|   5|0x00000000cd100000, 0x00000000cd200000, 0x00000000cd200000|100%| O|  |TAMS 0x00000000cd200000, 0x00000000cd100000| Untracked 
|   6|0x00000000cd200000, 0x00000000cd300000, 0x00000000cd300000|100%| O|  |TAMS 0x00000000cd300000, 0x00000000cd200000| Untracked 
|   7|0x00000000cd300000, 0x00000000cd400000, 0x00000000cd400000|100%| O|  |TAMS 0x00000000cd400000, 0x00000000cd300000| Untracked 
|   8|0x00000000cd400000, 0x00000000cd500000, 0x00000000cd500000|100%| O|  |TAMS 0x00000000cd500000, 0x00000000cd400000| Untracked 
|   9|0x00000000cd500000, 0x00000000cd600000, 0x00000000cd600000|100%| O|  |TAMS 0x00000000cd600000, 0x00000000cd500000| Untracked 
|  10|0x00000000cd600000, 0x00000000cd700000, 0x00000000cd700000|100%| O|  |TAMS 0x00000000cd700000, 0x00000000cd600000| Untracked 
|  11|0x00000000cd700000, 0x00000000cd800000, 0x00000000cd800000|100%| O|  |TAMS 0x00000000cd800000, 0x00000000cd700000| Untracked 
|  12|0x00000000cd800000, 0x00000000cd900000, 0x00000000cd900000|100%| O|  |TAMS 0x00000000cd841400, 0x00000000cd800000| Untracked 
|  13|0x00000000cd900000, 0x00000000cda00000, 0x00000000cda00000|100%| O|  |TAMS 0x00000000cd900000, 0x00000000cd900000| Untracked 
|  14|0x00000000cda00000, 0x00000000cdb00000, 0x00000000cdb00000|100%| O|  |TAMS 0x00000000cda00000, 0x00000000cda00000| Untracked 
|  15|0x00000000cdb00000, 0x00000000cdc00000, 0x00000000cdc00000|100%| O|  |TAMS 0x00000000cdb00000, 0x00000000cdb00000| Untracked 
|  16|0x00000000cdc00000, 0x00000000cdc79e00, 0x00000000cdd00000| 47%| O|  |TAMS 0x00000000cdc00000, 0x00000000cdc00000| Untracked 
|  17|0x00000000cdd00000, 0x00000000cdd00000, 0x00000000cde00000|  0%| F|  |TAMS 0x00000000cdd00000, 0x00000000cdd00000| Untracked 
|  18|0x00000000cde00000, 0x00000000cde00000, 0x00000000cdf00000|  0%| F|  |TAMS 0x00000000cde00000, 0x00000000cde00000| Untracked 
|  19|0x00000000cdf00000, 0x00000000cdf00000, 0x00000000ce000000|  0%| F|  |TAMS 0x00000000cdf00000, 0x00000000cdf00000| Untracked 
|  20|0x00000000ce000000, 0x00000000ce000000, 0x00000000ce100000|  0%| F|  |TAMS 0x00000000ce000000, 0x00000000ce000000| Untracked 
|  21|0x00000000ce100000, 0x00000000ce100000, 0x00000000ce200000|  0%| F|  |TAMS 0x00000000ce100000, 0x00000000ce100000| Untracked 
|  22|0x00000000ce200000, 0x00000000ce200000, 0x00000000ce300000|  0%| F|  |TAMS 0x00000000ce200000, 0x00000000ce200000| Untracked 
|  23|0x00000000ce300000, 0x00000000ce300000, 0x00000000ce400000|  0%| F|  |TAMS 0x00000000ce300000, 0x00000000ce300000| Untracked 
|  24|0x00000000ce400000, 0x00000000ce400000, 0x00000000ce500000|  0%| F|  |TAMS 0x00000000ce400000, 0x00000000ce400000| Untracked 
|  25|0x00000000ce500000, 0x00000000ce500000, 0x00000000ce600000|  0%| F|  |TAMS 0x00000000ce500000, 0x00000000ce500000| Untracked 
|  26|0x00000000ce600000, 0x00000000ce600000, 0x00000000ce700000|  0%| F|  |TAMS 0x00000000ce600000, 0x00000000ce600000| Untracked 
|  27|0x00000000ce700000, 0x00000000ce7ca208, 0x00000000ce800000| 78%| S|CS|TAMS 0x00000000ce700000, 0x00000000ce700000| Complete 
|  28|0x00000000ce800000, 0x00000000ce900000, 0x00000000ce900000|100%| S|CS|TAMS 0x00000000ce800000, 0x00000000ce800000| Complete 
|  29|0x00000000ce900000, 0x00000000ce900000, 0x00000000cea00000|  0%| F|  |TAMS 0x00000000ce900000, 0x00000000ce900000| Untracked 
|  30|0x00000000cea00000, 0x00000000cea00000, 0x00000000ceb00000|  0%| F|  |TAMS 0x00000000cea00000, 0x00000000cea00000| Untracked 
|  31|0x00000000ceb00000, 0x00000000ceb00000, 0x00000000cec00000|  0%| F|  |TAMS 0x00000000ceb00000, 0x00000000ceb00000| Untracked 
|  32|0x00000000cec00000, 0x00000000cec00000, 0x00000000ced00000|  0%| F|  |TAMS 0x00000000cec00000, 0x00000000cec00000| Untracked 
|  33|0x00000000ced00000, 0x00000000ced00000, 0x00000000cee00000|  0%| F|  |TAMS 0x00000000ced00000, 0x00000000ced00000| Untracked 
|  34|0x00000000cee00000, 0x00000000cee00000, 0x00000000cef00000|  0%| F|  |TAMS 0x00000000cee00000, 0x00000000cee00000| Untracked 
|  35|0x00000000cef00000, 0x00000000cef00000, 0x00000000cf000000|  0%| F|  |TAMS 0x00000000cef00000, 0x00000000cef00000| Untracked 
|  36|0x00000000cf000000, 0x00000000cf000000, 0x00000000cf100000|  0%| F|  |TAMS 0x00000000cf000000, 0x00000000cf000000| Untracked 
|  37|0x00000000cf100000, 0x00000000cf100000, 0x00000000cf200000|  0%| F|  |TAMS 0x00000000cf100000, 0x00000000cf100000| Untracked 
|  38|0x00000000cf200000, 0x00000000cf200000, 0x00000000cf300000|  0%| F|  |TAMS 0x00000000cf200000, 0x00000000cf200000| Untracked 
|  39|0x00000000cf300000, 0x00000000cf300000, 0x00000000cf400000|  0%| F|  |TAMS 0x00000000cf300000, 0x00000000cf300000| Untracked 
|  40|0x00000000cf400000, 0x00000000cf400000, 0x00000000cf500000|  0%| F|  |TAMS 0x00000000cf400000, 0x00000000cf400000| Untracked 
|  41|0x00000000cf500000, 0x00000000cf500000, 0x00000000cf600000|  0%| F|  |TAMS 0x00000000cf500000, 0x00000000cf500000| Untracked 
|  42|0x00000000cf600000, 0x00000000cf600000, 0x00000000cf700000|  0%| F|  |TAMS 0x00000000cf600000, 0x00000000cf600000| Untracked 
|  43|0x00000000cf700000, 0x00000000cf700000, 0x00000000cf800000|  0%| F|  |TAMS 0x00000000cf700000, 0x00000000cf700000| Untracked 
|  51|0x00000000cff00000, 0x00000000cff00000, 0x00000000d0000000|  0%| F|  |TAMS 0x00000000cff00000, 0x00000000cff00000| Untracked 

Card table byte_map: [0x00000222968c0000,0x0000022296a60000] _byte_map_base: 0x000002229625a000

Marking Bits (Prev, Next): (CMBitMap*) 0x0000022296d0c790, (CMBitMap*) 0x0000022296d0c7d0
 Prev Bits: [0x000002229d390000, 0x000002229e060000)
 Next Bits: [0x000002229e060000, 0x000002229ed30000)

Polling page: 0x0000022294c80000

Metaspace:

Usage:
  Non-class:     35.61 MB used.
      Class:      5.32 MB used.
       Both:     40.93 MB used.

Virtual space:
  Non-class space:       40.00 MB reserved,      35.88 MB ( 90%) committed,  5 nodes.
      Class space:        1.00 GB reserved,       5.50 MB ( <1%) committed,  1 nodes.
             Both:        1.04 GB reserved,      41.38 MB (  4%) committed. 

Chunk freelists:
   Non-Class:  3.66 MB
       Class:  2.39 MB
        Both:  6.05 MB

MaxMetaspaceSize: unlimited
CompressedClassSpaceSize: 1.00 GB
Initial GC threshold: 21.00 MB
Current GC threshold: 59.19 MB
CDS: off
MetaspaceReclaimPolicy: balanced
 - commit_granule_bytes: 65536.
 - commit_granule_words: 8192.
 - virtual_space_node_default_size: 1048576.
 - enlarge_chunks_in_place: 1.
 - new_chunks_are_fully_committed: 0.
 - uncommit_free_chunks: 1.
 - use_allocation_guard: 0.
 - handle_deallocations: 1.


Internal statistics:

num_allocs_failed_limit: 8.
num_arena_births: 586.
num_arena_deaths: 0.
num_vsnodes_births: 6.
num_vsnodes_deaths: 0.
num_space_committed: 662.
num_space_uncommitted: 0.
num_chunks_returned_to_freelist: 8.
num_chunks_taken_from_freelist: 1807.
num_chunk_merges: 5.
num_chunk_splits: 1236.
num_chunks_enlarged: 888.
num_purges: 0.
num_inconsistent_stats: 0.

CodeCache: size=49152Kb used=7493Kb max_used=7493Kb free=41658Kb
 bounds [0x000002229a390000, 0x000002229aaf0000, 0x000002229d390000]
 total_blobs=4253 nmethods=3730 adapters=450
 compilation: enabled
              stopped_count=0, restarted_count=0
 full_count=0

Compilation events (20 events):
Event: 9.085 Thread 0x00000222a1d78ce0 3721       1       java.nio.Buffer::remaining (20 bytes)
Event: 9.085 Thread 0x00000222a1d78ce0 nmethod 3721 0x000002229aadda10 code [0x000002229aaddba0, 0x000002229aaddc78]
Event: 9.098 Thread 0x00000222a1d78ce0 3722       1       java.lang.CompoundEnumeration::hasMoreElements (5 bytes)
Event: 9.098 Thread 0x00000222a1d78ce0 nmethod 3722 0x000002229aaddd10 code [0x000002229aaddea0, 0x000002229aaddf88]
Event: 9.099 Thread 0x00000222a1d78ce0 3723       1       jdk.internal.loader.ClassLoaders::platformClassLoader (4 bytes)
Event: 9.099 Thread 0x00000222a1d78ce0 nmethod 3723 0x000002229aade010 code [0x000002229aade1a0, 0x000002229aade258]
Event: 9.099 Thread 0x00000222a1d78ce0 3724       1       jdk.internal.loader.BuiltinClassLoader::findResources (182 bytes)
Event: 9.099 Thread 0x00000222a10abee0 3725       1       jdk.internal.loader.BuiltinClassLoader::findResourcesOnClassPath (43 bytes)
Event: 9.100 Thread 0x00000222a10abee0 nmethod 3725 0x000002229aade310 code [0x000002229aade4e0, 0x000002229aade848]
Event: 9.100 Thread 0x00000222a10abee0 3726       1       jdk.internal.loader.BuiltinClassLoader$1::<init> (33 bytes)
Event: 9.100 Thread 0x00000222a10abee0 nmethod 3726 0x000002229aadea10 code [0x000002229aadebc0, 0x000002229aadee28]
Event: 9.101 Thread 0x00000222a1d78ce0 nmethod 3724 0x000002229aadef10 code [0x000002229aadf1c0, 0x000002229aadfcc8]
Event: 9.104 Thread 0x00000222a1d78ce0 3728       1       java.util.zip.ZipFile$ZipEntryIterator::nextElement (5 bytes)
Event: 9.104 Thread 0x00000222a10abee0 3727       1       java.util.zip.ZipFile$ZipEntryIterator::hasMoreElements (5 bytes)
Event: 9.104 Thread 0x00000222a10abee0 nmethod 3727 0x000002229aae0410 code [0x000002229aae05a0, 0x000002229aae0678]
Event: 9.104 Thread 0x00000222a1d78ce0 nmethod 3728 0x000002229aae0710 code [0x000002229aae08a0, 0x000002229aae0988]
Event: 9.104 Thread 0x00000222a10abee0 3729       1       java.util.zip.ZipFile$ZipEntryIterator::nextElement (5 bytes)
Event: 9.104 Thread 0x00000222a1d78ce0 3730   !   1       java.util.zip.ZipFile$ZipEntryIterator::next (71 bytes)
Event: 9.104 Thread 0x00000222a10abee0 nmethod 3729 0x000002229aae0a10 code [0x000002229aae0ba0, 0x000002229aae0c88]
Event: 9.104 Thread 0x00000222a1d78ce0 nmethod 3730 0x000002229aae0d10 code [0x000002229aae0ee0, 0x000002229aae1208]

GC Heap History (20 events):
Event: 2.248 GC heap after
{Heap after GC invocations=3 (full 0):
 garbage-first heap   total 53248K, used 7355K [0x00000000ccc00000, 0x0000000100000000)
  region size 1024K, 2 young (2048K), 2 survivors (2048K)
 Metaspace       used 15462K, committed 15680K, reserved 1064960K
  class space    used 1636K, committed 1728K, reserved 1048576K
}
Event: 2.946 GC heap before
{Heap before GC invocations=3 (full 0):
 garbage-first heap   total 53248K, used 21691K [0x00000000ccc00000, 0x0000000100000000)
  region size 1024K, 17 young (17408K), 2 survivors (2048K)
 Metaspace       used 18480K, committed 18752K, reserved 1073152K
  class space    used 2069K, committed 2240K, reserved 1048576K
}
Event: 2.956 GC heap after
{Heap after GC invocations=4 (full 0):
 garbage-first heap   total 53248K, used 8600K [0x00000000ccc00000, 0x0000000100000000)
  region size 1024K, 3 young (3072K), 3 survivors (3072K)
 Metaspace       used 18480K, committed 18752K, reserved 1073152K
  class space    used 2069K, committed 2240K, reserved 1048576K
}
Event: 3.505 GC heap before
{Heap before GC invocations=4 (full 0):
 garbage-first heap   total 53248K, used 19864K [0x00000000ccc00000, 0x0000000100000000)
  region size 1024K, 16 young (16384K), 3 survivors (3072K)
 Metaspace       used 21294K, committed 21504K, reserved 1073152K
  class space    used 2455K, committed 2560K, reserved 1048576K
}
Event: 3.514 GC heap after
{Heap after GC invocations=5 (full 0):
 garbage-first heap   total 53248K, used 9269K [0x00000000ccc00000, 0x0000000100000000)
  region size 1024K, 2 young (2048K), 2 survivors (2048K)
 Metaspace       used 21294K, committed 21504K, reserved 1073152K
  class space    used 2455K, committed 2560K, reserved 1048576K
}
Event: 4.336 GC heap before
{Heap before GC invocations=6 (full 0):
 garbage-first heap   total 37888K, used 28725K [0x00000000ccc00000, 0x0000000100000000)
  region size 1024K, 22 young (22528K), 2 survivors (2048K)
 Metaspace       used 26134K, committed 26432K, reserved 1073152K
  class space    used 3087K, committed 3200K, reserved 1048576K
}
Event: 4.347 GC heap after
{Heap after GC invocations=7 (full 0):
 garbage-first heap   total 37888K, used 10449K [0x00000000ccc00000, 0x0000000100000000)
  region size 1024K, 2 young (2048K), 2 survivors (2048K)
 Metaspace       used 26134K, committed 26432K, reserved 1073152K
  class space    used 3087K, committed 3200K, reserved 1048576K
}
Event: 4.390 GC heap before
{Heap before GC invocations=7 (full 0):
 garbage-first heap   total 37888K, used 11473K [0x00000000ccc00000, 0x0000000100000000)
  region size 1024K, 3 young (3072K), 2 survivors (2048K)
 Metaspace       used 26332K, committed 26624K, reserved 1073152K
  class space    used 3118K, committed 3264K, reserved 1048576K
}
Event: 4.398 GC heap after
{Heap after GC invocations=8 (full 0):
 garbage-first heap   total 46080K, used 10816K [0x00000000ccc00000, 0x0000000100000000)
  region size 1024K, 1 young (1024K), 1 survivors (1024K)
 Metaspace       used 26332K, committed 26624K, reserved 1073152K
  class space    used 3118K, committed 3264K, reserved 1048576K
}
Event: 5.261 GC heap before
{Heap before GC invocations=8 (full 0):
 garbage-first heap   total 46080K, used 31296K [0x00000000ccc00000, 0x0000000100000000)
  region size 1024K, 21 young (21504K), 1 survivors (1024K)
 Metaspace       used 27973K, committed 28224K, reserved 1081344K
  class space    used 3356K, committed 3456K, reserved 1048576K
}
Event: 5.267 GC heap after
{Heap after GC invocations=9 (full 0):
 garbage-first heap   total 46080K, used 12279K [0x00000000ccc00000, 0x0000000100000000)
  region size 1024K, 2 young (2048K), 2 survivors (2048K)
 Metaspace       used 27973K, committed 28224K, reserved 1081344K
  class space    used 3356K, committed 3456K, reserved 1048576K
}
Event: 6.262 GC heap before
{Heap before GC invocations=9 (full 0):
 garbage-first heap   total 46080K, used 32759K [0x00000000ccc00000, 0x0000000100000000)
  region size 1024K, 22 young (22528K), 2 survivors (2048K)
 Metaspace       used 30639K, committed 31040K, reserved 1081344K
  class space    used 3766K, committed 3968K, reserved 1048576K
}
Event: 6.276 GC heap after
{Heap after GC invocations=10 (full 0):
 garbage-first heap   total 46080K, used 13524K [0x00000000ccc00000, 0x0000000100000000)
  region size 1024K, 2 young (2048K), 2 survivors (2048K)
 Metaspace       used 30639K, committed 31040K, reserved 1081344K
  class space    used 3766K, committed 3968K, reserved 1048576K
}
Event: 7.141 GC heap before
{Heap before GC invocations=10 (full 0):
 garbage-first heap   total 46080K, used 34004K [0x00000000ccc00000, 0x0000000100000000)
  region size 1024K, 22 young (22528K), 2 survivors (2048K)
 Metaspace       used 33847K, committed 34304K, reserved 1081344K
  class space    used 4287K, committed 4480K, reserved 1048576K
}
Event: 7.152 GC heap after
{Heap after GC invocations=11 (full 0):
 garbage-first heap   total 46080K, used 15621K [0x00000000ccc00000, 0x0000000100000000)
  region size 1024K, 3 young (3072K), 3 survivors (3072K)
 Metaspace       used 33847K, committed 34304K, reserved 1081344K
  class space    used 4287K, committed 4480K, reserved 1048576K
}
Event: 7.629 GC heap before
{Heap before GC invocations=11 (full 0):
 garbage-first heap   total 46080K, used 25861K [0x00000000ccc00000, 0x0000000100000000)
  region size 1024K, 14 young (14336K), 3 survivors (3072K)
 Metaspace       used 35707K, committed 36096K, reserved 1081344K
  class space    used 4492K, committed 4672K, reserved 1048576K
}
Event: 7.643 GC heap after
{Heap after GC invocations=12 (full 0):
 garbage-first heap   total 46080K, used 16938K [0x00000000ccc00000, 0x0000000100000000)
  region size 1024K, 2 young (2048K), 2 survivors (2048K)
 Metaspace       used 35707K, committed 36096K, reserved 1081344K
  class space    used 4492K, committed 4672K, reserved 1048576K
}
Event: 8.366 GC heap before
{Heap before GC invocations=13 (full 0):
 garbage-first heap   total 46080K, used 32298K [0x00000000ccc00000, 0x0000000100000000)
  region size 1024K, 18 young (18432K), 2 survivors (2048K)
 Metaspace       used 38241K, committed 38656K, reserved 1089536K
  class space    used 4843K, committed 5056K, reserved 1048576K
}
Event: 8.384 GC heap after
{Heap after GC invocations=14 (full 0):
 garbage-first heap   total 46080K, used 17851K [0x00000000ccc00000, 0x0000000100000000)
  region size 1024K, 3 young (3072K), 3 survivors (3072K)
 Metaspace       used 38241K, committed 38656K, reserved 1089536K
  class space    used 4843K, committed 5056K, reserved 1048576K
}
Event: 9.105 GC heap before
{Heap before GC invocations=14 (full 0):
 garbage-first heap   total 46080K, used 34235K [0x00000000ccc00000, 0x0000000100000000)
  region size 1024K, 19 young (19456K), 3 survivors (3072K)
 Metaspace       used 41914K, committed 42368K, reserved 1089536K
  class space    used 5446K, committed 5632K, reserved 1048576K
}

Dll operation events (9 events):
Event: 0.013 Loaded shared library E:\sts-4.18.0.RELEASE\plugins\org.eclipse.justj.openjdk.hotspot.jre.full.win32.x86_64_17.0.6.v20230204-1729\jre\bin\java.dll
Event: 0.735 Loaded shared library E:\sts-4.18.0.RELEASE\plugins\org.eclipse.justj.openjdk.hotspot.jre.full.win32.x86_64_17.0.6.v20230204-1729\jre\bin\jimage.dll
Event: 0.765 Loaded shared library E:\sts-4.18.0.RELEASE\plugins\org.eclipse.justj.openjdk.hotspot.jre.full.win32.x86_64_17.0.6.v20230204-1729\jre\bin\net.dll
Event: 0.767 Loaded shared library E:\sts-4.18.0.RELEASE\plugins\org.eclipse.justj.openjdk.hotspot.jre.full.win32.x86_64_17.0.6.v20230204-1729\jre\bin\nio.dll
Event: 0.777 Loaded shared library E:\sts-4.18.0.RELEASE\plugins\org.eclipse.justj.openjdk.hotspot.jre.full.win32.x86_64_17.0.6.v20230204-1729\jre\bin\zip.dll
Event: 0.976 Loaded shared library E:\sts-4.18.0.RELEASE\plugins\org.eclipse.justj.openjdk.hotspot.jre.full.win32.x86_64_17.0.6.v20230204-1729\jre\bin\management.dll
Event: 1.000 Loaded shared library E:\sts-4.18.0.RELEASE\plugins\org.eclipse.justj.openjdk.hotspot.jre.full.win32.x86_64_17.0.6.v20230204-1729\jre\bin\management_ext.dll
Event: 3.545 Loaded shared library E:\sts-4.18.0.RELEASE\plugins\org.eclipse.justj.openjdk.hotspot.jre.full.win32.x86_64_17.0.6.v20230204-1729\jre\bin\verify.dll
Event: 7.365 Loaded shared library E:\sts-4.18.0.RELEASE\plugins\org.eclipse.justj.openjdk.hotspot.jre.full.win32.x86_64_17.0.6.v20230204-1729\jre\bin\sunmscapi.dll

Deoptimization events (4 events):
Event: 3.774 Thread 0x00000222a26d48e0 DEOPT PACKING pc=0x000002229a851899 sp=0x0000004caa0fc680
Event: 3.774 Thread 0x00000222a26d48e0 DEOPT UNPACKING pc=0x000002229a3e7143 sp=0x0000004caa0fbb60 mode 3
Event: 7.938 Thread 0x00000222a26d48e0 DEOPT PACKING pc=0x000002229aa9a2fd sp=0x0000004caa0fb820
Event: 7.938 Thread 0x00000222a26d48e0 DEOPT UNPACKING pc=0x000002229a3e7143 sp=0x0000004caa0fad88 mode 3

Classes unloaded (0 events):
No events

Classes redefined (0 events):
No events

Internal exceptions (20 events):
Event: 6.600 Thread 0x00000222a26d48e0 Exception <a 'java/lang/NoSuchMethodError'{0x00000000cf2a8fd8}: 'void java.lang.invoke.DirectMethodHandle$Holder.invokeSpecial(java.lang.Object, java.lang.Object, java.lang.Object, java.lang.Object, java.lang.Object, java.lang.Object)'> (0x00000000cf2a8fd8) 
thrown [s\src\hotspot\share\interpreter\linkResolver.cpp, line 759]
Event: 6.766 Thread 0x00000222a26d48e0 Exception <a 'java/lang/NoSuchMethodError'{0x00000000cee54d90}: 'java.lang.Object java.lang.invoke.DirectMethodHandle$Holder.invokeSpecialIFC(java.lang.Object, java.lang.Object, java.lang.Object)'> (0x00000000cee54d90) 
thrown [s\src\hotspot\share\interpreter\linkResolver.cpp, line 759]
Event: 6.780 Thread 0x00000222a2634500 Exception <a 'java/lang/reflect/InvocationTargetException'{0x00000000cff51618}> (0x00000000cff51618) 
thrown [s\src\hotspot\share\runtime\reflection.cpp, line 1121]
Event: 6.999 Thread 0x00000222a26d48e0 Exception <a 'java/lang/NoSuchMethodError'{0x00000000ce959080}: 'void java.lang.invoke.DirectMethodHandle$Holder.invokeInterface(java.lang.Object, java.lang.Object, int)'> (0x00000000ce959080) 
thrown [s\src\hotspot\share\interpreter\linkResolver.cpp, line 759]
Event: 7.007 Thread 0x00000222a26d48e0 Exception <a 'java/lang/IncompatibleClassChangeError'{0x00000000ce9a8bb8}: Found class java.lang.Object, but interface was expected> (0x00000000ce9a8bb8) 
thrown [s\src\hotspot\share\interpreter\linkResolver.cpp, line 826]
Event: 7.007 Thread 0x00000222a26d48e0 Exception <a 'java/lang/NoSuchMethodError'{0x00000000ce9adf70}: 'void java.lang.invoke.DirectMethodHandle$Holder.invokeStatic(java.lang.Object, int, java.lang.Object)'> (0x00000000ce9adf70) 
thrown [s\src\hotspot\share\interpreter\linkResolver.cpp, line 759]
Event: 7.285 Thread 0x00000222a2634500 Exception <a 'java/lang/reflect/InvocationTargetException'{0x00000000cf5eeab0}> (0x00000000cf5eeab0) 
thrown [s\src\hotspot\share\runtime\reflection.cpp, line 1121]
Event: 7.410 Thread 0x00000222a26d48e0 Exception <a 'sun/nio/fs/WindowsException'{0x00000000cf017248}> (0x00000000cf017248) 
thrown [s\src\hotspot\share\prims\jni.cpp, line 516]
Event: 7.412 Thread 0x00000222a26d48e0 Exception <a 'sun/nio/fs/WindowsException'{0x00000000cf01cd00}> (0x00000000cf01cd00) 
thrown [s\src\hotspot\share\prims\jni.cpp, line 516]
Event: 7.412 Thread 0x00000222a26d48e0 Exception <a 'sun/nio/fs/WindowsException'{0x00000000cf01d3f8}> (0x00000000cf01d3f8) 
thrown [s\src\hotspot\share\prims\jni.cpp, line 516]
Event: 7.508 Thread 0x00000222a26d48e0 Exception <a 'java/lang/NoSuchMethodError'{0x00000000cef28810}: 'java.lang.Object java.lang.invoke.DirectMethodHandle$Holder.invokeSpecial(java.lang.Object, java.lang.Object, long, java.lang.Object, java.lang.Object, java.lang.Object, java.lang.Object, java.lang.Object, java.lang.Object)'> (0x00000000cef28810) 
thrown [s\src\hotspot\share\interpreter\linkResolver.cpp, line 759]
Event: 7.508 Thread 0x00000222a26d48e0 Exception <a 'java/lang/NoSuchMethodError'{0x00000000cef2d338}: 'java.lang.Object java.lang.invoke.DelegatingMethodHandle$Holder.reinvoke_L(java.lang.Object, long, java.lang.Object, java.lang.Object, java.lang.Object, java.lang.Object, java.lang.Object, java.lang.Object)'> (0x00000000cef2d338) 
thrown [s\src\hotspot\share\interpreter\linkResolver.cpp, line 759]
Event: 7.510 Thread 0x00000222a26d48e0 Exception <a 'java/lang/NoSuchMethodError'{0x00000000cef39fe0}: 'java.lang.Object java.lang.invoke.Invokers$Holder.linkToTargetMethod(java.lang.Object, java.lang.Object, java.lang.Object, java.lang.Object, java.lang.Object, java.lang.Object, java.lang.Object)'> (0x00000000cef39fe0) 
thrown [s\src\hotspot\share\interpreter\linkResolver.cpp, line 759]
Event: 7.721 Thread 0x00000222a26d48e0 Exception <a 'java/io/FileNotFoundException'{0x00000000cf738d80}> (0x00000000cf738d80) 
thrown [s\src\hotspot\share\prims\jni.cpp, line 516]
Event: 7.805 Thread 0x00000222a26d48e0 Exception <a 'java/lang/NoSuchMethodError'{0x00000000cf6637f0}: 'int java.lang.invoke.DirectMethodHandle$Holder.invokeInterface(java.lang.Object, java.lang.Object, java.lang.Object, java.lang.Object)'> (0x00000000cf6637f0) 
thrown [s\src\hotspot\share\interpreter\linkResolver.cpp, line 759]
Event: 7.816 Thread 0x00000222a2634500 Exception <a 'java/lang/reflect/InvocationTargetException'{0x00000000cf6d5420}> (0x00000000cf6d5420) 
thrown [s\src\hotspot\share\runtime\reflection.cpp, line 1121]
Event: 7.959 Thread 0x00000222a26d48e0 Exception <a 'java/lang/NoSuchMethodError'{0x00000000cf4711c0}: 'long java.lang.invoke.DirectMethodHandle$Holder.invokeVirtual(java.lang.Object, java.lang.Object)'> (0x00000000cf4711c0) 
thrown [s\src\hotspot\share\interpreter\linkResolver.cpp, line 759]
Event: 7.978 Thread 0x00000222a26d48e0 Exception <a 'java/io/FileNotFoundException'{0x00000000cf4a2ae8}> (0x00000000cf4a2ae8) 
thrown [s\src\hotspot\share\prims\jni.cpp, line 516]
Event: 8.320 Thread 0x00000222a2634500 Exception <a 'java/lang/reflect/InvocationTargetException'{0x00000000ce701230}> (0x00000000ce701230) 
thrown [s\src\hotspot\share\runtime\reflection.cpp, line 1121]
Event: 8.825 Thread 0x00000222a2634500 Exception <a 'java/lang/reflect/InvocationTargetException'{0x00000000cef9be30}> (0x00000000cef9be30) 
thrown [s\src\hotspot\share\runtime\reflection.cpp, line 1121]

VM Operations (20 events):
Event: 7.337 Executing VM operation: HandshakeAllThreads done
Event: 7.578 Executing VM operation: HandshakeAllThreads
Event: 7.578 Executing VM operation: HandshakeAllThreads done
Event: 7.629 Executing VM operation: CollectForMetadataAllocation
Event: 7.643 Executing VM operation: CollectForMetadataAllocation done
Event: 7.681 Executing VM operation: G1Concurrent
Event: 7.686 Executing VM operation: G1Concurrent done
Event: 7.703 Executing VM operation: G1Concurrent
Event: 7.704 Executing VM operation: G1Concurrent done
Event: 7.868 Executing VM operation: HandshakeAllThreads
Event: 7.868 Executing VM operation: HandshakeAllThreads done
Event: 7.868 Executing VM operation: HandshakeAllThreads
Event: 7.868 Executing VM operation: HandshakeAllThreads done
Event: 7.984 Executing VM operation: HandshakeAllThreads
Event: 7.984 Executing VM operation: HandshakeAllThreads done
Event: 8.042 Executing VM operation: HandshakeAllThreads
Event: 8.042 Executing VM operation: HandshakeAllThreads done
Event: 8.366 Executing VM operation: G1CollectForAllocation
Event: 8.384 Executing VM operation: G1CollectForAllocation done
Event: 9.105 Executing VM operation: G1CollectForAllocation

Events (20 events):
Event: 8.011 loading class java/util/concurrent/ForkJoinWorkerThread done
Event: 8.041 loading class java/util/concurrent/Executors$FinalizableDelegatedExecutorService
Event: 8.041 loading class java/util/concurrent/Executors$DelegatedExecutorService
Event: 8.042 loading class java/util/concurrent/Executors$DelegatedExecutorService done
Event: 8.042 loading class java/util/concurrent/Executors$FinalizableDelegatedExecutorService done
Event: 8.043 Thread 0x00000222a26d2730 Thread added: 0x00000222a26d2730
Event: 8.142 loading class javax/naming/Referenceable
Event: 8.142 loading class javax/naming/Referenceable done
Event: 8.179 loading class java/lang/instrument/ClassFileTransformer
Event: 8.179 loading class java/lang/instrument/ClassFileTransformer done
Event: 8.350 loading class java/util/ImmutableCollections$Map1
Event: 8.350 loading class java/util/ImmutableCollections$Map1 done
Event: 8.457 loading class java/lang/Process
Event: 8.457 loading class java/lang/Process done
Event: 8.485 loading class java/lang/reflect/GenericSignatureFormatError
Event: 8.485 loading class java/lang/reflect/GenericSignatureFormatError done
Event: 8.538 loading class java/io/Console
Event: 8.539 loading class java/io/Console done
Event: 8.946 loading class java/util/UUID$Holder
Event: 8.947 loading class java/util/UUID$Holder done


Dynamic libraries:
0x00007ff689c10000 - 0x00007ff689c1e000 	E:\sts-4.18.0.RELEASE\plugins\org.eclipse.justj.openjdk.hotspot.jre.full.win32.x86_64_17.0.6.v20230204-1729\jre\bin\javaw.exe
0x00007ffe03970000 - 0x00007ffe03b68000 	C:\WINDOWS\SYSTEM32\ntdll.dll
0x00007ffe02360000 - 0x00007ffe0241f000 	C:\WINDOWS\System32\KERNEL32.DLL
0x00007ffe016e0000 - 0x00007ffe019b2000 	C:\WINDOWS\System32\KERNELBASE.dll
0x00007ffe010a0000 - 0x00007ffe011a0000 	C:\WINDOWS\System32\ucrtbase.dll
0x00007ffdf7ca0000 - 0x00007ffdf7cb7000 	E:\sts-4.18.0.RELEASE\plugins\org.eclipse.justj.openjdk.hotspot.jre.full.win32.x86_64_17.0.6.v20230204-1729\jre\bin\jli.dll
0x00007ffe02530000 - 0x00007ffe026d1000 	C:\WINDOWS\System32\USER32.dll
0x00007ffe01070000 - 0x00007ffe01092000 	C:\WINDOWS\System32\win32u.dll
0x00007ffe02430000 - 0x00007ffe0245b000 	C:\WINDOWS\System32\GDI32.dll
0x00007ffe01410000 - 0x00007ffe0151f000 	C:\WINDOWS\System32\gdi32full.dll
0x00007ffe01210000 - 0x00007ffe012ad000 	C:\WINDOWS\System32\msvcp_win.dll
0x00007ffdf6600000 - 0x00007ffdf6619000 	E:\sts-4.18.0.RELEASE\plugins\org.eclipse.justj.openjdk.hotspot.jre.full.win32.x86_64_17.0.6.v20230204-1729\jre\bin\VCRUNTIME140.dll
0x00007ffdee730000 - 0x00007ffdee9ca000 	C:\WINDOWS\WinSxS\amd64_microsoft.windows.common-controls_6595b64144ccf1df_6.0.19041.1110_none_60b5254171f9507e\COMCTL32.dll
0x00007ffe031e0000 - 0x00007ffe0327e000 	C:\WINDOWS\System32\msvcrt.dll
0x00007ffe02950000 - 0x00007ffe02980000 	C:\WINDOWS\System32\IMM32.DLL
0x00007ffdf7c90000 - 0x00007ffdf7c9c000 	E:\sts-4.18.0.RELEASE\plugins\org.eclipse.justj.openjdk.hotspot.jre.full.win32.x86_64_17.0.6.v20230204-1729\jre\bin\vcruntime140_1.dll
0x00007ffdd7910000 - 0x00007ffdd79a1000 	E:\sts-4.18.0.RELEASE\plugins\org.eclipse.justj.openjdk.hotspot.jre.full.win32.x86_64_17.0.6.v20230204-1729\jre\bin\msvcp140.dll
0x00007ffdc9620000 - 0x00007ffdca267000 	E:\sts-4.18.0.RELEASE\plugins\org.eclipse.justj.openjdk.hotspot.jre.full.win32.x86_64_17.0.6.v20230204-1729\jre\bin\server\jvm.dll
0x00007ffe02460000 - 0x00007ffe0250e000 	C:\WINDOWS\System32\ADVAPI32.dll
0x00007ffe03140000 - 0x00007ffe031dc000 	C:\WINDOWS\System32\sechost.dll
0x00007ffe03340000 - 0x00007ffe03464000 	C:\WINDOWS\System32\RPCRT4.dll
0x00007ffdf7be0000 - 0x00007ffdf7be9000 	C:\WINDOWS\SYSTEM32\WSOCK32.dll
0x00007ffe019c0000 - 0x00007ffe01a2b000 	C:\WINDOWS\System32\WS2_32.dll
0x00007ffdf9b10000 - 0x00007ffdf9b37000 	C:\WINDOWS\SYSTEM32\WINMM.dll
0x00007ffdf9b40000 - 0x00007ffdf9b4a000 	C:\WINDOWS\SYSTEM32\VERSION.dll
0x00007ffdfef50000 - 0x00007ffdfef62000 	C:\WINDOWS\SYSTEM32\kernel.appcore.dll
0x00007ffdf2790000 - 0x00007ffdf279a000 	E:\sts-4.18.0.RELEASE\plugins\org.eclipse.justj.openjdk.hotspot.jre.full.win32.x86_64_17.0.6.v20230204-1729\jre\bin\jimage.dll
0x00007ffdf37d0000 - 0x00007ffdf39b4000 	C:\WINDOWS\SYSTEM32\DBGHELP.DLL
0x00007ffdf27a0000 - 0x00007ffdf27d5000 	C:\WINDOWS\SYSTEM32\dbgcore.DLL
0x00007ffe01520000 - 0x00007ffe015a2000 	C:\WINDOWS\System32\bcryptPrimitives.dll
0x00007ffde25b0000 - 0x00007ffde25d5000 	E:\sts-4.18.0.RELEASE\plugins\org.eclipse.justj.openjdk.hotspot.jre.full.win32.x86_64_17.0.6.v20230204-1729\jre\bin\java.dll
0x00007ffde7e60000 - 0x00007ffde7e78000 	E:\sts-4.18.0.RELEASE\plugins\org.eclipse.justj.openjdk.hotspot.jre.full.win32.x86_64_17.0.6.v20230204-1729\jre\bin\zip.dll
0x00007ffe01b60000 - 0x00007ffe022a5000 	C:\WINDOWS\System32\SHELL32.dll
0x00007ffdff150000 - 0x00007ffdff8e2000 	C:\WINDOWS\SYSTEM32\windows.storage.dll
0x00007ffe03570000 - 0x00007ffe038c5000 	C:\WINDOWS\System32\combase.dll
0x00007ffe009f0000 - 0x00007ffe00a20000 	C:\WINDOWS\SYSTEM32\Wldp.dll
0x00007ffe022b0000 - 0x00007ffe0235d000 	C:\WINDOWS\System32\SHCORE.dll
0x00007ffe02fa0000 - 0x00007ffe02ff5000 	C:\WINDOWS\System32\shlwapi.dll
0x00007ffe00fb0000 - 0x00007ffe00fcf000 	C:\WINDOWS\SYSTEM32\profapi.dll
0x00007ffde7c90000 - 0x00007ffde7ca9000 	E:\sts-4.18.0.RELEASE\plugins\org.eclipse.justj.openjdk.hotspot.jre.full.win32.x86_64_17.0.6.v20230204-1729\jre\bin\net.dll
0x00007ffdfc020000 - 0x00007ffdfc12a000 	C:\WINDOWS\SYSTEM32\WINHTTP.dll
0x00007ffe00750000 - 0x00007ffe007ba000 	C:\WINDOWS\system32\mswsock.dll
0x00007ffde7830000 - 0x00007ffde7845000 	E:\sts-4.18.0.RELEASE\plugins\org.eclipse.justj.openjdk.hotspot.jre.full.win32.x86_64_17.0.6.v20230204-1729\jre\bin\nio.dll
0x00007ffded6c0000 - 0x00007ffded6c9000 	E:\sts-4.18.0.RELEASE\plugins\org.eclipse.justj.openjdk.hotspot.jre.full.win32.x86_64_17.0.6.v20230204-1729\jre\bin\management.dll
0x00007ffded5d0000 - 0x00007ffded5db000 	E:\sts-4.18.0.RELEASE\plugins\org.eclipse.justj.openjdk.hotspot.jre.full.win32.x86_64_17.0.6.v20230204-1729\jre\bin\management_ext.dll
0x00007ffe03470000 - 0x00007ffe03478000 	C:\WINDOWS\System32\PSAPI.DLL
0x00007ffdf15a0000 - 0x00007ffdf15b7000 	C:\WINDOWS\system32\napinsp.dll
0x00007ffdf1580000 - 0x00007ffdf159b000 	C:\WINDOWS\system32\pnrpnsp.dll
0x00007ffde7c70000 - 0x00007ffde7c85000 	C:\WINDOWS\system32\wshbth.dll
0x00007ffdfca30000 - 0x00007ffdfca4d000 	C:\WINDOWS\system32\NLAapi.dll
0x00007ffe00440000 - 0x00007ffe0047b000 	C:\WINDOWS\SYSTEM32\IPHLPAPI.DLL
0x00007ffe00490000 - 0x00007ffe0055b000 	C:\WINDOWS\SYSTEM32\DNSAPI.dll
0x00007ffe02420000 - 0x00007ffe02428000 	C:\WINDOWS\System32\NSI.dll
0x00007ffded3c0000 - 0x00007ffded3d2000 	C:\WINDOWS\System32\winrnr.dll
0x00007ffdf57e0000 - 0x00007ffdf57ea000 	C:\Windows\System32\rasadhlp.dll
0x00007ffdf5700000 - 0x00007ffdf5780000 	C:\WINDOWS\System32\fwpuclnt.dll
0x00007ffe015b0000 - 0x00007ffe015d7000 	C:\WINDOWS\System32\bcrypt.dll
0x00007ffe00940000 - 0x00007ffe00958000 	C:\WINDOWS\SYSTEM32\CRYPTSP.dll
0x00007ffe00070000 - 0x00007ffe000a4000 	C:\WINDOWS\system32\rsaenh.dll
0x00007ffe00f30000 - 0x00007ffe00f5e000 	C:\WINDOWS\SYSTEM32\USERENV.dll
0x00007ffe00960000 - 0x00007ffe0096c000 	C:\WINDOWS\SYSTEM32\CRYPTBASE.dll
0x00007ffdf8ee0000 - 0x00007ffdf8ef7000 	C:\WINDOWS\SYSTEM32\dhcpcsvc6.DLL
0x00007ffdf8ec0000 - 0x00007ffdf8edd000 	C:\WINDOWS\SYSTEM32\dhcpcsvc.DLL
0x00007ffdf1500000 - 0x00007ffdf1510000 	E:\sts-4.18.0.RELEASE\plugins\org.eclipse.justj.openjdk.hotspot.jre.full.win32.x86_64_17.0.6.v20230204-1729\jre\bin\verify.dll
0x00007ffdee5d0000 - 0x00007ffdee5de000 	E:\sts-4.18.0.RELEASE\plugins\org.eclipse.justj.openjdk.hotspot.jre.full.win32.x86_64_17.0.6.v20230204-1729\jre\bin\sunmscapi.dll
0x00007ffe012b0000 - 0x00007ffe01406000 	C:\WINDOWS\System32\CRYPT32.dll
0x00007ffe00a60000 - 0x00007ffe00a87000 	C:\WINDOWS\SYSTEM32\ncrypt.dll
0x00007ffe00a20000 - 0x00007ffe00a5b000 	C:\WINDOWS\SYSTEM32\NTASN1.dll

dbghelp: loaded successfully - version: 4.0.5 - missing functions: none
symbol engine: initialized successfully - sym options: 0x614 - pdb path: .;E:\sts-4.18.0.RELEASE\plugins\org.eclipse.justj.openjdk.hotspot.jre.full.win32.x86_64_17.0.6.v20230204-1729\jre\bin;C:\WINDOWS\SYSTEM32;C:\WINDOWS\WinSxS\amd64_microsoft.windows.common-controls_6595b64144ccf1df_6.0.19041.1110_none_60b5254171f9507e;E:\sts-4.18.0.RELEASE\plugins\org.eclipse.justj.openjdk.hotspot.jre.full.win32.x86_64_17.0.6.v20230204-1729\jre\bin\server

VM Arguments:
jvm_args: -Dcom.sun.management.jmxremote -Dcom.sun.management.jmxremote.port=64385 -Dcom.sun.management.jmxremote.authenticate=false -Dcom.sun.management.jmxremote.ssl=false -Djava.rmi.server.hostname=localhost -Dspring.jmx.enabled=true -Dmanagement.endpoints.jmx.exposure.include=* -Dspring.application.admin.enabled=true -XX:TieredStopAtLevel=1 -Dspring.boot.project.name=Tp03-Grupo07 -Dfile.encoding=UTF-8 -XX:+ShowCodeDetailsInExceptionMessages 
java_command: ar.edu.unju.edm.Tp03Grupo07Application --spring.output.ansi.enabled=always
java_class_path (initial): C:\Users\Casimiro\git\TP03_Grupo07\Tp03-Grupo07\target\classes;C:\Users\Casimiro\.m2\repository\org\springframework\boot\spring-boot-starter-thymeleaf\3.0.6\spring-boot-starter-thymeleaf-3.0.6.jar;C:\Users\Casimiro\.m2\repository\org\springframework\boot\spring-boot-starter\3.0.6\spring-boot-starter-3.0.6.jar;C:\Users\Casimiro\.m2\repository\org\springframework\boot\spring-boot-starter-logging\3.0.6\spring-boot-starter-logging-3.0.6.jar;C:\Users\Casimiro\.m2\repository\ch\qos\logback\logback-classic\1.4.7\logback-classic-1.4.7.jar;C:\Users\Casimiro\.m2\repository\ch\qos\logback\logback-core\1.4.7\logback-core-1.4.7.jar;C:\Users\Casimiro\.m2\repository\org\apache\logging\log4j\log4j-to-slf4j\2.19.0\log4j-to-slf4j-2.19.0.jar;C:\Users\Casimiro\.m2\repository\org\apache\logging\log4j\log4j-api\2.19.0\log4j-api-2.19.0.jar;C:\Users\Casimiro\.m2\repository\org\slf4j\jul-to-slf4j\2.0.7\jul-to-slf4j-2.0.7.jar;C:\Users\Casimiro\.m2\repository\jakarta\annotation\jakarta.annotation-api\2.1.1\jakarta.annotation-api-2.1.1.jar;C:\Users\Casimiro\.m2\repository\org\yaml\snakeyaml\1.33\snakeyaml-1.33.jar;C:\Users\Casimiro\.m2\repository\org\thymeleaf\thymeleaf-spring6\3.1.1.RELEASE\thymeleaf-spring6-3.1.1.RELEASE.jar;C:\Users\Casimiro\.m2\repository\org\thymeleaf\thymeleaf\3.1.1.RELEASE\thymeleaf-3.1.1.RELEASE.jar;C:\Users\Casimiro\.m2\repository\org\attoparser\attoparser\2.0.6.RELEASE\attoparser-2.0.6.RELEASE.jar;C:\Users\Casimiro\.m2\repository\org\unbescape\unbescape\1.1.6.RELEASE\unbescape-1.1.6.RELEASE.jar;C:\Users\Casimiro\.m2\repository\org\slf4j\slf4j-api\2.0.7\slf4j-api-2.0.7.jar;C:\Users\Casimiro\.m2\repository\org\springframework\boot\spring-boot-starter-web\3.0.6\spring-boot-starter-web-3.0.6.jar;C:\Users\Casimiro\.m2\repository\org\springframework\boot\spring-boot-starter-json\3.0.6\spring-boot-starter-json-3.0.6.jar;C:\Users\Casimiro\.m2\repository\com\fasterxml\jackson\core\jackson-databind\2.14.2\jackson-databind-2.14.2.jar;C:\Users\Casimi
Launcher Type: SUN_STANDARD

[Global flags]
     intx CICompilerCount                          = 2                                         {product} {ergonomic}
     uint ConcGCThreads                            = 1                                         {product} {ergonomic}
     uint G1ConcRefinementThreads                  = 2                                         {product} {ergonomic}
   size_t G1HeapRegionSize                         = 1048576                                   {product} {ergonomic}
    uintx GCDrainStackTargetSize                   = 64                                        {product} {ergonomic}
   size_t InitialHeapSize                          = 54525952                                  {product} {ergonomic}
     bool ManagementServer                         = true                                      {product} {command line}
   size_t MarkStackSize                            = 4194304                                   {product} {ergonomic}
   size_t MaxHeapSize                              = 859832320                                 {product} {ergonomic}
   size_t MaxNewSize                               = 515899392                                 {product} {ergonomic}
   size_t MinHeapDeltaBytes                        = 1048576                                   {product} {ergonomic}
   size_t MinHeapSize                              = 8388608                                   {product} {ergonomic}
    uintx NonProfiledCodeHeapSize                  = 0                                      {pd product} {ergonomic}
     bool ProfileInterpreter                       = false                                  {pd product} {command line}
    uintx ProfiledCodeHeapSize                     = 0                                      {pd product} {ergonomic}
     bool ShowCodeDetailsInExceptionMessages       = true                                   {manageable} {command line}
   size_t SoftMaxHeapSize                          = 859832320                              {manageable} {ergonomic}
     intx TieredStopAtLevel                        = 1                                         {product} {command line}
     bool UseCompressedClassPointers               = true                           {product lp64_product} {ergonomic}
     bool UseCompressedOops                        = true                           {product lp64_product} {ergonomic}
     bool UseG1GC                                  = true                                      {product} {ergonomic}
     bool UseLargePagesIndividualAllocation        = false                                  {pd product} {ergonomic}

Logging:
Log output configuration:
 #0: stdout all=warning uptime,level,tags
 #1: stderr all=off uptime,level,tags

Environment Variables:
JAVA_HOME=C:\jdk-20
PATH=E:/sts-4.18.0.RELEASE//plugins/org.eclipse.justj.openjdk.hotspot.jre.full.win32.x86_64_17.0.6.v20230204-1729/jre/bin/server;E:/sts-4.18.0.RELEASE//plugins/org.eclipse.justj.openjdk.hotspot.jre.full.win32.x86_64_17.0.6.v20230204-1729/jre/bin;C:\Program Files\Common Files\Oracle\Java\javapath;C:\oraclexe\app\oracle\product\10.2.0\server\bin;C:\Program Files (x86)\Common Files\Oracle\Java\javapath;C:\WINDOWS\system32;C:\WINDOWS;C:\WINDOWS\System32\Wbem;C:\WINDOWS\System32\WindowsPowerShell\v1.0\;C:\Program Files (x86)\ATI Technologies\ATI.ACE\Core-Static;C:\Program Files\TortoiseSVN\bin;C:\WINDOWS\System32\OpenSSH\;C:\jdk-20\bin;C:\Users\Casimiro\AppData\Local\Microsoft\WindowsApps;;E:\sts-4.18.0.RELEASE;
USERNAME=Casimiro
OS=Windows_NT
PROCESSOR_IDENTIFIER=AMD64 Family 21 Model 19 Stepping 1, AuthenticAMD
TMP=C:\Users\Casimiro\AppData\Local\Temp
TEMP=C:\Users\Casimiro\AppData\Local\Temp



---------------  S Y S T E M  ---------------

OS:
 Windows 10 , 64 bit Build 19041 (10.0.19041.2546)
OS uptime: 0 days 4:54 hours

CPU: total 2 (initial active 2) (2 cores per cpu, 1 threads per core) family 21 model 19 stepping 1 microcode 0x0, cx8, cmov, fxsr, mmx, 3dnowpref, sse, sse2, sse3, ssse3, sse4a, sse4.1, sse4.2, popcnt, lzcnt, tsc, tscinvbit, avx, aes, clmul, bmi1, fma, vzeroupper, clflush

Memory: 4k page, system-wide physical 3274M (336M free)
TotalPageFile size 5274M (AvailPageFile size 7M)
current process WorkingSet (physical memory assigned to process): 142M, peak: 142M
current process commit charge ("private bytes"): 164M, peak: 171M

vm_info: OpenJDK 64-Bit Server VM (17.0.6+10) for windows-amd64 JRE (17.0.6+10), built on Jan 18 2023 10:08:59 by "temurin" with MS VC++ 16.7 (VS2019)

END.
