#
# There is insufficient memory for the Java Runtime Environment to continue.
# Native memory allocation (mmap) failed to map 65536 bytes for Failed to commit metaspace.
# Possible reasons:
#   The system is out of physical RAM or swap space
#   The process is running with CompressedOops enabled, and the Java Heap may be blocking the growth of the native heap
# Possible solutions:
#   Reduce memory load on the system
#   Increase physical memory or swap space
#   Check if swap backing store is full
#   Decrease Java heap size (-Xmx/-Xms)
#   Decrease number of Java threads
#   Decrease Java thread stack sizes (-Xss)
#   Set larger code cache with -XX:ReservedCodeCacheSize=
#   JVM is running with Unscaled Compressed Oops mode in which the Java heap is
#     placed in the first 4GB address space. The Java Heap base address is the
#     maximum limit for the native heap growth. Please use -XX:HeapBaseMinAddress
#     to set the Java Heap base and to place the Java Heap above 4GB virtual address.
# This output file may be truncated or incomplete.
#
#  Out of Memory Error (virtualSpaceNode.cpp:110), pid=3396, tid=5860
#
# JRE version: OpenJDK Runtime Environment Temurin-17.0.6+10 (17.0.6+10) (build 17.0.6+10)
# Java VM: OpenJDK 64-Bit Server VM Temurin-17.0.6+10 (17.0.6+10, mixed mode, emulated-client, tiered, compressed oops, compressed class ptrs, g1 gc, windows-amd64)
# No core dump will be written. Minidumps are not enabled by default on client versions of Windows
#

---------------  S U M M A R Y ------------

Command Line: -Dcom.sun.management.jmxremote -Dcom.sun.management.jmxremote.port=64323 -Dcom.sun.management.jmxremote.authenticate=false -Dcom.sun.management.jmxremote.ssl=false -Djava.rmi.server.hostname=localhost -Dspring.jmx.enabled=true -Dmanagement.endpoints.jmx.exposure.include=* -Dspring.application.admin.enabled=true -XX:TieredStopAtLevel=1 -Dspring.boot.project.name=Tp03-Grupo07 -Dfile.encoding=UTF-8 -XX:+ShowCodeDetailsInExceptionMessages ar.edu.unju.edm.Tp03Grupo07Application --spring.output.ansi.enabled=always

Host: AMD A4-4000 APU with Radeon(tm) HD Graphics    , 2 cores, 3G,  Windows 10 , 64 bit Build 19041 (10.0.19041.2546)
Time: Fri Jun  2 03:24:59 2023 Hora estándar de Argentina elapsed time: 21.214195 seconds (0d 0h 0m 21s)

---------------  T H R E A D  ---------------

Current thread (0x0000013f54edec80):  JavaThread "restartedMain" [_thread_in_vm, id=5860, stack(0x0000000b5be00000,0x0000000b5bf00000)]

Stack: [0x0000000b5be00000,0x0000000b5bf00000]
Native frames: (J=compiled Java code, j=interpreted, Vv=VM code, C=native code)
V  [jvm.dll+0x67741a]
V  [jvm.dll+0x834434]
V  [jvm.dll+0x835bde]
V  [jvm.dll+0x836243]
V  [jvm.dll+0x2457b5]
V  [jvm.dll+0x8304cb]
V  [jvm.dll+0x61bca6]
V  [jvm.dll+0x1c05fe]
V  [jvm.dll+0x61e5f1]
V  [jvm.dll+0x61c646]
V  [jvm.dll+0x23b2a0]
V  [jvm.dll+0x1eae0d]
V  [jvm.dll+0x1e0841]
V  [jvm.dll+0x53c6d0]
V  [jvm.dll+0x7af5e8]
V  [jvm.dll+0x7af6d4]
V  [jvm.dll+0x40bc05]
V  [jvm.dll+0x411d58]
C  [java.dll+0x17ec]

Java frames: (J=compiled Java code, j=interpreted, Vv=VM code)
J 1213  java.lang.ClassLoader.defineClass1(Ljava/lang/ClassLoader;Ljava/lang/String;[BIILjava/security/ProtectionDomain;Ljava/lang/String;)Ljava/lang/Class; java.base@17.0.6 (0 bytes) @ 0x0000013f4ce9e85b [0x0000013f4ce9e7a0+0x00000000000000bb]
J 1242 c1 java.lang.ClassLoader.defineClass(Ljava/lang/String;[BIILjava/security/ProtectionDomain;)Ljava/lang/Class; java.base@17.0.6 (43 bytes) @ 0x0000013f4ceac35c [0x0000013f4ceac260+0x00000000000000fc]
J 1248 c1 jdk.internal.loader.BuiltinClassLoader.defineClass(Ljava/lang/String;Ljdk/internal/loader/Resource;)Ljava/lang/Class; java.base@17.0.6 (121 bytes) @ 0x0000013f4ceaf744 [0x0000013f4ceaf2a0+0x00000000000004a4]
J 1228 c1 jdk.internal.loader.BuiltinClassLoader.findClassOnClassPathOrNull(Ljava/lang/String;)Ljava/lang/Class; java.base@17.0.6 (64 bytes) @ 0x0000013f4cea4bc4 [0x0000013f4cea4920+0x00000000000002a4]
J 971 c1 jdk.internal.loader.BuiltinClassLoader.loadClassOrNull(Ljava/lang/String;Z)Ljava/lang/Class; java.base@17.0.6 (143 bytes) @ 0x0000013f4ce3c0c4 [0x0000013f4ce3bc80+0x0000000000000444]
J 1079 c1 jdk.internal.loader.ClassLoaders$AppClassLoader.loadClass(Ljava/lang/String;Z)Ljava/lang/Class; java.base@17.0.6 (40 bytes) @ 0x0000013f4ce716a4 [0x0000013f4ce71560+0x0000000000000144]
J 1075 c1 java.lang.ClassLoader.loadClass(Ljava/lang/String;)Ljava/lang/Class; java.base@17.0.6 (7 bytes) @ 0x0000013f4ce707e4 [0x0000013f4ce707a0+0x0000000000000044]
v  ~StubRoutines::call_stub
j  net.bytebuddy.description.type.TypeDescription$ForLoadedType.getSuperClass()Lnet/bytebuddy/description/type/TypeDescription$Generic;+37
j  net.bytebuddy.description.type.TypeDescription$Generic$OfNonGenericType.getSuperClass()Lnet/bytebuddy/description/type/TypeDescription$Generic;+6
j  net.bytebuddy.dynamic.scaffold.MethodGraph$Compiler$Default.doAnalyze(Lnet/bytebuddy/description/type/TypeDefinition;Ljava/util/Map;Lnet/bytebuddy/matcher/ElementMatcher;)Lnet/bytebuddy/dynamic/scaffold/MethodGraph$Compiler$Default$Key$Store;+2
j  net.bytebuddy.dynamic.scaffold.MethodGraph$Compiler$Default.analyze(Lnet/bytebuddy/description/type/TypeDefinition;Lnet/bytebuddy/description/type/TypeDefinition;Ljava/util/Map;Lnet/bytebuddy/matcher/ElementMatcher;)Lnet/bytebuddy/dynamic/scaffold/MethodGraph$Compiler$Default$Key$Store;+22
j  net.bytebuddy.dynamic.scaffold.MethodGraph$Compiler$Default.analyzeNullable(Lnet/bytebuddy/description/type/TypeDescription$Generic;Ljava/util/Map;Lnet/bytebuddy/matcher/ElementMatcher;)Lnet/bytebuddy/dynamic/scaffold/MethodGraph$Compiler$Default$Key$Store;+31
j  net.bytebuddy.dynamic.scaffold.MethodGraph$Compiler$Default.doAnalyze(Lnet/bytebuddy/description/type/TypeDefinition;Ljava/util/Map;Lnet/bytebuddy/matcher/ElementMatcher;)Lnet/bytebuddy/dynamic/scaffold/MethodGraph$Compiler$Default$Key$Store;+9
j  net.bytebuddy.dynamic.scaffold.MethodGraph$Compiler$Default.compile(Lnet/bytebuddy/description/type/TypeDefinition;Lnet/bytebuddy/description/type/TypeDescription;)Lnet/bytebuddy/dynamic/scaffold/MethodGraph$Linked;+23
j  net.bytebuddy.dynamic.scaffold.MethodGraph$Compiler$AbstractBase.compile(Lnet/bytebuddy/description/type/TypeDefinition;)Lnet/bytebuddy/dynamic/scaffold/MethodGraph$Linked;+8
j  net.bytebuddy.dynamic.scaffold.MethodRegistry$Default.prepare(Lnet/bytebuddy/dynamic/scaffold/InstrumentedType;Lnet/bytebuddy/dynamic/scaffold/MethodGraph$Compiler;Lnet/bytebuddy/dynamic/scaffold/TypeValidation;Lnet/bytebuddy/dynamic/VisibilityBridgeStrategy;Lnet/bytebuddy/matcher/LatentMatcher;)Lnet/bytebuddy/dynamic/scaffold/MethodRegistry$Prepared;+184
j  net.bytebuddy.dynamic.scaffold.subclass.SubclassDynamicTypeBuilder.toTypeWriter(Lnet/bytebuddy/pool/TypePool;)Lnet/bytebuddy/dynamic/scaffold/TypeWriter;+48
j  net.bytebuddy.dynamic.scaffold.subclass.SubclassDynamicTypeBuilder.toTypeWriter()Lnet/bytebuddy/dynamic/scaffold/TypeWriter;+4
j  net.bytebuddy.dynamic.DynamicType$Builder$AbstractBase$UsingTypeWriter.make(Lnet/bytebuddy/dynamic/TypeResolutionStrategy;)Lnet/bytebuddy/dynamic/DynamicType$Unloaded;+1
j  net.bytebuddy.dynamic.DynamicType$Builder$AbstractBase.make()Lnet/bytebuddy/dynamic/DynamicType$Unloaded;+4
j  org.hibernate.bytecode.internal.bytebuddy.ByteBuddyState.make(Lnet/bytebuddy/pool/TypePool;Lnet/bytebuddy/dynamic/DynamicType$Builder;)Lnet/bytebuddy/dynamic/DynamicType$Unloaded;+27
j  org.hibernate.bytecode.internal.bytebuddy.ByteBuddyState.make(Lnet/bytebuddy/dynamic/DynamicType$Builder;)Lnet/bytebuddy/dynamic/DynamicType$Unloaded;+3
j  org.hibernate.bytecode.internal.bytebuddy.ByteBuddyState$1.run()Ljava/lang/Class;+23
j  org.hibernate.bytecode.internal.bytebuddy.ByteBuddyState$1.run()Ljava/lang/Object;+1
j  org.hibernate.bytecode.internal.bytebuddy.ByteBuddyState.lambda$load$0(Ljava/util/function/Function;Ljava/lang/Class;)Ljava/lang/Class;+28
j  org.hibernate.bytecode.internal.bytebuddy.ByteBuddyState$$Lambda$965+0x000000010076ea48.call()Ljava/lang/Object;+12
j  net.bytebuddy.TypeCache.findOrInsert(Ljava/lang/ClassLoader;Ljava/lang/Object;Ljava/util/concurrent/Callable;)Ljava/lang/Class;+20
j  net.bytebuddy.TypeCache.findOrInsert(Ljava/lang/ClassLoader;Ljava/lang/Object;Ljava/util/concurrent/Callable;Ljava/lang/Object;)Ljava/lang/Class;+26
j  org.hibernate.bytecode.internal.bytebuddy.ByteBuddyState.load(Ljava/lang/Class;Lnet/bytebuddy/TypeCache;Lnet/bytebuddy/TypeCache$SimpleKey;Ljava/util/function/Function;)Ljava/lang/Class;+16
j  org.hibernate.bytecode.internal.bytebuddy.ByteBuddyState.loadProxy(Ljava/lang/Class;Lnet/bytebuddy/TypeCache$SimpleKey;Ljava/util/function/Function;)Ljava/lang/Class;+8
j  org.hibernate.proxy.pojo.bytebuddy.ByteBuddyProxyHelper.buildProxy(Ljava/lang/Class;[Ljava/lang/Class;)Ljava/lang/Class;+57
j  org.hibernate.proxy.pojo.bytebuddy.ByteBuddyProxyFactory.postInstantiate(Ljava/lang/String;Ljava/lang/Class;Ljava/util/Set;Ljava/lang/reflect/Method;Ljava/lang/reflect/Method;Lorg/hibernate/type/CompositeType;)V+55
j  org.hibernate.metamodel.internal.EntityRepresentationStrategyPojoStandard.createProxyFactory(Lorg/hibernate/mapping/PersistentClass;Lorg/hibernate/bytecode/spi/BytecodeProvider;Lorg/hibernate/metamodel/spi/RuntimeModelCreationContext;)Lorg/hibernate/proxy/ProxyFactory;+485
j  org.hibernate.metamodel.internal.EntityRepresentationStrategyPojoStandard.<init>(Lorg/hibernate/mapping/PersistentClass;Lorg/hibernate/persister/entity/EntityPersister;Lorg/hibernate/metamodel/spi/RuntimeModelCreationContext;)V+279
j  org.hibernate.metamodel.internal.ManagedTypeRepresentationResolverStandard.resolveStrategy(Lorg/hibernate/mapping/PersistentClass;Lorg/hibernate/persister/entity/EntityPersister;Lorg/hibernate/metamodel/spi/RuntimeModelCreationContext;)Lorg/hibernate/metamodel/spi/EntityRepresentationStrategy;+53
j  org.hibernate.persister.entity.AbstractEntityPersister.<init>(Lorg/hibernate/mapping/PersistentClass;Lorg/hibernate/cache/spi/access/EntityDataAccess;Lorg/hibernate/cache/spi/access/NaturalIdDataAccess;Lorg/hibernate/metamodel/spi/RuntimeModelCreationContext;)V+236
j  org.hibernate.persister.entity.SingleTableEntityPersister.<init>(Lorg/hibernate/mapping/PersistentClass;Lorg/hibernate/cache/spi/access/EntityDataAccess;Lorg/hibernate/cache/spi/access/NaturalIdDataAccess;Lorg/hibernate/metamodel/spi/RuntimeModelCreationContext;)V+6
v  ~StubRoutines::call_stub
J 1430  jdk.internal.reflect.NativeConstructorAccessorImpl.newInstance0(Ljava/lang/reflect/Constructor;[Ljava/lang/Object;)Ljava/lang/Object; java.base@17.0.6 (0 bytes) @ 0x0000013f4cef8386 [0x0000013f4cef8320+0x0000000000000066]
J 1429 c1 jdk.internal.reflect.NativeConstructorAccessorImpl.newInstance([Ljava/lang/Object;)Ljava/lang/Object; java.base@17.0.6 (122 bytes) @ 0x0000013f4cef921c [0x0000013f4cef8f80+0x000000000000029c]
J 1386 c1 jdk.internal.reflect.DelegatingConstructorAccessorImpl.newInstance([Ljava/lang/Object;)Ljava/lang/Object; java.base@17.0.6 (9 bytes) @ 0x0000013f4ceea2e4 [0x0000013f4ceea2a0+0x0000000000000044]
J 1210 c1 java.lang.reflect.Constructor.newInstanceWithCaller([Ljava/lang/Object;ZLjava/lang/Class;)Ljava/lang/Object; java.base@17.0.6 (75 bytes) @ 0x0000013f4ce9c12c [0x0000013f4ce9c060+0x00000000000000cc]
J 1366 c1 java.lang.reflect.Constructor.newInstance([Ljava/lang/Object;)Ljava/lang/Object; java.base@17.0.6 (34 bytes) @ 0x0000013f4cee28cc [0x0000013f4cee2840+0x000000000000008c]
j  org.hibernate.persister.internal.PersisterFactoryImpl.createEntityPersister(Ljava/lang/Class;Lorg/hibernate/mapping/PersistentClass;Lorg/hibernate/cache/spi/access/EntityDataAccess;Lorg/hibernate/cache/spi/access/NaturalIdDataAccess;Lorg/hibernate/metamodel/spi/RuntimeModelCreationContext;)Lorg/hibernate/persister/entity/EntityPersister;+31
j  org.hibernate.persister.internal.PersisterFactoryImpl.createEntityPersister(Lorg/hibernate/mapping/PersistentClass;Lorg/hibernate/cache/spi/access/EntityDataAccess;Lorg/hibernate/cache/spi/access/NaturalIdDataAccess;Lorg/hibernate/metamodel/spi/RuntimeModelCreationContext;)Lorg/hibernate/persister/entity/EntityPersister;+31
j  org.hibernate.metamodel.model.domain.internal.MappingMetamodelImpl.processBootEntities(Ljava/util/Collection;Lorg/hibernate/cache/spi/CacheImplementor;Lorg/hibernate/persister/spi/PersisterFactory;Lorg/hibernate/metamodel/spi/RuntimeModelCreationContext;)V+76
j  org.hibernate.metamodel.model.domain.internal.MappingMetamodelImpl.finishInitialization(Lorg/hibernate/boot/spi/MetadataImplementor;Lorg/hibernate/boot/spi/BootstrapContext;Lorg/hibernate/engine/spi/SessionFactoryImplementor;)V+113
j  org.hibernate.metamodel.internal.RuntimeMetamodelsImpl.finishInitialization(Lorg/hibernate/boot/spi/MetadataImplementor;Lorg/hibernate/boot/spi/BootstrapContext;Lorg/hibernate/internal/SessionFactoryImpl;)V+23
j  org.hibernate.internal.SessionFactoryImpl.<init>(Lorg/hibernate/boot/spi/MetadataImplementor;Lorg/hibernate/boot/spi/SessionFactoryOptions;)V+686
j  org.hibernate.boot.internal.SessionFactoryBuilderImpl.build()Lorg/hibernate/SessionFactory;+59
j  org.hibernate.jpa.boot.internal.EntityManagerFactoryBuilderImpl.build()Ljakarta/persistence/EntityManagerFactory;+22
j  org.springframework.orm.jpa.vendor.SpringHibernateJpaPersistenceProvider.createContainerEntityManagerFactory(Ljakarta/persistence/spi/PersistenceUnitInfo;Ljava/util/Map;)Ljakarta/persistence/EntityManagerFactory;+59
j  org.springframework.orm.jpa.LocalContainerEntityManagerFactoryBean.createNativeEntityManagerFactory()Ljakarta/persistence/EntityManagerFactory;+111
j  org.springframework.orm.jpa.AbstractEntityManagerFactoryBean.buildNativeEntityManagerFactory()Ljakarta/persistence/EntityManagerFactory;+1
j  org.springframework.orm.jpa.AbstractEntityManagerFactoryBean.afterPropertiesSet()V+192
j  org.springframework.orm.jpa.LocalContainerEntityManagerFactoryBean.afterPropertiesSet()V+84
j  org.springframework.beans.factory.support.AbstractAutowireCapableBeanFactory.invokeInitMethods(Ljava/lang/String;Ljava/lang/Object;Lorg/springframework/beans/factory/support/RootBeanDefinition;)V+56
j  org.springframework.beans.factory.support.AbstractAutowireCapableBeanFactory.initializeBean(Ljava/lang/String;Ljava/lang/Object;Lorg/springframework/beans/factory/support/RootBeanDefinition;)Ljava/lang/Object;+34
j  org.springframework.beans.factory.support.AbstractAutowireCapableBeanFactory.doCreateBean(Ljava/lang/String;Lorg/springframework/beans/factory/support/RootBeanDefinition;[Ljava/lang/Object;)Ljava/lang/Object;+228
j  org.springframework.beans.factory.support.AbstractAutowireCapableBeanFactory.createBean(Ljava/lang/String;Lorg/springframework/beans/factory/support/RootBeanDefinition;[Ljava/lang/Object;)Ljava/lang/Object;+153
j  org.springframework.beans.factory.support.AbstractBeanFactory.lambda$doGetBean$0(Ljava/lang/String;Lorg/springframework/beans/factory/support/RootBeanDefinition;[Ljava/lang/Object;)Ljava/lang/Object;+4
j  org.springframework.beans.factory.support.AbstractBeanFactory$$Lambda$357+0x00000001002e8bb8.getObject()Ljava/lang/Object;+16
j  org.springframework.beans.factory.support.DefaultSingletonBeanRegistry.getSingleton(Ljava/lang/String;Lorg/springframework/beans/factory/ObjectFactory;)Ljava/lang/Object;+114
J 2616 c1 org.springframework.beans.factory.support.AbstractBeanFactory.doGetBean(Ljava/lang/String;Ljava/lang/Class;[Ljava/lang/Object;Z)Ljava/lang/Object; (714 bytes) @ 0x0000013f4d0d6f6c [0x0000013f4d0d69c0+0x00000000000005ac]
j  org.springframework.beans.factory.support.AbstractBeanFactory.getBean(Ljava/lang/String;)Ljava/lang/Object;+5
j  org.springframework.context.support.AbstractApplicationContext.getBean(Ljava/lang/String;)Ljava/lang/Object;+9
j  org.springframework.context.support.AbstractApplicationContext.finishBeanFactoryInitialization(Lorg/springframework/beans/factory/config/ConfigurableListableBeanFactory;)V+106
j  org.springframework.context.support.AbstractApplicationContext.refresh()V+86
j  org.springframework.boot.web.servlet.context.ServletWebServerApplicationContext.refresh()V+1
j  org.springframework.boot.SpringApplication.refresh(Lorg/springframework/context/ConfigurableApplicationContext;)V+1
j  org.springframework.boot.SpringApplication.refreshContext(Lorg/springframework/context/ConfigurableApplicationContext;)V+16
j  org.springframework.boot.SpringApplication.run([Ljava/lang/String;)Lorg/springframework/context/ConfigurableApplicationContext;+101
j  org.springframework.boot.SpringApplication.run([Ljava/lang/Class;[Ljava/lang/String;)Lorg/springframework/context/ConfigurableApplicationContext;+9
j  org.springframework.boot.SpringApplication.run(Ljava/lang/Class;[Ljava/lang/String;)Lorg/springframework/context/ConfigurableApplicationContext;+9
j  ar.edu.unju.edm.Tp03Grupo07Application.main([Ljava/lang/String;)V+3
v  ~StubRoutines::call_stub
j  jdk.internal.reflect.NativeMethodAccessorImpl.invoke0(Ljava/lang/reflect/Method;Ljava/lang/Object;[Ljava/lang/Object;)Ljava/lang/Object;+0 java.base@17.0.6
j  jdk.internal.reflect.NativeMethodAccessorImpl.invoke(Ljava/lang/Object;[Ljava/lang/Object;)Ljava/lang/Object;+133 java.base@17.0.6
j  jdk.internal.reflect.DelegatingMethodAccessorImpl.invoke(Ljava/lang/Object;[Ljava/lang/Object;)Ljava/lang/Object;+6 java.base@17.0.6
j  java.lang.reflect.Method.invoke(Ljava/lang/Object;[Ljava/lang/Object;)Ljava/lang/Object;+59 java.base@17.0.6
j  org.springframework.boot.devtools.restart.RestartLauncher.run()V+42
v  ~StubRoutines::call_stub

---------------  P R O C E S S  ---------------

Threads class SMR info:
_java_thread_list=0x0000013f576277b0, length=27, elements={
0x0000013f4741ce00, 0x0000013f538632d0, 0x0000013f53864cf0, 0x0000013f538a8280,
0x0000013f538a8ca0, 0x0000013f538aa570, 0x0000013f538aae30, 0x0000013f538ab7a0,
0x0000013f538db750, 0x0000013f495577f0, 0x0000013f5454f5b0, 0x0000013f54aadcd0,
0x0000013f54ab7e50, 0x0000013f54a05710, 0x0000013f54e29020, 0x0000013f54e294f0,
0x0000013f54e2a5e0, 0x0000013f54e3b340, 0x0000013f54edfaf0, 0x0000013f54edec80,
0x0000013f54ee0960, 0x0000013f54ee2170, 0x0000013f54edffc0, 0x0000013f54ee0490,
0x0000013f54ee1ca0, 0x0000013f54ee0e30, 0x0000013f549a5050
}

Java Threads: ( => current thread )
  0x0000013f4741ce00 JavaThread "main" [_thread_blocked, id=17464, stack(0x0000000b5a200000,0x0000000b5a300000)]
  0x0000013f538632d0 JavaThread "Reference Handler" daemon [_thread_blocked, id=10288, stack(0x0000000b5a900000,0x0000000b5aa00000)]
  0x0000013f53864cf0 JavaThread "Finalizer" daemon [_thread_blocked, id=18316, stack(0x0000000b5aa00000,0x0000000b5ab00000)]
  0x0000013f538a8280 JavaThread "Signal Dispatcher" daemon [_thread_blocked, id=16128, stack(0x0000000b5ab00000,0x0000000b5ac00000)]
  0x0000013f538a8ca0 JavaThread "Attach Listener" daemon [_thread_blocked, id=16840, stack(0x0000000b5ac00000,0x0000000b5ad00000)]
  0x0000013f538aa570 JavaThread "Service Thread" daemon [_thread_blocked, id=13932, stack(0x0000000b5ad00000,0x0000000b5ae00000)]
  0x0000013f538aae30 JavaThread "Monitor Deflation Thread" daemon [_thread_blocked, id=11336, stack(0x0000000b5ae00000,0x0000000b5af00000)]
  0x0000013f538ab7a0 JavaThread "C1 CompilerThread0" daemon [_thread_blocked, id=17448, stack(0x0000000b5af00000,0x0000000b5b000000)]
  0x0000013f538db750 JavaThread "Sweeper thread" daemon [_thread_blocked, id=17668, stack(0x0000000b5b000000,0x0000000b5b100000)]
  0x0000013f495577f0 JavaThread "Common-Cleaner" daemon [_thread_blocked, id=5136, stack(0x0000000b5b100000,0x0000000b5b200000)]
  0x0000013f5454f5b0 JavaThread "Notification Thread" daemon [_thread_blocked, id=1400, stack(0x0000000b5b200000,0x0000000b5b300000)]
  0x0000013f54aadcd0 JavaThread "RMI TCP Accept-0" daemon [_thread_in_native, id=4196, stack(0x0000000b5b500000,0x0000000b5b600000)]
  0x0000013f54ab7e50 JavaThread "RMI TCP Accept-64323" daemon [_thread_in_native, id=5284, stack(0x0000000b5b600000,0x0000000b5b700000)]
  0x0000013f54a05710 JavaThread "RMI TCP Accept-0" daemon [_thread_in_native, id=17416, stack(0x0000000b5b700000,0x0000000b5b800000)]
  0x0000013f54e29020 JavaThread "RMI TCP Connection(1)-127.0.0.1" daemon [_thread_in_native, id=14676, stack(0x0000000b5b900000,0x0000000b5ba00000)]
  0x0000013f54e294f0 JavaThread "RMI Scheduler(0)" daemon [_thread_blocked, id=17764, stack(0x0000000b5ba00000,0x0000000b5bb00000)]
  0x0000013f54e2a5e0 JavaThread "RMI TCP Connection(2)-127.0.0.1" daemon [_thread_in_native, id=12000, stack(0x0000000b5bb00000,0x0000000b5bc00000)]
  0x0000013f54e3b340 JavaThread "JMX server connection timeout 20" daemon [_thread_blocked, id=18224, stack(0x0000000b5bc00000,0x0000000b5bd00000)]
  0x0000013f54edfaf0 JavaThread "Thread-0" [_thread_blocked, id=3636, stack(0x0000000b5bd00000,0x0000000b5be00000)]
=>0x0000013f54edec80 JavaThread "restartedMain" [_thread_in_vm, id=5860, stack(0x0000000b5be00000,0x0000000b5bf00000)]
  0x0000013f54ee0960 JavaThread "Catalina-utility-1" [_thread_blocked, id=4100, stack(0x0000000b5bf00000,0x0000000b5c000000)]
  0x0000013f54ee2170 JavaThread "Catalina-utility-2" [_thread_blocked, id=14448, stack(0x0000000b5c000000,0x0000000b5c100000)]
  0x0000013f54edffc0 JavaThread "container-0" [_thread_blocked, id=18280, stack(0x0000000b5c100000,0x0000000b5c200000)]
  0x0000013f54ee0490 JavaThread "mysql-cj-abandoned-connection-cleanup" daemon [_thread_blocked, id=2484, stack(0x0000000b5c200000,0x0000000b5c300000)]
  0x0000013f54ee1ca0 JavaThread "HikariPool-1 housekeeper" daemon [_thread_blocked, id=16936, stack(0x0000000b5c300000,0x0000000b5c400000)]
  0x0000013f54ee0e30 JavaThread "HikariPool-1 connection adder" daemon [_thread_blocked, id=17996, stack(0x0000000b5c400000,0x0000000b5c500000)]
  0x0000013f549a5050 JavaThread "C1 CompilerThread1" daemon [_thread_blocked, id=980, stack(0x0000000b5c500000,0x0000000b5c600000)]

Other Threads:
  0x0000013f5385f650 VMThread "VM Thread" [stack: 0x0000000b5a800000,0x0000000b5a900000] [id=3828]
  0x0000013f54a05be0 WatcherThread [stack: 0x0000000b5b800000,0x0000000b5b900000] [id=16688]
  0x0000013f494cc420 GCTaskThread "GC Thread#0" [stack: 0x0000000b5a300000,0x0000000b5a400000] [id=16484]
  0x0000013f5491b130 GCTaskThread "GC Thread#1" [stack: 0x0000000b5b300000,0x0000000b5b400000] [id=7856]
  0x0000013f494d38f0 ConcurrentGCThread "G1 Main Marker" [stack: 0x0000000b5a400000,0x0000000b5a500000] [id=4664]
  0x0000013f494d4af0 ConcurrentGCThread "G1 Conc#0" [stack: 0x0000000b5a500000,0x0000000b5a600000] [id=16980]
  0x0000013f49508850 ConcurrentGCThread "G1 Refine#0" [stack: 0x0000000b5a600000,0x0000000b5a700000] [id=16564]
  0x0000013f49509a60 ConcurrentGCThread "G1 Service" [stack: 0x0000000b5a700000,0x0000000b5a800000] [id=10828]

Threads with active compile tasks:

VM state: not at safepoint (normal execution)

VM Mutex/Monitor currently owned by a thread:  ([mutex/lock_event])
[0x0000013f49493880] Metaspace_lock - owner thread: 0x0000013f54edec80

Heap address: 0x00000000ccc00000, size: 820 MB, Compressed Oops mode: 32-bit

CDS archive(s) not mapped
Compressed class space mapped at: 0x0000000100000000-0x0000000140000000, reserved size: 1073741824
Narrow klass base: 0x0000000000000000, Narrow klass shift: 3, Narrow klass range: 0x140000000

GC Precious Log:
 CPUs: 2 total, 2 available
 Memory: 3274M
 Large Page Support: Disabled
 NUMA Support: Disabled
 Compressed Oops: Enabled (32-bit)
 Heap Region Size: 1M
 Heap Min Capacity: 8M
 Heap Initial Capacity: 52M
 Heap Max Capacity: 820M
 Pre-touch: Disabled
 Parallel Workers: 2
 Concurrent Workers: 1
 Concurrent Refinement Workers: 2
 Periodic GC: Disabled

Heap:
 garbage-first heap   total 41984K, used 21509K [0x00000000ccc00000, 0x0000000100000000)
  region size 1024K, 2 young (2048K), 1 survivors (1024K)
 Metaspace       used 57437K, committed 57920K, reserved 1105920K
  class space    used 7611K, committed 7872K, reserved 1048576K

Heap Regions: E=young(eden), S=young(survivor), O=old, HS=humongous(starts), HC=humongous(continues), CS=collection set, F=free, OA=open archive, CA=closed archive, TAMS=top-at-mark-start (previous, next)
|   0|0x00000000ccc00000, 0x00000000ccd00000, 0x00000000ccd00000|100%|HS|  |TAMS 0x00000000ccd00000, 0x00000000ccc00000| Complete 
|   1|0x00000000ccd00000, 0x00000000cce00000, 0x00000000cce00000|100%| O|  |TAMS 0x00000000cce00000, 0x00000000ccd00000| Untracked 
|   2|0x00000000cce00000, 0x00000000ccf00000, 0x00000000ccf00000|100%| O|  |TAMS 0x00000000ccf00000, 0x00000000cce00000| Untracked 
|   3|0x00000000ccf00000, 0x00000000cd000000, 0x00000000cd000000|100%| O|  |TAMS 0x00000000cd000000, 0x00000000ccf00000| Untracked 
|   4|0x00000000cd000000, 0x00000000cd100000, 0x00000000cd100000|100%| O|  |TAMS 0x00000000cd100000, 0x00000000cd000000| Untracked 
|   5|0x00000000cd100000, 0x00000000cd1fec00, 0x00000000cd200000| 99%| O|  |TAMS 0x00000000cd1fec00, 0x00000000cd100000| Untracked 
|   6|0x00000000cd200000, 0x00000000cd300000, 0x00000000cd300000|100%| O|  |TAMS 0x00000000cd300000, 0x00000000cd200000| Untracked 
|   7|0x00000000cd300000, 0x00000000cd400000, 0x00000000cd400000|100%| O|  |TAMS 0x00000000cd400000, 0x00000000cd300000| Untracked 
|   8|0x00000000cd400000, 0x00000000cd400000, 0x00000000cd500000|  0%| F|  |TAMS 0x00000000cd400000, 0x00000000cd400000| Untracked 
|   9|0x00000000cd500000, 0x00000000cd600000, 0x00000000cd600000|100%| O|  |TAMS 0x00000000cd600000, 0x00000000cd500000| Untracked 
|  10|0x00000000cd600000, 0x00000000cd700000, 0x00000000cd700000|100%| O|  |TAMS 0x00000000cd700000, 0x00000000cd600000| Untracked 
|  11|0x00000000cd700000, 0x00000000cd800000, 0x00000000cd800000|100%| O|  |TAMS 0x00000000cd800000, 0x00000000cd700000| Untracked 
|  12|0x00000000cd800000, 0x00000000cd900000, 0x00000000cd900000|100%| O|  |TAMS 0x00000000cd900000, 0x00000000cd800000| Untracked 
|  13|0x00000000cd900000, 0x00000000cda00000, 0x00000000cda00000|100%| O|  |TAMS 0x00000000cda00000, 0x00000000cd900000| Untracked 
|  14|0x00000000cda00000, 0x00000000cdb00000, 0x00000000cdb00000|100%| O|  |TAMS 0x00000000cdb00000, 0x00000000cda00000| Untracked 
|  15|0x00000000cdb00000, 0x00000000cdc00000, 0x00000000cdc00000|100%| O|  |TAMS 0x00000000cdc00000, 0x00000000cdb00000| Untracked 
|  16|0x00000000cdc00000, 0x00000000cdd00000, 0x00000000cdd00000|100%| O|  |TAMS 0x00000000cdd00000, 0x00000000cdc00000| Untracked 
|  17|0x00000000cdd00000, 0x00000000cde00000, 0x00000000cde00000|100%| O|  |TAMS 0x00000000cde00000, 0x00000000cdd00000| Untracked 
|  18|0x00000000cde00000, 0x00000000cdf00000, 0x00000000cdf00000|100%| O|  |TAMS 0x00000000cded9408, 0x00000000cde00000| Untracked 
|  19|0x00000000cdf00000, 0x00000000ce000000, 0x00000000ce000000|100%| O|  |TAMS 0x00000000cdf00000, 0x00000000cdf00000| Untracked 
|  20|0x00000000ce000000, 0x00000000ce100000, 0x00000000ce100000|100%| O|  |TAMS 0x00000000ce000000, 0x00000000ce000000| Untracked 
|  21|0x00000000ce100000, 0x00000000ce15d000, 0x00000000ce200000| 36%| O|  |TAMS 0x00000000ce100000, 0x00000000ce100000| Untracked 
|  22|0x00000000ce200000, 0x00000000ce200000, 0x00000000ce300000|  0%| F|  |TAMS 0x00000000ce200000, 0x00000000ce200000| Untracked 
|  23|0x00000000ce300000, 0x00000000ce300000, 0x00000000ce400000|  0%| F|  |TAMS 0x00000000ce300000, 0x00000000ce300000| Untracked 
|  24|0x00000000ce400000, 0x00000000ce400000, 0x00000000ce500000|  0%| F|  |TAMS 0x00000000ce400000, 0x00000000ce400000| Untracked 
|  25|0x00000000ce500000, 0x00000000ce500000, 0x00000000ce600000|  0%| F|  |TAMS 0x00000000ce500000, 0x00000000ce500000| Untracked 
|  26|0x00000000ce600000, 0x00000000ce600000, 0x00000000ce700000|  0%| F|  |TAMS 0x00000000ce600000, 0x00000000ce600000| Untracked 
|  27|0x00000000ce700000, 0x00000000ce700000, 0x00000000ce800000|  0%| F|  |TAMS 0x00000000ce700000, 0x00000000ce700000| Untracked 
|  28|0x00000000ce800000, 0x00000000ce800000, 0x00000000ce900000|  0%| F|  |TAMS 0x00000000ce800000, 0x00000000ce800000| Untracked 
|  29|0x00000000ce900000, 0x00000000ce900000, 0x00000000cea00000|  0%| F|  |TAMS 0x00000000ce900000, 0x00000000ce900000| Untracked 
|  30|0x00000000cea00000, 0x00000000cea00000, 0x00000000ceb00000|  0%| F|  |TAMS 0x00000000cea00000, 0x00000000cea00000| Untracked 
|  31|0x00000000ceb00000, 0x00000000ceb00000, 0x00000000cec00000|  0%| F|  |TAMS 0x00000000ceb00000, 0x00000000ceb00000| Untracked 
|  32|0x00000000cec00000, 0x00000000cec00000, 0x00000000ced00000|  0%| F|  |TAMS 0x00000000cec00000, 0x00000000cec00000| Untracked 
|  33|0x00000000ced00000, 0x00000000ced00000, 0x00000000cee00000|  0%| F|  |TAMS 0x00000000ced00000, 0x00000000ced00000| Untracked 
|  34|0x00000000cee00000, 0x00000000cee00000, 0x00000000cef00000|  0%| F|  |TAMS 0x00000000cee00000, 0x00000000cee00000| Untracked 
|  35|0x00000000cef00000, 0x00000000cef00000, 0x00000000cf000000|  0%| F|  |TAMS 0x00000000cef00000, 0x00000000cef00000| Untracked 
|  36|0x00000000cf000000, 0x00000000cf000000, 0x00000000cf100000|  0%| F|  |TAMS 0x00000000cf000000, 0x00000000cf000000| Untracked 
|  37|0x00000000cf100000, 0x00000000cf100000, 0x00000000cf200000|  0%| F|  |TAMS 0x00000000cf100000, 0x00000000cf100000| Untracked 
|  38|0x00000000cf200000, 0x00000000cf200000, 0x00000000cf300000|  0%| F|  |TAMS 0x00000000cf200000, 0x00000000cf200000| Untracked 
|  39|0x00000000cf300000, 0x00000000cf3a5960, 0x00000000cf400000| 64%| S|CS|TAMS 0x00000000cf300000, 0x00000000cf300000| Complete 
|  51|0x00000000cff00000, 0x00000000cffa3b50, 0x00000000d0000000| 63%| E|  |TAMS 0x00000000cff00000, 0x00000000cff00000| Complete 

Card table byte_map: [0x0000013f49020000,0x0000013f491c0000] _byte_map_base: 0x0000013f489ba000

Marking Bits (Prev, Next): (CMBitMap*) 0x0000013f494cc980, (CMBitMap*) 0x0000013f494cc940
 Prev Bits: [0x0000013f50820000, 0x0000013f514f0000)
 Next Bits: [0x0000013f4fb50000, 0x0000013f50820000)

Polling page: 0x0000013f47310000

Metaspace:

Usage:
  Non-class:     48.66 MB used.
      Class:      7.43 MB used.
       Both:     56.09 MB used.

Virtual space:
  Non-class space:       56.00 MB reserved,      48.88 MB ( 87%) committed,  7 nodes.
      Class space:        1.00 GB reserved,       7.69 MB ( <1%) committed,  1 nodes.
             Both:        1.05 GB reserved,      56.56 MB (  5%) committed. 

Chunk freelists:
   Non-Class:  3.11 MB
       Class:  368.00 KB
        Both:  3.47 MB

MaxMetaspaceSize: unlimited
CompressedClassSpaceSize: 1.00 GB
Initial GC threshold: 21.00 MB
Current GC threshold: 88.12 MB
CDS: off
MetaspaceReclaimPolicy: balanced
 - commit_granule_bytes: 65536.
 - commit_granule_words: 8192.
 - virtual_space_node_default_size: 1048576.
 - enlarge_chunks_in_place: 1.
 - new_chunks_are_fully_committed: 0.
 - uncommit_free_chunks: 1.
 - use_allocation_guard: 0.
 - handle_deallocations: 1.


Internal statistics:

num_allocs_failed_limit: 6.
num_arena_births: 622.
num_arena_deaths: 0.
num_vsnodes_births: 8.
num_vsnodes_deaths: 0.
num_space_committed: 905.
num_space_uncommitted: 0.
num_chunks_returned_to_freelist: 6.
num_chunks_taken_from_freelist: 2251.
num_chunk_merges: 3.
num_chunk_splits: 1612.
num_chunks_enlarged: 1227.
num_purges: 0.
num_inconsistent_stats: 0.

CodeCache: size=49152Kb used=8668Kb max_used=8668Kb free=40483Kb
 bounds [0x0000013f4cb50000, 0x0000013f4d3d0000, 0x0000013f4fb50000]
 total_blobs=5052 nmethods=4434 adapters=545
 compilation: enabled
              stopped_count=0, restarted_count=0
 full_count=0

Compilation events (20 events):
Event: 21.119 Thread 0x0000013f538ab7a0 nmethod 4425 0x0000013f4d3c3310 code [0x0000013f4d3c34a0, 0x0000013f4d3c35b8]
Event: 21.120 Thread 0x0000013f538ab7a0 4428   !   1       java.util.AbstractList$Itr::next (46 bytes)
Event: 21.120 Thread 0x0000013f549a5050 nmethod 4426 0x0000013f4d3c3b10 code [0x0000013f4d3c3d00, 0x0000013f4d3c4188]
Event: 21.120 Thread 0x0000013f549a5050 4429       1       java.util.AbstractList$Itr::checkForComodification (23 bytes)
Event: 21.120 Thread 0x0000013f549a5050 nmethod 4429 0x0000013f4d3c4510 code [0x0000013f4d3c46a0, 0x0000013f4d3c4808]
Event: 21.120 Thread 0x0000013f538ab7a0 nmethod 4428 0x0000013f4d3c4910 code [0x0000013f4d3c4ae0, 0x0000013f4d3c4e18]
Event: 21.127 Thread 0x0000013f549a5050 4430       1       java.util.StringJoiner::add (110 bytes)
Event: 21.127 Thread 0x0000013f549a5050 nmethod 4430 0x0000013f4d3c5010 code [0x0000013f4d3c5200, 0x0000013f4d3c5698]
Event: 21.148 Thread 0x0000013f549a5050 4431       1       net.bytebuddy.description.TypeVariableSource$AbstractBase::<init> (5 bytes)
Event: 21.148 Thread 0x0000013f549a5050 nmethod 4431 0x0000013f4d3c5c10 code [0x0000013f4d3c5da0, 0x0000013f4d3c5e58]
Event: 21.156 Thread 0x0000013f549a5050 4432       1       jdk.internal.reflect.MethodAccessorImpl::<init> (5 bytes)
Event: 21.157 Thread 0x0000013f549a5050 nmethod 4432 0x0000013f4d3c5f10 code [0x0000013f4d3c60a0, 0x0000013f4d3c6158]
Event: 21.160 Thread 0x0000013f538ab7a0 4433       1       java.lang.reflect.Method::getMethodAccessor (5 bytes)
Event: 21.160 Thread 0x0000013f549a5050 4434       1       jdk.internal.reflect.NativeMethodAccessorImpl::setParent (6 bytes)
Event: 21.160 Thread 0x0000013f538ab7a0 nmethod 4433 0x0000013f4d3c6210 code [0x0000013f4d3c63a0, 0x0000013f4d3c6478]
Event: 21.160 Thread 0x0000013f549a5050 nmethod 4434 0x0000013f4d3c6510 code [0x0000013f4d3c66a0, 0x0000013f4d3c67b8]
Event: 21.160 Thread 0x0000013f549a5050 4435       1       java.lang.reflect.Method::setMethodAccessor (21 bytes)
Event: 21.161 Thread 0x0000013f538ab7a0 4436       1       net.bytebuddy.description.type.TypeDescription$ForLoadedType::of (30 bytes)
Event: 21.161 Thread 0x0000013f549a5050 nmethod 4435 0x0000013f4d3c6810 code [0x0000013f4d3c69c0, 0x0000013f4d3c6b88]
Event: 21.161 Thread 0x0000013f538ab7a0 nmethod 4436 0x0000013f4d3c6c90 code [0x0000013f4d3c6e40, 0x0000013f4d3c7068]

GC Heap History (20 events):
Event: 12.394 GC heap before
{Heap before GC invocations=11 (full 0):
 garbage-first heap   total 34816K, used 26397K [0x00000000ccc00000, 0x0000000100000000)
  region size 1024K, 14 young (14336K), 2 survivors (2048K)
 Metaspace       used 34431K, committed 34816K, reserved 1081344K
  class space    used 4338K, committed 4480K, reserved 1048576K
}
Event: 12.416 GC heap after
{Heap after GC invocations=12 (full 0):
 garbage-first heap   total 34816K, used 15306K [0x00000000ccc00000, 0x0000000100000000)
  region size 1024K, 2 young (2048K), 2 survivors (2048K)
 Metaspace       used 34431K, committed 34816K, reserved 1081344K
  class space    used 4338K, committed 4480K, reserved 1048576K
}
Event: 13.085 GC heap before
{Heap before GC invocations=12 (full 0):
 garbage-first heap   total 34816K, used 21450K [0x00000000ccc00000, 0x0000000100000000)
  region size 1024K, 10 young (10240K), 2 survivors (2048K)
 Metaspace       used 35769K, committed 36160K, reserved 1081344K
  class space    used 4490K, committed 4672K, reserved 1048576K
}
Event: 13.093 GC heap after
{Heap after GC invocations=13 (full 0):
 garbage-first heap   total 41984K, used 16367K [0x00000000ccc00000, 0x0000000100000000)
  region size 1024K, 1 young (1024K), 1 survivors (1024K)
 Metaspace       used 35769K, committed 36160K, reserved 1081344K
  class space    used 4490K, committed 4672K, reserved 1048576K
}
Event: 14.968 GC heap before
{Heap before GC invocations=14 (full 0):
 garbage-first heap   total 41984K, used 31727K [0x00000000ccc00000, 0x0000000100000000)
  region size 1024K, 16 young (16384K), 1 survivors (1024K)
 Metaspace       used 38078K, committed 38464K, reserved 1089536K
  class space    used 4812K, committed 4992K, reserved 1048576K
}
Event: 14.980 GC heap after
{Heap after GC invocations=15 (full 0):
 garbage-first heap   total 41984K, used 17360K [0x00000000ccc00000, 0x0000000100000000)
  region size 1024K, 2 young (2048K), 2 survivors (2048K)
 Metaspace       used 38078K, committed 38464K, reserved 1089536K
  class space    used 4812K, committed 4992K, reserved 1048576K
}
Event: 15.231 GC heap before
{Heap before GC invocations=15 (full 0):
 garbage-first heap   total 41984K, used 18384K [0x00000000ccc00000, 0x0000000100000000)
  region size 1024K, 3 young (3072K), 2 survivors (2048K)
 Metaspace       used 38251K, committed 38656K, reserved 1089536K
  class space    used 4842K, committed 5056K, reserved 1048576K
}
Event: 15.241 GC heap after
{Heap after GC invocations=16 (full 0):
 garbage-first heap   total 41984K, used 17390K [0x00000000ccc00000, 0x0000000100000000)
  region size 1024K, 1 young (1024K), 1 survivors (1024K)
 Metaspace       used 38251K, committed 38656K, reserved 1089536K
  class space    used 4842K, committed 5056K, reserved 1048576K
}
Event: 16.721 GC heap before
{Heap before GC invocations=16 (full 0):
 garbage-first heap   total 41984K, used 31726K [0x00000000ccc00000, 0x0000000100000000)
  region size 1024K, 15 young (15360K), 1 survivors (1024K)
 Metaspace       used 41473K, committed 41920K, reserved 1089536K
  class space    used 5365K, committed 5568K, reserved 1048576K
}
Event: 16.725 GC heap after
{Heap after GC invocations=17 (full 0):
 garbage-first heap   total 41984K, used 17714K [0x00000000ccc00000, 0x0000000100000000)
  region size 1024K, 1 young (1024K), 1 survivors (1024K)
 Metaspace       used 41473K, committed 41920K, reserved 1089536K
  class space    used 5365K, committed 5568K, reserved 1048576K
}
Event: 17.820 GC heap before
{Heap before GC invocations=17 (full 0):
 garbage-first heap   total 41984K, used 32050K [0x00000000ccc00000, 0x0000000100000000)
  region size 1024K, 15 young (15360K), 1 survivors (1024K)
 Metaspace       used 47688K, committed 48128K, reserved 1097728K
  class space    used 6127K, committed 6336K, reserved 1048576K
}
Event: 17.828 GC heap after
{Heap after GC invocations=18 (full 0):
 garbage-first heap   total 41984K, used 19338K [0x00000000ccc00000, 0x0000000100000000)
  region size 1024K, 2 young (2048K), 2 survivors (2048K)
 Metaspace       used 47688K, committed 48128K, reserved 1097728K
  class space    used 6127K, committed 6336K, reserved 1048576K
}
Event: 18.943 GC heap before
{Heap before GC invocations=18 (full 0):
 garbage-first heap   total 41984K, used 32650K [0x00000000ccc00000, 0x0000000100000000)
  region size 1024K, 15 young (15360K), 2 survivors (2048K)
 Metaspace       used 50801K, committed 51264K, reserved 1097728K
  class space    used 6542K, committed 6784K, reserved 1048576K
}
Event: 18.951 GC heap after
{Heap after GC invocations=19 (full 0):
 garbage-first heap   total 41984K, used 20320K [0x00000000ccc00000, 0x0000000100000000)
  region size 1024K, 1 young (1024K), 1 survivors (1024K)
 Metaspace       used 50801K, committed 51264K, reserved 1097728K
  class space    used 6542K, committed 6784K, reserved 1048576K
}
Event: 19.964 GC heap before
{Heap before GC invocations=19 (full 0):
 garbage-first heap   total 41984K, used 32608K [0x00000000ccc00000, 0x0000000100000000)
  region size 1024K, 13 young (13312K), 1 survivors (1024K)
 Metaspace       used 53543K, committed 54016K, reserved 1097728K
  class space    used 6923K, committed 7168K, reserved 1048576K
}
Event: 19.971 GC heap after
{Heap after GC invocations=20 (full 0):
 garbage-first heap   total 41984K, used 20955K [0x00000000ccc00000, 0x0000000100000000)
  region size 1024K, 2 young (2048K), 2 survivors (2048K)
 Metaspace       used 53543K, committed 54016K, reserved 1097728K
  class space    used 6923K, committed 7168K, reserved 1048576K
}
Event: 21.057 GC heap before
{Heap before GC invocations=21 (full 0):
 garbage-first heap   total 41984K, used 32219K [0x00000000ccc00000, 0x0000000100000000)
  region size 1024K, 14 young (14336K), 2 survivors (2048K)
 Metaspace       used 57090K, committed 57536K, reserved 1105920K
  class space    used 7530K, committed 7744K, reserved 1048576K
}
Event: 21.065 GC heap after
{Heap after GC invocations=22 (full 0):
 garbage-first heap   total 41984K, used 21456K [0x00000000ccc00000, 0x0000000100000000)
  region size 1024K, 2 young (2048K), 2 survivors (2048K)
 Metaspace       used 57090K, committed 57536K, reserved 1105920K
  class space    used 7530K, committed 7744K, reserved 1048576K
}
Event: 21.128 GC heap before
{Heap before GC invocations=22 (full 0):
 garbage-first heap   total 41984K, used 22480K [0x00000000ccc00000, 0x0000000100000000)
  region size 1024K, 3 young (3072K), 2 survivors (2048K)
 Metaspace       used 57305K, committed 57792K, reserved 1105920K
  class space    used 7583K, committed 7808K, reserved 1048576K
}
Event: 21.138 GC heap after
{Heap after GC invocations=23 (full 0):
 garbage-first heap   total 41984K, used 21509K [0x00000000ccc00000, 0x0000000100000000)
  region size 1024K, 1 young (1024K), 1 survivors (1024K)
 Metaspace       used 57305K, committed 57792K, reserved 1105920K
  class space    used 7583K, committed 7808K, reserved 1048576K
}

Dll operation events (9 events):
Event: 0.013 Loaded shared library E:\sts-4.18.0.RELEASE\plugins\org.eclipse.justj.openjdk.hotspot.jre.full.win32.x86_64_17.0.6.v20230204-1729\jre\bin\java.dll
Event: 0.817 Loaded shared library E:\sts-4.18.0.RELEASE\plugins\org.eclipse.justj.openjdk.hotspot.jre.full.win32.x86_64_17.0.6.v20230204-1729\jre\bin\jimage.dll
Event: 1.175 Loaded shared library E:\sts-4.18.0.RELEASE\plugins\org.eclipse.justj.openjdk.hotspot.jre.full.win32.x86_64_17.0.6.v20230204-1729\jre\bin\net.dll
Event: 1.206 Loaded shared library E:\sts-4.18.0.RELEASE\plugins\org.eclipse.justj.openjdk.hotspot.jre.full.win32.x86_64_17.0.6.v20230204-1729\jre\bin\nio.dll
Event: 1.215 Loaded shared library E:\sts-4.18.0.RELEASE\plugins\org.eclipse.justj.openjdk.hotspot.jre.full.win32.x86_64_17.0.6.v20230204-1729\jre\bin\zip.dll
Event: 1.584 Loaded shared library E:\sts-4.18.0.RELEASE\plugins\org.eclipse.justj.openjdk.hotspot.jre.full.win32.x86_64_17.0.6.v20230204-1729\jre\bin\management.dll
Event: 1.612 Loaded shared library E:\sts-4.18.0.RELEASE\plugins\org.eclipse.justj.openjdk.hotspot.jre.full.win32.x86_64_17.0.6.v20230204-1729\jre\bin\management_ext.dll
Event: 5.673 Loaded shared library E:\sts-4.18.0.RELEASE\plugins\org.eclipse.justj.openjdk.hotspot.jre.full.win32.x86_64_17.0.6.v20230204-1729\jre\bin\verify.dll
Event: 12.575 Loaded shared library E:\sts-4.18.0.RELEASE\plugins\org.eclipse.justj.openjdk.hotspot.jre.full.win32.x86_64_17.0.6.v20230204-1729\jre\bin\sunmscapi.dll

Deoptimization events (4 events):
Event: 6.260 Thread 0x0000013f54edec80 DEOPT PACKING pc=0x0000013f4d00eb19 sp=0x0000000b5befc8d0
Event: 6.260 Thread 0x0000013f54edec80 DEOPT UNPACKING pc=0x0000013f4cba7143 sp=0x0000000b5befbdb0 mode 3
Event: 13.665 Thread 0x0000013f54edec80 DEOPT PACKING pc=0x0000013f4d26257d sp=0x0000000b5befba40
Event: 13.665 Thread 0x0000013f54edec80 DEOPT UNPACKING pc=0x0000013f4cba7143 sp=0x0000000b5befafa8 mode 3

Classes unloaded (0 events):
No events

Classes redefined (0 events):
No events

Internal exceptions (20 events):
Event: 11.961 Thread 0x0000013f54edec80 Exception <a 'java/lang/NoSuchMethodError'{0x00000000ce851a40}: 'void java.lang.invoke.DirectMethodHandle$Holder.invokeStatic(java.lang.Object, int, java.lang.Object)'> (0x00000000ce851a40) 
thrown [s\src\hotspot\share\interpreter\linkResolver.cpp, line 759]
Event: 12.664 Thread 0x0000013f54edec80 Exception <a 'sun/nio/fs/WindowsException'{0x00000000ce8b7508}> (0x00000000ce8b7508) 
thrown [s\src\hotspot\share\prims\jni.cpp, line 516]
Event: 12.666 Thread 0x0000013f54edec80 Exception <a 'sun/nio/fs/WindowsException'{0x00000000ce8bcfc0}> (0x00000000ce8bcfc0) 
thrown [s\src\hotspot\share\prims\jni.cpp, line 516]
Event: 12.666 Thread 0x0000013f54edec80 Exception <a 'sun/nio/fs/WindowsException'{0x00000000ce8bd6b8}> (0x00000000ce8bd6b8) 
thrown [s\src\hotspot\share\prims\jni.cpp, line 516]
Event: 12.980 Thread 0x0000013f54edec80 Exception <a 'java/lang/NoSuchMethodError'{0x00000000ce7c9560}: 'java.lang.Object java.lang.invoke.DirectMethodHandle$Holder.invokeSpecial(java.lang.Object, java.lang.Object, long, java.lang.Object, java.lang.Object, java.lang.Object, java.lang.Object, java.lang.Object, java.lang.Object)'> (0x00000000ce7c9560) 
thrown [s\src\hotspot\share\interpreter\linkResolver.cpp, line 759]
Event: 12.980 Thread 0x0000013f54edec80 Exception <a 'java/lang/NoSuchMethodError'{0x00000000ce7ce0a8}: 'java.lang.Object java.lang.invoke.DelegatingMethodHandle$Holder.reinvoke_L(java.lang.Object, long, java.lang.Object, java.lang.Object, java.lang.Object, java.lang.Object, java.lang.Object, java.lang.Object)'> (0x00000000ce7ce0a8) 
thrown [s\src\hotspot\share\interpreter\linkResolver.cpp, line 759]
Event: 12.982 Thread 0x0000013f54edec80 Exception <a 'java/lang/NoSuchMethodError'{0x00000000ce7dad50}: 'java.lang.Object java.lang.invoke.Invokers$Holder.linkToTargetMethod(java.lang.Object, java.lang.Object, java.lang.Object, java.lang.Object, java.lang.Object, java.lang.Object, java.lang.Object)'> (0x00000000ce7dad50) 
thrown [s\src\hotspot\share\interpreter\linkResolver.cpp, line 759]
Event: 13.336 Thread 0x0000013f54edec80 Exception <a 'java/io/FileNotFoundException'{0x00000000cf321658}> (0x00000000cf321658) 
thrown [s\src\hotspot\share\prims\jni.cpp, line 516]
Event: 13.532 Thread 0x0000013f54edec80 Exception <a 'java/lang/NoSuchMethodError'{0x00000000cf24b238}: 'int java.lang.invoke.DirectMethodHandle$Holder.invokeInterface(java.lang.Object, java.lang.Object, java.lang.Object, java.lang.Object)'> (0x00000000cf24b238) 
thrown [s\src\hotspot\share\interpreter\linkResolver.cpp, line 759]
Event: 13.695 Thread 0x0000013f54edec80 Exception <a 'java/lang/NoSuchMethodError'{0x00000000cf057b40}: 'long java.lang.invoke.DirectMethodHandle$Holder.invokeVirtual(java.lang.Object, java.lang.Object)'> (0x00000000cf057b40) 
thrown [s\src\hotspot\share\interpreter\linkResolver.cpp, line 759]
Event: 13.707 Thread 0x0000013f54edec80 Exception <a 'java/io/FileNotFoundException'{0x00000000cf0882e0}> (0x00000000cf0882e0) 
thrown [s\src\hotspot\share\prims\jni.cpp, line 516]
Event: 17.624 Thread 0x0000013f54edec80 Exception <a 'sun/nio/fs/WindowsException'{0x00000000ce9d8108}> (0x00000000ce9d8108) 
thrown [s\src\hotspot\share\prims\jni.cpp, line 516]
Event: 17.639 Thread 0x0000013f54edec80 Exception <a 'java/lang/NoSuchMethodError'{0x00000000ce9f90f8}: 'int java.lang.invoke.DirectMethodHandle$Holder.invokeStaticInit(java.lang.Object, java.lang.Object, java.lang.Object, java.lang.Object)'> (0x00000000ce9f90f8) 
thrown [s\src\hotspot\share\interpreter\linkResolver.cpp, line 759]
Event: 18.789 Thread 0x0000013f54edec80 Exception <a 'java/lang/NoSuchMethodError'{0x00000000ceb42428}: 'java.lang.Object java.lang.invoke.DirectMethodHandle$Holder.invokeStaticInit(java.lang.Object, java.lang.Object, java.lang.Object, java.lang.Object)'> (0x00000000ceb42428) 
thrown [s\src\hotspot\share\interpreter\linkResolver.cpp, line 759]
Event: 19.218 Thread 0x0000013f54edec80 Exception <a 'java/lang/NoSuchMethodError'{0x00000000cf2f6b58}: 'java.lang.Object java.lang.invoke.DirectMethodHandle$Holder.newInvokeSpecial(java.lang.Object, java.lang.Object, java.lang.Object, int)'> (0x00000000cf2f6b58) 
thrown [s\src\hotspot\share\interpreter\linkResolver.cpp, line 759]
Event: 19.219 Thread 0x0000013f54edec80 Exception <a 'java/lang/NoSuchMethodError'{0x00000000cf2fae40}: 'java.lang.Object java.lang.invoke.DirectMethodHandle$Holder.invokeSpecial(java.lang.Object, java.lang.Object, java.lang.Object, java.lang.Object, int)'> (0x00000000cf2fae40) 
thrown [s\src\hotspot\share\interpreter\linkResolver.cpp, line 759]
Event: 19.219 Thread 0x0000013f54edec80 Exception <a 'java/lang/NoSuchMethodError'{0x00000000cf2fea08}: 'java.lang.Object java.lang.invoke.Invokers$Holder.linkToTargetMethod(java.lang.Object, java.lang.Object, int, java.lang.Object)'> (0x00000000cf2fea08) 
thrown [s\src\hotspot\share\interpreter\linkResolver.cpp, line 759]
Event: 20.377 Thread 0x0000013f54edec80 Exception <a 'java/lang/NoSuchMethodError'{0x00000000cf009fc0}: 'java.lang.Object java.lang.invoke.DirectMethodHandle$Holder.invokeStatic(java.lang.Object, java.lang.Object, int, java.lang.Object)'> (0x00000000cf009fc0) 
thrown [s\src\hotspot\share\interpreter\linkResolver.cpp, line 759]
Event: 20.377 Thread 0x0000013f54edec80 Exception <a 'java/lang/NoSuchMethodError'{0x00000000cf00da58}: 'java.lang.Object java.lang.invoke.DirectMethodHandle$Holder.invokeStaticInit(java.lang.Object, java.lang.Object, int, java.lang.Object)'> (0x00000000cf00da58) 
thrown [s\src\hotspot\share\interpreter\linkResolver.cpp, line 759]
Event: 20.464 Thread 0x0000013f54edec80 Exception <a 'java/lang/IncompatibleClassChangeError'{0x00000000cef66270}: Found class java.lang.Object, but interface was expected> (0x00000000cef66270) 
thrown [s\src\hotspot\share\interpreter\linkResolver.cpp, line 826]

VM Operations (20 events):
Event: 17.819 Executing VM operation: G1CollectForAllocation
Event: 17.828 Executing VM operation: G1CollectForAllocation done
Event: 17.870 Executing VM operation: HandshakeAllThreads
Event: 17.870 Executing VM operation: HandshakeAllThreads done
Event: 18.870 Executing VM operation: Cleanup
Event: 18.870 Executing VM operation: Cleanup done
Event: 18.943 Executing VM operation: G1CollectForAllocation
Event: 18.951 Executing VM operation: G1CollectForAllocation done
Event: 19.951 Executing VM operation: Cleanup
Event: 19.951 Executing VM operation: Cleanup done
Event: 19.964 Executing VM operation: G1CollectForAllocation
Event: 19.971 Executing VM operation: G1CollectForAllocation done
Event: 20.027 Executing VM operation: G1Concurrent
Event: 20.033 Executing VM operation: G1Concurrent done
Event: 20.057 Executing VM operation: G1Concurrent
Event: 20.057 Executing VM operation: G1Concurrent done
Event: 21.057 Executing VM operation: G1CollectForAllocation
Event: 21.065 Executing VM operation: G1CollectForAllocation done
Event: 21.127 Executing VM operation: G1CollectForAllocation
Event: 21.138 Executing VM operation: G1CollectForAllocation done

Events (20 events):
Event: 19.615 loading class javax/naming/RefAddr
Event: 19.615 loading class javax/naming/RefAddr done
Event: 19.615 loading class javax/naming/StringRefAddr
Event: 19.615 loading class javax/naming/StringRefAddr done
Event: 19.685 loading class java/util/concurrent/CompletionStage
Event: 19.685 loading class java/util/concurrent/CompletionStage done
Event: 19.687 loading class java/util/concurrent/CompletableFuture
Event: 19.689 loading class java/util/concurrent/CompletableFuture done
Event: 19.690 loading class java/util/concurrent/CompletableFuture$AltResult
Event: 19.690 loading class java/util/concurrent/CompletableFuture$AltResult done
Event: 19.690 loading class java/util/concurrent/CompletableFuture$ThreadPerTaskExecutor
Event: 19.690 loading class java/util/concurrent/CompletableFuture$ThreadPerTaskExecutor done
Event: 19.690 loading class java/util/concurrent/CompletableFuture$Completion
Event: 19.690 loading class java/util/concurrent/CompletableFuture$AsynchronousCompletionTask
Event: 19.690 loading class java/util/concurrent/CompletableFuture$AsynchronousCompletionTask done
Event: 19.690 loading class java/util/concurrent/ForkJoinTask
Event: 19.691 loading class java/util/concurrent/ForkJoinTask done
Event: 19.691 loading class java/util/concurrent/CompletableFuture$Completion done
Event: 19.935 loading class java/util/concurrent/CancellationException
Event: 19.935 loading class java/util/concurrent/CancellationException done


Dynamic libraries:
0x00007ff689c10000 - 0x00007ff689c1e000 	E:\sts-4.18.0.RELEASE\plugins\org.eclipse.justj.openjdk.hotspot.jre.full.win32.x86_64_17.0.6.v20230204-1729\jre\bin\javaw.exe
0x00007ffe03970000 - 0x00007ffe03b68000 	C:\WINDOWS\SYSTEM32\ntdll.dll
0x00007ffe02360000 - 0x00007ffe0241f000 	C:\WINDOWS\System32\KERNEL32.DLL
0x00007ffe016e0000 - 0x00007ffe019b2000 	C:\WINDOWS\System32\KERNELBASE.dll
0x00007ffe010a0000 - 0x00007ffe011a0000 	C:\WINDOWS\System32\ucrtbase.dll
0x00007ffdf7ca0000 - 0x00007ffdf7cb7000 	E:\sts-4.18.0.RELEASE\plugins\org.eclipse.justj.openjdk.hotspot.jre.full.win32.x86_64_17.0.6.v20230204-1729\jre\bin\jli.dll
0x00007ffe02530000 - 0x00007ffe026d1000 	C:\WINDOWS\System32\USER32.dll
0x00007ffe01070000 - 0x00007ffe01092000 	C:\WINDOWS\System32\win32u.dll
0x00007ffe02430000 - 0x00007ffe0245b000 	C:\WINDOWS\System32\GDI32.dll
0x00007ffe01410000 - 0x00007ffe0151f000 	C:\WINDOWS\System32\gdi32full.dll
0x00007ffe01210000 - 0x00007ffe012ad000 	C:\WINDOWS\System32\msvcp_win.dll
0x00007ffdf6600000 - 0x00007ffdf6619000 	E:\sts-4.18.0.RELEASE\plugins\org.eclipse.justj.openjdk.hotspot.jre.full.win32.x86_64_17.0.6.v20230204-1729\jre\bin\VCRUNTIME140.dll
0x00007ffdee730000 - 0x00007ffdee9ca000 	C:\WINDOWS\WinSxS\amd64_microsoft.windows.common-controls_6595b64144ccf1df_6.0.19041.1110_none_60b5254171f9507e\COMCTL32.dll
0x00007ffe031e0000 - 0x00007ffe0327e000 	C:\WINDOWS\System32\msvcrt.dll
0x00007ffe02950000 - 0x00007ffe02980000 	C:\WINDOWS\System32\IMM32.DLL
0x00007ffdf7c90000 - 0x00007ffdf7c9c000 	E:\sts-4.18.0.RELEASE\plugins\org.eclipse.justj.openjdk.hotspot.jre.full.win32.x86_64_17.0.6.v20230204-1729\jre\bin\vcruntime140_1.dll
0x00007ffdd7910000 - 0x00007ffdd79a1000 	E:\sts-4.18.0.RELEASE\plugins\org.eclipse.justj.openjdk.hotspot.jre.full.win32.x86_64_17.0.6.v20230204-1729\jre\bin\msvcp140.dll
0x00007ffdc9620000 - 0x00007ffdca267000 	E:\sts-4.18.0.RELEASE\plugins\org.eclipse.justj.openjdk.hotspot.jre.full.win32.x86_64_17.0.6.v20230204-1729\jre\bin\server\jvm.dll
0x00007ffe02460000 - 0x00007ffe0250e000 	C:\WINDOWS\System32\ADVAPI32.dll
0x00007ffe03140000 - 0x00007ffe031dc000 	C:\WINDOWS\System32\sechost.dll
0x00007ffe03340000 - 0x00007ffe03464000 	C:\WINDOWS\System32\RPCRT4.dll
0x00007ffdf7be0000 - 0x00007ffdf7be9000 	C:\WINDOWS\SYSTEM32\WSOCK32.dll
0x00007ffe019c0000 - 0x00007ffe01a2b000 	C:\WINDOWS\System32\WS2_32.dll
0x00007ffdf9b10000 - 0x00007ffdf9b37000 	C:\WINDOWS\SYSTEM32\WINMM.dll
0x00007ffdf9b40000 - 0x00007ffdf9b4a000 	C:\WINDOWS\SYSTEM32\VERSION.dll
0x00007ffdfef50000 - 0x00007ffdfef62000 	C:\WINDOWS\SYSTEM32\kernel.appcore.dll
0x00007ffdf2790000 - 0x00007ffdf279a000 	E:\sts-4.18.0.RELEASE\plugins\org.eclipse.justj.openjdk.hotspot.jre.full.win32.x86_64_17.0.6.v20230204-1729\jre\bin\jimage.dll
0x00007ffdf37d0000 - 0x00007ffdf39b4000 	C:\WINDOWS\SYSTEM32\DBGHELP.DLL
0x00007ffdf27a0000 - 0x00007ffdf27d5000 	C:\WINDOWS\SYSTEM32\dbgcore.DLL
0x00007ffe01520000 - 0x00007ffe015a2000 	C:\WINDOWS\System32\bcryptPrimitives.dll
0x00007ffde25b0000 - 0x00007ffde25d5000 	E:\sts-4.18.0.RELEASE\plugins\org.eclipse.justj.openjdk.hotspot.jre.full.win32.x86_64_17.0.6.v20230204-1729\jre\bin\java.dll
0x00007ffde7e60000 - 0x00007ffde7e78000 	E:\sts-4.18.0.RELEASE\plugins\org.eclipse.justj.openjdk.hotspot.jre.full.win32.x86_64_17.0.6.v20230204-1729\jre\bin\zip.dll
0x00007ffe01b60000 - 0x00007ffe022a5000 	C:\WINDOWS\System32\SHELL32.dll
0x00007ffdff150000 - 0x00007ffdff8e2000 	C:\WINDOWS\SYSTEM32\windows.storage.dll
0x00007ffe03570000 - 0x00007ffe038c5000 	C:\WINDOWS\System32\combase.dll
0x00007ffe009f0000 - 0x00007ffe00a20000 	C:\WINDOWS\SYSTEM32\Wldp.dll
0x00007ffe022b0000 - 0x00007ffe0235d000 	C:\WINDOWS\System32\SHCORE.dll
0x00007ffe02fa0000 - 0x00007ffe02ff5000 	C:\WINDOWS\System32\shlwapi.dll
0x00007ffe00fb0000 - 0x00007ffe00fcf000 	C:\WINDOWS\SYSTEM32\profapi.dll
0x00007ffde7c90000 - 0x00007ffde7ca9000 	E:\sts-4.18.0.RELEASE\plugins\org.eclipse.justj.openjdk.hotspot.jre.full.win32.x86_64_17.0.6.v20230204-1729\jre\bin\net.dll
0x00007ffdfc020000 - 0x00007ffdfc12a000 	C:\WINDOWS\SYSTEM32\WINHTTP.dll
0x00007ffe00750000 - 0x00007ffe007ba000 	C:\WINDOWS\system32\mswsock.dll
0x00007ffde7830000 - 0x00007ffde7845000 	E:\sts-4.18.0.RELEASE\plugins\org.eclipse.justj.openjdk.hotspot.jre.full.win32.x86_64_17.0.6.v20230204-1729\jre\bin\nio.dll
0x00007ffded6c0000 - 0x00007ffded6c9000 	E:\sts-4.18.0.RELEASE\plugins\org.eclipse.justj.openjdk.hotspot.jre.full.win32.x86_64_17.0.6.v20230204-1729\jre\bin\management.dll
0x00007ffded5d0000 - 0x00007ffded5db000 	E:\sts-4.18.0.RELEASE\plugins\org.eclipse.justj.openjdk.hotspot.jre.full.win32.x86_64_17.0.6.v20230204-1729\jre\bin\management_ext.dll
0x00007ffe03470000 - 0x00007ffe03478000 	C:\WINDOWS\System32\PSAPI.DLL
0x00007ffdf15a0000 - 0x00007ffdf15b7000 	C:\WINDOWS\system32\napinsp.dll
0x00007ffdf1580000 - 0x00007ffdf159b000 	C:\WINDOWS\system32\pnrpnsp.dll
0x00007ffde7c70000 - 0x00007ffde7c85000 	C:\WINDOWS\system32\wshbth.dll
0x00007ffdfca30000 - 0x00007ffdfca4d000 	C:\WINDOWS\system32\NLAapi.dll
0x00007ffe00440000 - 0x00007ffe0047b000 	C:\WINDOWS\SYSTEM32\IPHLPAPI.DLL
0x00007ffe00490000 - 0x00007ffe0055b000 	C:\WINDOWS\SYSTEM32\DNSAPI.dll
0x00007ffe02420000 - 0x00007ffe02428000 	C:\WINDOWS\System32\NSI.dll
0x00007ffded3c0000 - 0x00007ffded3d2000 	C:\WINDOWS\System32\winrnr.dll
0x00007ffdf57e0000 - 0x00007ffdf57ea000 	C:\Windows\System32\rasadhlp.dll
0x00007ffdf5700000 - 0x00007ffdf5780000 	C:\WINDOWS\System32\fwpuclnt.dll
0x00007ffe015b0000 - 0x00007ffe015d7000 	C:\WINDOWS\System32\bcrypt.dll
0x00007ffe00940000 - 0x00007ffe00958000 	C:\WINDOWS\SYSTEM32\CRYPTSP.dll
0x00007ffe00070000 - 0x00007ffe000a4000 	C:\WINDOWS\system32\rsaenh.dll
0x00007ffe00f30000 - 0x00007ffe00f5e000 	C:\WINDOWS\SYSTEM32\USERENV.dll
0x00007ffe00960000 - 0x00007ffe0096c000 	C:\WINDOWS\SYSTEM32\CRYPTBASE.dll
0x00007ffdf8ee0000 - 0x00007ffdf8ef7000 	C:\WINDOWS\SYSTEM32\dhcpcsvc6.DLL
0x00007ffdf8ec0000 - 0x00007ffdf8edd000 	C:\WINDOWS\SYSTEM32\dhcpcsvc.DLL
0x00007ffdf1500000 - 0x00007ffdf1510000 	E:\sts-4.18.0.RELEASE\plugins\org.eclipse.justj.openjdk.hotspot.jre.full.win32.x86_64_17.0.6.v20230204-1729\jre\bin\verify.dll
0x00007ffdee5d0000 - 0x00007ffdee5de000 	E:\sts-4.18.0.RELEASE\plugins\org.eclipse.justj.openjdk.hotspot.jre.full.win32.x86_64_17.0.6.v20230204-1729\jre\bin\sunmscapi.dll
0x00007ffe012b0000 - 0x00007ffe01406000 	C:\WINDOWS\System32\CRYPT32.dll
0x00007ffe00a60000 - 0x00007ffe00a87000 	C:\WINDOWS\SYSTEM32\ncrypt.dll
0x00007ffe00a20000 - 0x00007ffe00a5b000 	C:\WINDOWS\SYSTEM32\NTASN1.dll

dbghelp: loaded successfully - version: 4.0.5 - missing functions: none
symbol engine: initialized successfully - sym options: 0x614 - pdb path: .;E:\sts-4.18.0.RELEASE\plugins\org.eclipse.justj.openjdk.hotspot.jre.full.win32.x86_64_17.0.6.v20230204-1729\jre\bin;C:\WINDOWS\SYSTEM32;C:\WINDOWS\WinSxS\amd64_microsoft.windows.common-controls_6595b64144ccf1df_6.0.19041.1110_none_60b5254171f9507e;E:\sts-4.18.0.RELEASE\plugins\org.eclipse.justj.openjdk.hotspot.jre.full.win32.x86_64_17.0.6.v20230204-1729\jre\bin\server

VM Arguments:
jvm_args: -Dcom.sun.management.jmxremote -Dcom.sun.management.jmxremote.port=64323 -Dcom.sun.management.jmxremote.authenticate=false -Dcom.sun.management.jmxremote.ssl=false -Djava.rmi.server.hostname=localhost -Dspring.jmx.enabled=true -Dmanagement.endpoints.jmx.exposure.include=* -Dspring.application.admin.enabled=true -XX:TieredStopAtLevel=1 -Dspring.boot.project.name=Tp03-Grupo07 -Dfile.encoding=UTF-8 -XX:+ShowCodeDetailsInExceptionMessages 
java_command: ar.edu.unju.edm.Tp03Grupo07Application --spring.output.ansi.enabled=always
java_class_path (initial): C:\Users\Casimiro\git\TP03_Grupo07\Tp03-Grupo07\target\classes;C:\Users\Casimiro\.m2\repository\org\springframework\boot\spring-boot-starter-thymeleaf\3.0.6\spring-boot-starter-thymeleaf-3.0.6.jar;C:\Users\Casimiro\.m2\repository\org\springframework\boot\spring-boot-starter\3.0.6\spring-boot-starter-3.0.6.jar;C:\Users\Casimiro\.m2\repository\org\springframework\boot\spring-boot-starter-logging\3.0.6\spring-boot-starter-logging-3.0.6.jar;C:\Users\Casimiro\.m2\repository\ch\qos\logback\logback-classic\1.4.7\logback-classic-1.4.7.jar;C:\Users\Casimiro\.m2\repository\ch\qos\logback\logback-core\1.4.7\logback-core-1.4.7.jar;C:\Users\Casimiro\.m2\repository\org\apache\logging\log4j\log4j-to-slf4j\2.19.0\log4j-to-slf4j-2.19.0.jar;C:\Users\Casimiro\.m2\repository\org\apache\logging\log4j\log4j-api\2.19.0\log4j-api-2.19.0.jar;C:\Users\Casimiro\.m2\repository\org\slf4j\jul-to-slf4j\2.0.7\jul-to-slf4j-2.0.7.jar;C:\Users\Casimiro\.m2\repository\jakarta\annotation\jakarta.annotation-api\2.1.1\jakarta.annotation-api-2.1.1.jar;C:\Users\Casimiro\.m2\repository\org\yaml\snakeyaml\1.33\snakeyaml-1.33.jar;C:\Users\Casimiro\.m2\repository\org\thymeleaf\thymeleaf-spring6\3.1.1.RELEASE\thymeleaf-spring6-3.1.1.RELEASE.jar;C:\Users\Casimiro\.m2\repository\org\thymeleaf\thymeleaf\3.1.1.RELEASE\thymeleaf-3.1.1.RELEASE.jar;C:\Users\Casimiro\.m2\repository\org\attoparser\attoparser\2.0.6.RELEASE\attoparser-2.0.6.RELEASE.jar;C:\Users\Casimiro\.m2\repository\org\unbescape\unbescape\1.1.6.RELEASE\unbescape-1.1.6.RELEASE.jar;C:\Users\Casimiro\.m2\repository\org\slf4j\slf4j-api\2.0.7\slf4j-api-2.0.7.jar;C:\Users\Casimiro\.m2\repository\org\springframework\boot\spring-boot-starter-web\3.0.6\spring-boot-starter-web-3.0.6.jar;C:\Users\Casimiro\.m2\repository\org\springframework\boot\spring-boot-starter-json\3.0.6\spring-boot-starter-json-3.0.6.jar;C:\Users\Casimiro\.m2\repository\com\fasterxml\jackson\core\jackson-databind\2.14.2\jackson-databind-2.14.2.jar;C:\Users\Casimi
Launcher Type: SUN_STANDARD

[Global flags]
     intx CICompilerCount                          = 2                                         {product} {ergonomic}
     uint ConcGCThreads                            = 1                                         {product} {ergonomic}
     uint G1ConcRefinementThreads                  = 2                                         {product} {ergonomic}
   size_t G1HeapRegionSize                         = 1048576                                   {product} {ergonomic}
    uintx GCDrainStackTargetSize                   = 64                                        {product} {ergonomic}
   size_t InitialHeapSize                          = 54525952                                  {product} {ergonomic}
     bool ManagementServer                         = true                                      {product} {command line}
   size_t MarkStackSize                            = 4194304                                   {product} {ergonomic}
   size_t MaxHeapSize                              = 859832320                                 {product} {ergonomic}
   size_t MaxNewSize                               = 515899392                                 {product} {ergonomic}
   size_t MinHeapDeltaBytes                        = 1048576                                   {product} {ergonomic}
   size_t MinHeapSize                              = 8388608                                   {product} {ergonomic}
    uintx NonProfiledCodeHeapSize                  = 0                                      {pd product} {ergonomic}
     bool ProfileInterpreter                       = false                                  {pd product} {command line}
    uintx ProfiledCodeHeapSize                     = 0                                      {pd product} {ergonomic}
     bool ShowCodeDetailsInExceptionMessages       = true                                   {manageable} {command line}
   size_t SoftMaxHeapSize                          = 859832320                              {manageable} {ergonomic}
     intx TieredStopAtLevel                        = 1                                         {product} {command line}
     bool UseCompressedClassPointers               = true                           {product lp64_product} {ergonomic}
     bool UseCompressedOops                        = true                           {product lp64_product} {ergonomic}
     bool UseG1GC                                  = true                                      {product} {ergonomic}
     bool UseLargePagesIndividualAllocation        = false                                  {pd product} {ergonomic}

Logging:
Log output configuration:
 #0: stdout all=warning uptime,level,tags
 #1: stderr all=off uptime,level,tags

Environment Variables:
JAVA_HOME=C:\jdk-20
PATH=E:/sts-4.18.0.RELEASE//plugins/org.eclipse.justj.openjdk.hotspot.jre.full.win32.x86_64_17.0.6.v20230204-1729/jre/bin/server;E:/sts-4.18.0.RELEASE//plugins/org.eclipse.justj.openjdk.hotspot.jre.full.win32.x86_64_17.0.6.v20230204-1729/jre/bin;C:\Program Files\Common Files\Oracle\Java\javapath;C:\oraclexe\app\oracle\product\10.2.0\server\bin;C:\Program Files (x86)\Common Files\Oracle\Java\javapath;C:\WINDOWS\system32;C:\WINDOWS;C:\WINDOWS\System32\Wbem;C:\WINDOWS\System32\WindowsPowerShell\v1.0\;C:\Program Files (x86)\ATI Technologies\ATI.ACE\Core-Static;C:\Program Files\TortoiseSVN\bin;C:\WINDOWS\System32\OpenSSH\;C:\jdk-20\bin;C:\Users\Casimiro\AppData\Local\Microsoft\WindowsApps;;E:\sts-4.18.0.RELEASE;
USERNAME=Casimiro
OS=Windows_NT
PROCESSOR_IDENTIFIER=AMD64 Family 21 Model 19 Stepping 1, AuthenticAMD
TMP=C:\Users\Casimiro\AppData\Local\Temp
TEMP=C:\Users\Casimiro\AppData\Local\Temp



---------------  S Y S T E M  ---------------

OS:
 Windows 10 , 64 bit Build 19041 (10.0.19041.2546)
OS uptime: 0 days 4:52 hours

CPU: total 2 (initial active 2) (2 cores per cpu, 1 threads per core) family 21 model 19 stepping 1 microcode 0x0, cx8, cmov, fxsr, mmx, 3dnowpref, sse, sse2, sse3, ssse3, sse4a, sse4.1, sse4.2, popcnt, lzcnt, tsc, tscinvbit, avx, aes, clmul, bmi1, fma, vzeroupper, clflush

Memory: 4k page, system-wide physical 3274M (321M free)
TotalPageFile size 5274M (AvailPageFile size 1M)
current process WorkingSet (physical memory assigned to process): 164M, peak: 164M
current process commit charge ("private bytes"): 183M, peak: 183M

vm_info: OpenJDK 64-Bit Server VM (17.0.6+10) for windows-amd64 JRE (17.0.6+10), built on Jan 18 2023 10:08:59 by "temurin" with MS VC++ 16.7 (VS2019)

END.
