#
# There is insufficient memory for the Java Runtime Environment to continue.
# Native memory allocation (mmap) failed to map 2097152 bytes for G1 virtual space
# Possible reasons:
#   The system is out of physical RAM or swap space
#   The process is running with CompressedOops enabled, and the Java Heap may be blocking the growth of the native heap
# Possible solutions:
#   Reduce memory load on the system
#   Increase physical memory or swap space
#   Check if swap backing store is full
#   Decrease Java heap size (-Xmx/-Xms)
#   Decrease number of Java threads
#   Decrease Java thread stack sizes (-Xss)
#   Set larger code cache with -XX:ReservedCodeCacheSize=
#   JVM is running with Unscaled Compressed Oops mode in which the Java heap is
#     placed in the first 4GB address space. The Java Heap base address is the
#     maximum limit for the native heap growth. Please use -XX:HeapBaseMinAddress
#     to set the Java Heap base and to place the Java Heap above 4GB virtual address.
# This output file may be truncated or incomplete.
#
#  Out of Memory Error (os_windows.cpp:3557), pid=15268, tid=15408
#
# JRE version: OpenJDK Runtime Environment Temurin-17.0.6+10 (17.0.6+10) (build 17.0.6+10)
# Java VM: OpenJDK 64-Bit Server VM Temurin-17.0.6+10 (17.0.6+10, mixed mode, emulated-client, tiered, compressed oops, compressed class ptrs, g1 gc, windows-amd64)
# No core dump will be written. Minidumps are not enabled by default on client versions of Windows
#

---------------  S U M M A R Y ------------

Command Line: -Dcom.sun.management.jmxremote -Dcom.sun.management.jmxremote.port=59123 -Dcom.sun.management.jmxremote.authenticate=false -Dcom.sun.management.jmxremote.ssl=false -Djava.rmi.server.hostname=localhost -Dspring.jmx.enabled=true -Dmanagement.endpoints.jmx.exposure.include=* -Dspring.application.admin.enabled=true -XX:TieredStopAtLevel=1 -Dspring.boot.project.name=Tp03-Grupo07 -Dfile.encoding=UTF-8 -XX:+ShowCodeDetailsInExceptionMessages ar.edu.unju.edm.Tp03Grupo07Application --spring.output.ansi.enabled=always

Host: AMD A4-4000 APU with Radeon(tm) HD Graphics    , 2 cores, 3G,  Windows 10 , 64 bit Build 19041 (10.0.19041.2546)
Time: Mon May  1 23:36:18 2023 Hora estándar de Argentina elapsed time: 37.797297 seconds (0d 0h 0m 37s)

---------------  T H R E A D  ---------------

Current thread (0x00000291b2859b20):  VMThread "VM Thread" [stack: 0x000000e021700000,0x000000e021800000] [id=15408]

Stack: [0x000000e021700000,0x000000e021800000]
Native frames: (J=compiled Java code, j=interpreted, Vv=VM code, C=native code)
V  [jvm.dll+0x67741a]
V  [jvm.dll+0x834434]
V  [jvm.dll+0x835bde]
V  [jvm.dll+0x836243]
V  [jvm.dll+0x2457b5]
V  [jvm.dll+0x674329]
V  [jvm.dll+0x6689da]
V  [jvm.dll+0x30489b]
V  [jvm.dll+0x30bd96]
V  [jvm.dll+0x35b57e]
V  [jvm.dll+0x35b7af]
V  [jvm.dll+0x2db778]
V  [jvm.dll+0x2de806]
V  [jvm.dll+0x2e8ea8]
V  [jvm.dll+0x31cfe0]
V  [jvm.dll+0x83a6eb]
V  [jvm.dll+0x83b424]
V  [jvm.dll+0x83b93c]
V  [jvm.dll+0x83bd14]
V  [jvm.dll+0x83bde0]
V  [jvm.dll+0x7e483a]
V  [jvm.dll+0x6762c5]
C  [ucrtbase.dll+0x21bb2]
C  [KERNEL32.DLL+0x17614]
C  [ntdll.dll+0x526a1]

VM_Operation (0x000000e0213ff6f0): G1Concurrent, mode: safepoint, requested by thread 0x00000291a84cf750


---------------  P R O C E S S  ---------------

Threads class SMR info:
_java_thread_list=0x00000291b5a3e1f0, length=38, elements={
0x00000291b285cee0, 0x00000291b285dee0, 0x00000291b28a4290, 0x00000291b28a4cb0,
0x00000291b28a6d20, 0x00000291b28ac290, 0x00000291b28ada90, 0x00000291b28aeb30,
0x00000291a8557dd0, 0x00000291b3572810, 0x00000291b39a9800, 0x00000291b39ae690,
0x00000291b39a5af0, 0x00000291b3b5d4e0, 0x00000291b3b5ddb0, 0x00000291b3d83960,
0x00000291b3d4fcc0, 0x00000291b593c550, 0x00000291b593d890, 0x00000291b593c080,
0x00000291b593ca20, 0x00000291b593d3c0, 0x00000291b593cef0, 0x00000291b5b90700,
0x00000291b5b8ea20, 0x00000291b5b910a0, 0x00000291b5b8eef0, 0x00000291b5b90230,
0x00000291b5b90bd0, 0x00000291b5b8e080, 0x00000291b5b91570, 0x00000291b5b91a40,
0x00000291b5b8e550, 0x00000291b5b8f3c0, 0x00000291b5b8f890, 0x00000291b5b8fd60,
0x00000291b3a26a20, 0x00000291b3a2a3e0
}

Java Threads: ( => current thread )
  0x00000291b285cee0 JavaThread "Reference Handler" daemon [_thread_blocked, id=1748, stack(0x000000e021800000,0x000000e021900000)]
  0x00000291b285dee0 JavaThread "Finalizer" daemon [_thread_blocked, id=19012, stack(0x000000e021900000,0x000000e021a00000)]
  0x00000291b28a4290 JavaThread "Signal Dispatcher" daemon [_thread_blocked, id=1268, stack(0x000000e021a00000,0x000000e021b00000)]
  0x00000291b28a4cb0 JavaThread "Attach Listener" daemon [_thread_blocked, id=18708, stack(0x000000e021b00000,0x000000e021c00000)]
  0x00000291b28a6d20 JavaThread "Service Thread" daemon [_thread_blocked, id=15760, stack(0x000000e021c00000,0x000000e021d00000)]
  0x00000291b28ac290 JavaThread "Monitor Deflation Thread" daemon [_thread_blocked, id=4784, stack(0x000000e021d00000,0x000000e021e00000)]
  0x00000291b28ada90 JavaThread "C1 CompilerThread0" daemon [_thread_blocked, id=17488, stack(0x000000e021e00000,0x000000e021f00000)]
  0x00000291b28aeb30 JavaThread "Sweeper thread" daemon [_thread_blocked, id=18312, stack(0x000000e021f00000,0x000000e022000000)]
  0x00000291a8557dd0 JavaThread "Common-Cleaner" daemon [_thread_blocked, id=1328, stack(0x000000e022000000,0x000000e022100000)]
  0x00000291b3572810 JavaThread "Notification Thread" daemon [_thread_blocked, id=5592, stack(0x000000e022100000,0x000000e022200000)]
  0x00000291b39a9800 JavaThread "RMI TCP Accept-0" daemon [_thread_in_native, id=18188, stack(0x000000e022400000,0x000000e022500000)]
  0x00000291b39ae690 JavaThread "RMI TCP Accept-59123" daemon [_thread_in_native, id=18572, stack(0x000000e022500000,0x000000e022600000)]
  0x00000291b39a5af0 JavaThread "RMI TCP Accept-0" daemon [_thread_in_native, id=4460, stack(0x000000e022600000,0x000000e022700000)]
  0x00000291b3b5d4e0 JavaThread "RMI TCP Connection(1)-127.0.0.1" daemon [_thread_in_native, id=18844, stack(0x000000e022800000,0x000000e022900000)]
  0x00000291b3b5ddb0 JavaThread "RMI Scheduler(0)" daemon [_thread_blocked, id=18540, stack(0x000000e022900000,0x000000e022a00000)]
  0x00000291b3d83960 JavaThread "RMI TCP Connection(2)-127.0.0.1" daemon [_thread_in_native, id=18920, stack(0x000000e022a00000,0x000000e022b00000)]
  0x00000291b3d4fcc0 JavaThread "JMX server connection timeout 20" daemon [_thread_blocked, id=18248, stack(0x000000e022b00000,0x000000e022c00000)]
  0x00000291b593c550 JavaThread "Catalina-utility-1" [_thread_blocked, id=18092, stack(0x000000e022300000,0x000000e022400000)]
  0x00000291b593d890 JavaThread "Catalina-utility-2" [_thread_blocked, id=15288, stack(0x000000e022e00000,0x000000e022f00000)]
  0x00000291b593c080 JavaThread "container-0" [_thread_blocked, id=19020, stack(0x000000e022f00000,0x000000e023000000)]
  0x00000291b593ca20 JavaThread "File Watcher" daemon [_thread_blocked, id=3908, stack(0x000000e023200000,0x000000e023300000)]
  0x00000291b593d3c0 JavaThread "Live Reload Server" daemon [_thread_in_native, id=17796, stack(0x000000e023300000,0x000000e023400000)]
  0x00000291b593cef0 JavaThread "http-nio-8080-exec-1" daemon [_thread_blocked, id=6316, stack(0x000000e023400000,0x000000e023500000)]
  0x00000291b5b90700 JavaThread "http-nio-8080-exec-2" daemon [_thread_blocked, id=17212, stack(0x000000e023500000,0x000000e023600000)]
  0x00000291b5b8ea20 JavaThread "http-nio-8080-exec-3" daemon [_thread_blocked, id=5044, stack(0x000000e023600000,0x000000e023700000)]
  0x00000291b5b910a0 JavaThread "http-nio-8080-exec-4" daemon [_thread_blocked, id=14724, stack(0x000000e023700000,0x000000e023800000)]
  0x00000291b5b8eef0 JavaThread "http-nio-8080-exec-5" daemon [_thread_blocked, id=16600, stack(0x000000e023800000,0x000000e023900000)]
  0x00000291b5b90230 JavaThread "http-nio-8080-exec-6" daemon [_thread_blocked, id=18532, stack(0x000000e023900000,0x000000e023a00000)]
  0x00000291b5b90bd0 JavaThread "http-nio-8080-exec-7" daemon [_thread_blocked, id=17816, stack(0x000000e023a00000,0x000000e023b00000)]
  0x00000291b5b8e080 JavaThread "http-nio-8080-exec-8" daemon [_thread_blocked, id=7820, stack(0x000000e023b00000,0x000000e023c00000)]
  0x00000291b5b91570 JavaThread "http-nio-8080-exec-9" daemon [_thread_blocked, id=17172, stack(0x000000e023c00000,0x000000e023d00000)]
  0x00000291b5b91a40 JavaThread "http-nio-8080-exec-10" daemon [_thread_blocked, id=19348, stack(0x000000e023d00000,0x000000e023e00000)]
  0x00000291b5b8e550 JavaThread "http-nio-8080-Poller" daemon [_thread_blocked, id=18836, stack(0x000000e023e00000,0x000000e023f00000)]
  0x00000291b5b8f3c0 JavaThread "http-nio-8080-Acceptor" daemon [_thread_in_native, id=1324, stack(0x000000e023f00000,0x000000e024000000)]
  0x00000291b5b8f890 JavaThread "DestroyJavaVM" [_thread_blocked, id=12788, stack(0x000000e021100000,0x000000e021200000)]
  0x00000291b5b8fd60 JavaThread "RMI TCP Connection(3)-127.0.0.1" daemon [_thread_in_native, id=17108, stack(0x000000e022c00000,0x000000e022d00000)]
  0x00000291b3a26a20 JavaThread "RMI TCP Connection(4)-127.0.0.1" daemon [_thread_in_native, id=17268, stack(0x000000e022d00000,0x000000e022e00000)]
  0x00000291b3a2a3e0 JavaThread "RMI TCP Connection(5)-127.0.0.1" daemon [_thread_in_native, id=7680, stack(0x000000e024000000,0x000000e024100000)]

Other Threads:
=>0x00000291b2859b20 VMThread "VM Thread" [stack: 0x000000e021700000,0x000000e021800000] [id=15408]
  0x00000291a8491c40 WatcherThread [stack: 0x000000e022700000,0x000000e022800000] [id=4540]
  0x00000291a84c8280 GCTaskThread "GC Thread#0" [stack: 0x000000e021200000,0x000000e021300000] [id=1104]
  0x00000291b38fc830 GCTaskThread "GC Thread#1" [stack: 0x000000e022200000,0x000000e022300000] [id=12396]
  0x00000291a84cf750 ConcurrentGCThread "G1 Main Marker" [stack: 0x000000e021300000,0x000000e021400000] [id=17632]
  0x00000291a84d0810 ConcurrentGCThread "G1 Conc#0" [stack: 0x000000e021400000,0x000000e021500000] [id=18568]
  0x00000291a8504bb0 ConcurrentGCThread "G1 Refine#0" [stack: 0x000000e021500000,0x000000e021600000] [id=18828]
  0x00000291a85054e0 ConcurrentGCThread "G1 Service" [stack: 0x000000e021600000,0x000000e021700000] [id=7456]

Threads with active compile tasks:

VM state: at safepoint (normal execution)

VM Mutex/Monitor currently owned by a thread:  ([mutex/lock_event])
[0x00000291a848b8d0] Threads_lock - owner thread: 0x00000291b2859b20
[0x00000291a848a520] Heap_lock - owner thread: 0x00000291a84cf750

Heap address: 0x00000000ccc00000, size: 820 MB, Compressed Oops mode: 32-bit

CDS archive(s) not mapped
Compressed class space mapped at: 0x0000000100000000-0x0000000140000000, reserved size: 1073741824
Narrow klass base: 0x0000000000000000, Narrow klass shift: 3, Narrow klass range: 0x140000000

GC Precious Log:
 CPUs: 2 total, 2 available
 Memory: 3274M
 Large Page Support: Disabled
 NUMA Support: Disabled
 Compressed Oops: Enabled (32-bit)
 Heap Region Size: 1M
 Heap Min Capacity: 8M
 Heap Initial Capacity: 52M
 Heap Max Capacity: 820M
 Pre-touch: Disabled
 Parallel Workers: 2
 Concurrent Workers: 1
 Concurrent Refinement Workers: 2
 Periodic GC: Disabled

Heap:
 garbage-first heap   total 27648K, used 15748K [0x00000000ccc00000, 0x0000000100000000)
  region size 1024K, 2 young (2048K), 1 survivors (1024K)
 Metaspace       used 37016K, committed 37568K, reserved 1089536K
  class space    used 4635K, committed 4864K, reserved 1048576K

Heap Regions: E=young(eden), S=young(survivor), O=old, HS=humongous(starts), HC=humongous(continues), CS=collection set, F=free, OA=open archive, CA=closed archive, TAMS=top-at-mark-start (previous, next)
|   0|0x00000000ccc00000, 0x00000000ccd00000, 0x00000000ccd00000|100%| O|  |TAMS 0x00000000ccd00000, 0x00000000ccc00000| Untracked 
|   1|0x00000000ccd00000, 0x00000000cce00000, 0x00000000cce00000|100%| O|  |TAMS 0x00000000cce00000, 0x00000000ccd00000| Untracked 
|   2|0x00000000cce00000, 0x00000000ccf00000, 0x00000000ccf00000|100%| O|  |TAMS 0x00000000ccf00000, 0x00000000cce00000| Untracked 
|   3|0x00000000ccf00000, 0x00000000cd000000, 0x00000000cd000000|100%| O|  |TAMS 0x00000000cd000000, 0x00000000ccf00000| Untracked 
|   4|0x00000000cd000000, 0x00000000cd100000, 0x00000000cd100000|100%| O|  |TAMS 0x00000000cd100000, 0x00000000cd000000| Untracked 
|   5|0x00000000cd100000, 0x00000000cd200000, 0x00000000cd200000|100%| O|  |TAMS 0x00000000cd200000, 0x00000000cd100000| Updating 
|   6|0x00000000cd200000, 0x00000000cd300000, 0x00000000cd300000|100%| O|  |TAMS 0x00000000cd300000, 0x00000000cd200000| Updating 
|   7|0x00000000cd300000, 0x00000000cd400000, 0x00000000cd400000|100%| O|  |TAMS 0x00000000cd400000, 0x00000000cd300000| Updating 
|   8|0x00000000cd400000, 0x00000000cd500000, 0x00000000cd500000|100%| O|  |TAMS 0x00000000cd500000, 0x00000000cd400000| Untracked 
|   9|0x00000000cd500000, 0x00000000cd600000, 0x00000000cd600000|100%| O|  |TAMS 0x00000000cd600000, 0x00000000cd500000| Updating 
|  10|0x00000000cd600000, 0x00000000cd700000, 0x00000000cd700000|100%| O|  |TAMS 0x00000000cd700000, 0x00000000cd600000| Updating 
|  11|0x00000000cd700000, 0x00000000cd800000, 0x00000000cd800000|100%| O|  |TAMS 0x00000000cd800000, 0x00000000cd700000| Untracked 
|  12|0x00000000cd800000, 0x00000000cd900000, 0x00000000cd900000|100%| O|  |TAMS 0x00000000cd900000, 0x00000000cd800000| Updating 
|  13|0x00000000cd900000, 0x00000000cda00000, 0x00000000cda00000|100%| O|  |TAMS 0x00000000cda00000, 0x00000000cd900000| Updating 
|  14|0x00000000cda00000, 0x00000000cdad4400, 0x00000000cdb00000| 82%| O|  |TAMS 0x00000000cda2ca00, 0x00000000cda00000| Updating 
|  15|0x00000000cdb00000, 0x00000000cdb00000, 0x00000000cdc00000|  0%| F|  |TAMS 0x00000000cdb00000, 0x00000000cdb00000| Untracked 
|  16|0x00000000cdc00000, 0x00000000cdc00000, 0x00000000cdd00000|  0%| F|  |TAMS 0x00000000cdc00000, 0x00000000cdc00000| Untracked 
|  17|0x00000000cdd00000, 0x00000000cdd00000, 0x00000000cde00000|  0%| F|  |TAMS 0x00000000cdd00000, 0x00000000cdd00000| Untracked 
|  18|0x00000000cde00000, 0x00000000cde00000, 0x00000000cdf00000|  0%| F|  |TAMS 0x00000000cde00000, 0x00000000cde00000| Untracked 
|  19|0x00000000cdf00000, 0x00000000cdf00000, 0x00000000ce000000|  0%| F|  |TAMS 0x00000000cdf00000, 0x00000000cdf00000| Untracked 
|  20|0x00000000ce000000, 0x00000000ce000000, 0x00000000ce100000|  0%| F|  |TAMS 0x00000000ce000000, 0x00000000ce000000| Untracked 
|  21|0x00000000ce100000, 0x00000000ce18ce00, 0x00000000ce200000| 55%| S|CS|TAMS 0x00000000ce100000, 0x00000000ce100000| Complete 
|  22|0x00000000ce200000, 0x00000000ce200000, 0x00000000ce300000|  0%| F|  |TAMS 0x00000000ce200000, 0x00000000ce200000| Untracked 
|  23|0x00000000ce300000, 0x00000000ce300000, 0x00000000ce400000|  0%| F|  |TAMS 0x00000000ce300000, 0x00000000ce300000| Untracked 
|  24|0x00000000ce400000, 0x00000000ce400000, 0x00000000ce500000|  0%| F|  |TAMS 0x00000000ce400000, 0x00000000ce400000| Untracked 
|  25|0x00000000ce500000, 0x00000000ce500000, 0x00000000ce600000|  0%| F|  |TAMS 0x00000000ce500000, 0x00000000ce500000| Untracked 
|  51|0x00000000cff00000, 0x00000000cff03578, 0x00000000d0000000|  1%| E|  |TAMS 0x00000000cff00000, 0x00000000cff00000| Complete 

Card table byte_map: [0x00000291a8080000,0x00000291a8220000] _byte_map_base: 0x00000291a7a1a000

Marking Bits (Prev, Next): (CMBitMap*) 0x00000291a84c87e0, (CMBitMap*) 0x00000291a84c87a0
 Prev Bits: [0x00000291af820000, 0x00000291b04f0000)
 Next Bits: [0x00000291aeb50000, 0x00000291af820000)

Polling page: 0x00000291a62b0000

Metaspace:

Usage:
  Non-class:     31.62 MB used.
      Class:      4.53 MB used.
       Both:     36.15 MB used.

Virtual space:
  Non-class space:       40.00 MB reserved,      31.94 MB ( 80%) committed,  5 nodes.
      Class space:        1.00 GB reserved,       4.75 MB ( <1%) committed,  1 nodes.
             Both:        1.04 GB reserved,      36.69 MB (  3%) committed. 

Chunk freelists:
   Non-Class:  3.79 MB
       Class:  3.21 MB
        Both:  7.01 MB

MaxMetaspaceSize: unlimited
CompressedClassSpaceSize: 1.00 GB
Initial GC threshold: 21.00 MB
Current GC threshold: 58.38 MB
CDS: off
MetaspaceReclaimPolicy: balanced
 - commit_granule_bytes: 65536.
 - commit_granule_words: 8192.
 - virtual_space_node_default_size: 1048576.
 - enlarge_chunks_in_place: 1.
 - new_chunks_are_fully_committed: 0.
 - uncommit_free_chunks: 1.
 - use_allocation_guard: 0.
 - handle_deallocations: 1.


Internal statistics:

num_allocs_failed_limit: 3.
num_arena_births: 636.
num_arena_deaths: 92.
num_vsnodes_births: 6.
num_vsnodes_deaths: 0.
num_space_committed: 587.
num_space_uncommitted: 0.
num_chunks_returned_to_freelist: 120.
num_chunks_taken_from_freelist: 1693.
num_chunk_merges: 32.
num_chunk_splits: 1109.
num_chunks_enlarged: 760.
num_purges: 4.
num_inconsistent_stats: 0.

CodeCache: size=49152Kb used=6809Kb max_used=7032Kb free=42342Kb
 bounds [0x00000291abb50000, 0x00000291ac230000, 0x00000291aeb50000]
 total_blobs=4226 nmethods=3703 adapters=451
 compilation: enabled
              stopped_count=0, restarted_count=0
 full_count=0

Compilation events (20 events):
Event: 34.912 Thread 0x00000291b28ada90 3702       1       sun.rmi.server.UnicastRef::unmarshalValue (191 bytes)
Event: 34.914 Thread 0x00000291b28ada90 nmethod 3702 0x00000291ac1c7f90 code [0x00000291ac1c8320, 0x00000291ac1c9178]
Event: 34.914 Thread 0x00000291b28ada90 3704       1       java.io.ObjectInputStream$BlockDataInputStream::skipBlockData (32 bytes)
Event: 34.914 Thread 0x00000291b28ada90 nmethod 3704 0x00000291ac1c7b90 code [0x00000291ac1c7d40, 0x00000291ac1c7ed8]
Event: 34.914 Thread 0x00000291b28ada90 3703       1       java.io.ObjectInputStream::skipCustomData (105 bytes)
Event: 34.915 Thread 0x00000291b28ada90 nmethod 3703 0x00000291ac1c7210 code [0x00000291ac1c7420, 0x00000291ac1c7868]
Event: 35.042 Thread 0x00000291b28ada90 3705   !   1       jdk.internal.misc.ScopedMemoryAccess::copyMemory (31 bytes)
Event: 35.043 Thread 0x00000291b28ada90 nmethod 3705 0x00000291ac1c6c10 code [0x00000291ac1c6de0, 0x00000291ac1c7078]
Event: 35.043 Thread 0x00000291b28ada90 3706   !   1       jdk.internal.misc.ScopedMemoryAccess::copyMemoryInternal (60 bytes)
Event: 35.044 Thread 0x00000291b28ada90 nmethod 3706 0x00000291ac1c5e10 code [0x00000291ac1c6060, 0x00000291ac1c65d8]
Event: 36.352 Thread 0x00000291b28ada90 3707       1       java.io.File::equals (28 bytes)
Event: 36.353 Thread 0x00000291b28ada90 nmethod 3707 0x00000291ac1c5990 code [0x00000291ac1c5b40, 0x00000291ac1c5d08]
Event: 36.353 Thread 0x00000291b28ada90 3708       1       java.io.File::compareTo (9 bytes)
Event: 36.353 Thread 0x00000291b28ada90 nmethod 3708 0x00000291ac1c5610 code [0x00000291ac1c57a0, 0x00000291ac1c58a8]
Event: 36.353 Thread 0x00000291b28ada90 3709       1       java.io.WinNTFileSystem::compare (12 bytes)
Event: 36.353 Thread 0x00000291b28ada90 nmethod 3709 0x00000291ac1c5290 code [0x00000291ac1c5420, 0x00000291ac1c5528]
Event: 36.353 Thread 0x00000291b28ada90 3710       1       java.lang.String::compareToIgnoreCase (11 bytes)
Event: 36.354 Thread 0x00000291b28ada90 nmethod 3710 0x00000291ac1c4f90 code [0x00000291ac1c5120, 0x00000291ac1c5208]
Event: 37.420 Thread 0x00000291b28ada90 3711       1       org.springframework.boot.devtools.filewatch.FileSnapshot::hashCode (49 bytes)
Event: 37.420 Thread 0x00000291b28ada90 nmethod 3711 0x00000291ac1c4b10 code [0x00000291ac1c4cc0, 0x00000291ac1c4e58]

GC Heap History (20 events):
Event: 15.966 GC heap before
{Heap before GC invocations=6 (full 0):
 garbage-first heap   total 27648K, used 17737K [0x00000000ccc00000, 0x0000000100000000)
  region size 1024K, 13 young (13312K), 3 survivors (3072K)
 Metaspace       used 26524K, committed 26816K, reserved 1073152K
  class space    used 3148K, committed 3264K, reserved 1048576K
}
Event: 15.977 GC heap after
{Heap after GC invocations=7 (full 0):
 garbage-first heap   total 27648K, used 8400K [0x00000000ccc00000, 0x0000000100000000)
  region size 1024K, 2 young (2048K), 2 survivors (2048K)
 Metaspace       used 26524K, committed 26816K, reserved 1073152K
  class space    used 3148K, committed 3264K, reserved 1048576K
}
Event: 19.054 GC heap before
{Heap before GC invocations=7 (full 0):
 garbage-first heap   total 27648K, used 18640K [0x00000000ccc00000, 0x0000000100000000)
  region size 1024K, 12 young (12288K), 2 survivors (2048K)
 Metaspace       used 26969K, committed 27328K, reserved 1073152K
  class space    used 3229K, committed 3392K, reserved 1048576K
}
Event: 19.064 GC heap after
{Heap after GC invocations=8 (full 0):
 garbage-first heap   total 27648K, used 9534K [0x00000000ccc00000, 0x0000000100000000)
  region size 1024K, 2 young (2048K), 2 survivors (2048K)
 Metaspace       used 26969K, committed 27328K, reserved 1073152K
  class space    used 3229K, committed 3392K, reserved 1048576K
}
Event: 22.780 GC heap before
{Heap before GC invocations=8 (full 0):
 garbage-first heap   total 27648K, used 18750K [0x00000000ccc00000, 0x0000000100000000)
  region size 1024K, 11 young (11264K), 2 survivors (2048K)
 Metaspace       used 28118K, committed 28416K, reserved 1081344K
  class space    used 3396K, committed 3520K, reserved 1048576K
}
Event: 22.790 GC heap after
{Heap after GC invocations=9 (full 0):
 garbage-first heap   total 27648K, used 9744K [0x00000000ccc00000, 0x0000000100000000)
  region size 1024K, 2 young (2048K), 2 survivors (2048K)
 Metaspace       used 28118K, committed 28416K, reserved 1081344K
  class space    used 3396K, committed 3520K, reserved 1048576K
}
Event: 26.232 GC heap before
{Heap before GC invocations=9 (full 0):
 garbage-first heap   total 27648K, used 19984K [0x00000000ccc00000, 0x0000000100000000)
  region size 1024K, 12 young (12288K), 2 survivors (2048K)
 Metaspace       used 30226K, committed 30656K, reserved 1081344K
  class space    used 3685K, committed 3904K, reserved 1048576K
}
Event: 26.240 GC heap after
{Heap after GC invocations=10 (full 0):
 garbage-first heap   total 27648K, used 10618K [0x00000000ccc00000, 0x0000000100000000)
  region size 1024K, 2 young (2048K), 2 survivors (2048K)
 Metaspace       used 30226K, committed 30656K, reserved 1081344K
  class space    used 3685K, committed 3904K, reserved 1048576K
}
Event: 27.279 GC heap before
{Heap before GC invocations=10 (full 0):
 garbage-first heap   total 27648K, used 19834K [0x00000000ccc00000, 0x0000000100000000)
  region size 1024K, 11 young (11264K), 2 survivors (2048K)
 Metaspace       used 31638K, committed 32000K, reserved 1081344K
  class space    used 3912K, committed 4096K, reserved 1048576K
}
Event: 27.286 GC heap after
{Heap after GC invocations=11 (full 0):
 garbage-first heap   total 27648K, used 11581K [0x00000000ccc00000, 0x0000000100000000)
  region size 1024K, 2 young (2048K), 2 survivors (2048K)
 Metaspace       used 31638K, committed 32000K, reserved 1081344K
  class space    used 3912K, committed 4096K, reserved 1048576K
}
Event: 28.568 GC heap before
{Heap before GC invocations=11 (full 0):
 garbage-first heap   total 27648K, used 18749K [0x00000000ccc00000, 0x0000000100000000)
  region size 1024K, 10 young (10240K), 2 survivors (2048K)
 Metaspace       used 33133K, committed 33600K, reserved 1081344K
  class space    used 4075K, committed 4288K, reserved 1048576K
}
Event: 28.577 GC heap after
{Heap after GC invocations=12 (full 0):
 garbage-first heap   total 27648K, used 12708K [0x00000000ccc00000, 0x0000000100000000)
  region size 1024K, 2 young (2048K), 2 survivors (2048K)
 Metaspace       used 33133K, committed 33600K, reserved 1081344K
  class space    used 4075K, committed 4288K, reserved 1048576K
}
Event: 29.423 GC heap before
{Heap before GC invocations=12 (full 0):
 garbage-first heap   total 27648K, used 19876K [0x00000000ccc00000, 0x0000000100000000)
  region size 1024K, 9 young (9216K), 2 survivors (2048K)
 Metaspace       used 34213K, committed 34752K, reserved 1081344K
  class space    used 4235K, committed 4480K, reserved 1048576K
}
Event: 29.435 GC heap after
{Heap after GC invocations=13 (full 0):
 garbage-first heap   total 27648K, used 13585K [0x00000000ccc00000, 0x0000000100000000)
  region size 1024K, 1 young (1024K), 1 survivors (1024K)
 Metaspace       used 34213K, committed 34752K, reserved 1081344K
  class space    used 4235K, committed 4480K, reserved 1048576K
}
Event: 30.245 GC heap before
{Heap before GC invocations=13 (full 0):
 garbage-first heap   total 27648K, used 19729K [0x00000000ccc00000, 0x0000000100000000)
  region size 1024K, 8 young (8192K), 1 survivors (1024K)
 Metaspace       used 35377K, committed 35840K, reserved 1081344K
  class space    used 4397K, committed 4608K, reserved 1048576K
}
Event: 30.251 GC heap after
{Heap after GC invocations=14 (full 0):
 garbage-first heap   total 27648K, used 14617K [0x00000000ccc00000, 0x0000000100000000)
  region size 1024K, 1 young (1024K), 1 survivors (1024K)
 Metaspace       used 35377K, committed 35840K, reserved 1081344K
  class space    used 4397K, committed 4608K, reserved 1048576K
}
Event: 32.978 GC heap before
{Heap before GC invocations=15 (full 0):
 garbage-first heap   total 27648K, used 20761K [0x00000000ccc00000, 0x0000000100000000)
  region size 1024K, 7 young (7168K), 1 survivors (1024K)
 Metaspace       used 36332K, committed 36736K, reserved 1081344K
  class space    used 4538K, committed 4736K, reserved 1048576K
}
Event: 32.984 GC heap after
{Heap after GC invocations=16 (full 0):
 garbage-first heap   total 27648K, used 15208K [0x00000000ccc00000, 0x0000000100000000)
  region size 1024K, 1 young (1024K), 1 survivors (1024K)
 Metaspace       used 36332K, committed 36736K, reserved 1081344K
  class space    used 4538K, committed 4736K, reserved 1048576K
}
Event: 37.414 GC heap before
{Heap before GC invocations=16 (full 0):
 garbage-first heap   total 27648K, used 19304K [0x00000000ccc00000, 0x0000000100000000)
  region size 1024K, 6 young (6144K), 1 survivors (1024K)
 Metaspace       used 37064K, committed 37568K, reserved 1089536K
  class space    used 4646K, committed 4864K, reserved 1048576K
}
Event: 37.419 GC heap after
{Heap after GC invocations=17 (full 0):
 garbage-first heap   total 27648K, used 15748K [0x00000000ccc00000, 0x0000000100000000)
  region size 1024K, 1 young (1024K), 1 survivors (1024K)
 Metaspace       used 37064K, committed 37568K, reserved 1089536K
  class space    used 4646K, committed 4864K, reserved 1048576K
}

Dll operation events (8 events):
Event: 0.623 Loaded shared library E:\sts-4.18.0.RELEASE\plugins\org.eclipse.justj.openjdk.hotspot.jre.full.win32.x86_64_17.0.6.v20230204-1729\jre\bin\java.dll
Event: 0.948 Loaded shared library E:\sts-4.18.0.RELEASE\plugins\org.eclipse.justj.openjdk.hotspot.jre.full.win32.x86_64_17.0.6.v20230204-1729\jre\bin\jimage.dll
Event: 0.985 Loaded shared library E:\sts-4.18.0.RELEASE\plugins\org.eclipse.justj.openjdk.hotspot.jre.full.win32.x86_64_17.0.6.v20230204-1729\jre\bin\net.dll
Event: 0.989 Loaded shared library E:\sts-4.18.0.RELEASE\plugins\org.eclipse.justj.openjdk.hotspot.jre.full.win32.x86_64_17.0.6.v20230204-1729\jre\bin\nio.dll
Event: 1.001 Loaded shared library E:\sts-4.18.0.RELEASE\plugins\org.eclipse.justj.openjdk.hotspot.jre.full.win32.x86_64_17.0.6.v20230204-1729\jre\bin\zip.dll
Event: 1.132 Loaded shared library E:\sts-4.18.0.RELEASE\plugins\org.eclipse.justj.openjdk.hotspot.jre.full.win32.x86_64_17.0.6.v20230204-1729\jre\bin\management.dll
Event: 1.158 Loaded shared library E:\sts-4.18.0.RELEASE\plugins\org.eclipse.justj.openjdk.hotspot.jre.full.win32.x86_64_17.0.6.v20230204-1729\jre\bin\management_ext.dll
Event: 27.843 Loaded shared library E:\sts-4.18.0.RELEASE\plugins\org.eclipse.justj.openjdk.hotspot.jre.full.win32.x86_64_17.0.6.v20230204-1729\jre\bin\sunmscapi.dll

Deoptimization events (4 events):
Event: 10.581 Thread 0x00000291b3e1e1c0 DEOPT PACKING pc=0x00000291ac00c719 sp=0x000000e022dfc660
Event: 10.581 Thread 0x00000291b3e1e1c0 DEOPT UNPACKING pc=0x00000291abba7143 sp=0x000000e022dfbb40 mode 3
Event: 29.035 Thread 0x00000291b3e1e1c0 DEOPT PACKING pc=0x00000291ac0d417d sp=0x000000e022dfb800
Event: 29.035 Thread 0x00000291b3e1e1c0 DEOPT UNPACKING pc=0x00000291abba7143 sp=0x000000e022dfad68 mode 3

Classes unloaded (20 events):
Event: 37.472 Thread 0x00000291b2859b20 Unloading class 0x000000010038dc00 'java/lang/invoke/LambdaForm$MH+0x000000010038dc00'
Event: 37.472 Thread 0x00000291b2859b20 Unloading class 0x000000010038d800 'java/lang/invoke/LambdaForm$MH+0x000000010038d800'
Event: 37.472 Thread 0x00000291b2859b20 Unloading class 0x0000000100389800 'java/lang/invoke/LambdaForm$MH+0x0000000100389800'
Event: 37.472 Thread 0x00000291b2859b20 Unloading class 0x0000000100389400 'java/lang/invoke/LambdaForm$MH+0x0000000100389400'
Event: 37.472 Thread 0x00000291b2859b20 Unloading class 0x0000000100387000 'java/lang/invoke/LambdaForm$DMH+0x0000000100387000'
Event: 37.472 Thread 0x00000291b2859b20 Unloading class 0x0000000100386800 'java/lang/invoke/LambdaForm$DMH+0x0000000100386800'
Event: 37.472 Thread 0x00000291b2859b20 Unloading class 0x0000000100386000 'java/lang/invoke/LambdaForm$DMH+0x0000000100386000'
Event: 37.472 Thread 0x00000291b2859b20 Unloading class 0x0000000100384c00 'java/lang/invoke/LambdaForm$MH+0x0000000100384c00'
Event: 37.472 Thread 0x00000291b2859b20 Unloading class 0x0000000100383800 'java/lang/invoke/LambdaForm$MH+0x0000000100383800'
Event: 37.472 Thread 0x00000291b2859b20 Unloading class 0x0000000100383400 'java/lang/invoke/LambdaForm$MH+0x0000000100383400'
Event: 37.472 Thread 0x00000291b2859b20 Unloading class 0x0000000100383000 'java/lang/invoke/LambdaForm$MH+0x0000000100383000'
Event: 37.472 Thread 0x00000291b2859b20 Unloading class 0x0000000100382c00 'java/lang/invoke/LambdaForm$MH+0x0000000100382c00'
Event: 37.472 Thread 0x00000291b2859b20 Unloading class 0x0000000100380c00 'java/lang/invoke/LambdaForm$MH+0x0000000100380c00'
Event: 37.472 Thread 0x00000291b2859b20 Unloading class 0x0000000100380000 'java/lang/invoke/LambdaForm$DMH+0x0000000100380000'
Event: 37.472 Thread 0x00000291b2859b20 Unloading class 0x0000000100340800 'jdk/internal/reflect/GeneratedConstructorAccessor11'
Event: 37.472 Thread 0x00000291b2859b20 Unloading class 0x0000000100340400 'jdk/internal/reflect/GeneratedConstructorAccessor10'
Event: 37.472 Thread 0x00000291b2859b20 Unloading class 0x0000000100340000 'jdk/internal/reflect/GeneratedConstructorAccessor9'
Event: 37.472 Thread 0x00000291b2859b20 Unloading class 0x000000010033dc00 'jdk/internal/reflect/GeneratedConstructorAccessor8'
Event: 37.472 Thread 0x00000291b2859b20 Unloading class 0x000000010033c000 'jdk/internal/reflect/GeneratedConstructorAccessor7'
Event: 37.472 Thread 0x00000291b2859b20 Unloading class 0x0000000100188400 'java/lang/invoke/LambdaForm$MH+0x0000000100188400'

Classes redefined (0 events):
No events

Internal exceptions (20 events):
Event: 26.567 Thread 0x00000291b3e1e1c0 Exception <a 'java/lang/NoSuchMethodError'{0x00000000ce370b10}: 'void java.lang.invoke.DirectMethodHandle$Holder.invokeStatic(java.lang.Object, int, java.lang.Object)'> (0x00000000ce370b10) 
thrown [s\src\hotspot\share\interpreter\linkResolver.cpp, line 759]
Event: 28.032 Thread 0x00000291b3e1e1c0 Exception <a 'sun/nio/fs/WindowsException'{0x00000000ce1859c8}> (0x00000000ce1859c8) 
thrown [s\src\hotspot\share\prims\jni.cpp, line 516]
Event: 28.033 Thread 0x00000291b3e1e1c0 Exception <a 'sun/nio/fs/WindowsException'{0x00000000ce18b480}> (0x00000000ce18b480) 
thrown [s\src\hotspot\share\prims\jni.cpp, line 516]
Event: 28.033 Thread 0x00000291b3e1e1c0 Exception <a 'sun/nio/fs/WindowsException'{0x00000000ce18bb78}> (0x00000000ce18bb78) 
thrown [s\src\hotspot\share\prims\jni.cpp, line 516]
Event: 28.200 Thread 0x00000291b3e1e1c0 Exception <a 'java/lang/NoSuchMethodError'{0x00000000ce0a62d0}: 'java.lang.Object java.lang.invoke.DirectMethodHandle$Holder.invokeSpecial(java.lang.Object, java.lang.Object, long, java.lang.Object, java.lang.Object, java.lang.Object, java.lang.Object, java.lang.Object, java.lang.Object)'> (0x00000000ce0a62d0) 
thrown [s\src\hotspot\share\interpreter\linkResolver.cpp, line 759]
Event: 28.200 Thread 0x00000291b3e1e1c0 Exception <a 'java/lang/NoSuchMethodError'{0x00000000ce0aadf8}: 'java.lang.Object java.lang.invoke.DelegatingMethodHandle$Holder.reinvoke_L(java.lang.Object, long, java.lang.Object, java.lang.Object, java.lang.Object, java.lang.Object, java.lang.Object, java.lang.Object)'> (0x00000000ce0aadf8) 
thrown [s\src\hotspot\share\interpreter\linkResolver.cpp, line 759]
Event: 28.202 Thread 0x00000291b3e1e1c0 Exception <a 'java/lang/NoSuchMethodError'{0x00000000ce0b7aa0}: 'java.lang.Object java.lang.invoke.Invokers$Holder.linkToTargetMethod(java.lang.Object, java.lang.Object, java.lang.Object, java.lang.Object, java.lang.Object, java.lang.Object, java.lang.Object)'> (0x00000000ce0b7aa0) 
thrown [s\src\hotspot\share\interpreter\linkResolver.cpp, line 759]
Event: 28.644 Thread 0x00000291b3e1e1c0 Exception <a 'java/io/FileNotFoundException'{0x00000000cffc8518}> (0x00000000cffc8518) 
thrown [s\src\hotspot\share\prims\jni.cpp, line 516]
Event: 28.716 Thread 0x00000291b3e1e1c0 Exception <a 'java/lang/NoSuchMethodError'{0x00000000ce5bb0b8}: 'int java.lang.invoke.DirectMethodHandle$Holder.invokeInterface(java.lang.Object, java.lang.Object, java.lang.Object, java.lang.Object)'> (0x00000000ce5bb0b8) 
thrown [s\src\hotspot\share\interpreter\linkResolver.cpp, line 759]
Event: 29.079 Thread 0x00000291b3e1e1c0 Exception <a 'java/lang/NoSuchMethodError'{0x00000000ce37f560}: 'long java.lang.invoke.DirectMethodHandle$Holder.invokeVirtual(java.lang.Object, java.lang.Object)'> (0x00000000ce37f560) 
thrown [s\src\hotspot\share\interpreter\linkResolver.cpp, line 759]
Event: 29.095 Thread 0x00000291b3e1e1c0 Exception <a 'java/io/FileNotFoundException'{0x00000000ce3afd48}> (0x00000000ce3afd48) 
thrown [s\src\hotspot\share\prims\jni.cpp, line 516]
Event: 29.807 Thread 0x00000291b3e1e1c0 Exception <a 'java/lang/NoSuchMethodError'{0x00000000ce3f96e8}: 'void java.lang.invoke.DirectMethodHandle$Holder.invokeVirtual(java.lang.Object, java.lang.Object, int)'> (0x00000000ce3f96e8) 
thrown [s\src\hotspot\share\interpreter\linkResolver.cpp, line 759]
Event: 29.811 Thread 0x00000291b3e1e1c0 Exception <a 'java/lang/NoSuchMethodError'{0x00000000ce2140b0}: 'void java.lang.invoke.DirectMethodHandle$Holder.invokeVirtual(java.lang.Object, java.lang.Object, long)'> (0x00000000ce2140b0) 
thrown [s\src\hotspot\share\interpreter\linkResolver.cpp, line 759]
Event: 31.370 Thread 0x00000291b3e1e1c0 Exception <a 'java/lang/IncompatibleClassChangeError'{0x00000000ce471b30}: Found class java.lang.Object, but interface was expected> (0x00000000ce471b30) 
thrown [s\src\hotspot\share\interpreter\linkResolver.cpp, line 826]
Event: 31.997 Thread 0x00000291b3e1e1c0 Exception <a 'java/lang/NoSuchMethodError'{0x00000000ce3acf40}: 'int java.lang.invoke.DirectMethodHandle$Holder.invokeStaticInit(java.lang.Object, java.lang.Object, java.lang.Object, java.lang.Object)'> (0x00000000ce3acf40) 
thrown [s\src\hotspot\share\interpreter\linkResolver.cpp, line 759]
Event: 33.349 Thread 0x00000291b3e1e1c0 Exception <a 'java/lang/NoSuchMethodError'{0x00000000ce43b8e0}: 'java.lang.Object java.lang.invoke.DirectMethodHandle$Holder.newInvokeSpecial(java.lang.Object, java.lang.Object, int, java.lang.Object, java.lang.Object)'> (0x00000000ce43b8e0) 
thrown [s\src\hotspot\share\interpreter\linkResolver.cpp, line 759]
Event: 33.351 Thread 0x00000291b3e1e1c0 Exception <a 'java/lang/NoSuchMethodError'{0x00000000ce446f58}: 'java.lang.Object java.lang.invoke.DirectMethodHandle$Holder.invokeSpecial(java.lang.Object, java.lang.Object, int, java.lang.Object, int, java.lang.Object)'> (0x00000000ce446f58) 
thrown [s\src\hotspot\share\interpreter\linkResolver.cpp, line 759]
Event: 33.352 Thread 0x00000291b3e1e1c0 Exception <a 'java/lang/NoSuchMethodError'{0x00000000ce454238}: 'java.lang.Object java.lang.invoke.DirectMethodHandle$Holder.newInvokeSpecial(java.lang.Object, java.lang.Object, int, java.lang.Object, int)'> (0x00000000ce454238) 
thrown [s\src\hotspot\share\interpreter\linkResolver.cpp, line 759]
Event: 33.353 Thread 0x00000291b3e1e1c0 Exception <a 'java/lang/NoSuchMethodError'{0x00000000ce458338}: 'java.lang.Object java.lang.invoke.DirectMethodHandle$Holder.invokeSpecial(java.lang.Object, java.lang.Object, java.lang.Object, int, java.lang.Object, int)'> (0x00000000ce458338) 
thrown [s\src\hotspot\share\interpreter\linkResolver.cpp, line 759]
Event: 34.062 Thread 0x00000291b3d83960 Exception <a 'java/lang/NoSuchMethodError'{0x00000000ce2174d0}: static [B.<clinit>()V> (0x00000000ce2174d0) 
thrown [s\src\hotspot\share\prims\jni.cpp, line 1107]

VM Operations (20 events):
Event: 29.964 Executing VM operation: HandshakeAllThreads done
Event: 30.244 Executing VM operation: G1CollectForAllocation
Event: 30.251 Executing VM operation: G1CollectForAllocation done
Event: 30.290 Executing VM operation: G1Concurrent
Event: 30.298 Executing VM operation: G1Concurrent done
Event: 30.314 Executing VM operation: G1Concurrent
Event: 30.314 Executing VM operation: G1Concurrent done
Event: 32.314 Executing VM operation: Cleanup
Event: 32.314 Executing VM operation: Cleanup done
Event: 32.978 Executing VM operation: G1CollectForAllocation
Event: 32.984 Executing VM operation: G1CollectForAllocation done
Event: 33.995 Executing VM operation: Cleanup
Event: 33.995 Executing VM operation: Cleanup done
Event: 34.995 Executing VM operation: Cleanup
Event: 34.996 Executing VM operation: Cleanup done
Event: 35.996 Executing VM operation: Cleanup
Event: 35.996 Executing VM operation: Cleanup done
Event: 37.414 Executing VM operation: G1CollectForAllocation
Event: 37.420 Executing VM operation: G1CollectForAllocation done
Event: 37.471 Executing VM operation: G1Concurrent

Events (20 events):
Event: 34.050 Thread 0x00000291b3a25210 Thread added: 0x00000291b3a25210
Event: 34.069 loading class javax/management/remote/rmi/RMIConnectionImpl$6
Event: 34.070 loading class javax/management/remote/rmi/RMIConnectionImpl$6 done
Event: 34.070 loading class javax/management/remote/rmi/RMIConnectionImpl$7
Event: 34.070 loading class javax/management/remote/rmi/RMIConnectionImpl$7 done
Event: 34.070 loading class com/sun/jmx/remote/util/OrderClassLoaders
Event: 34.070 loading class com/sun/jmx/remote/util/OrderClassLoaders done
Event: 34.070 loading class javax/management/remote/rmi/RMIConnectionImpl$SetCcl
Event: 34.070 loading class javax/management/remote/rmi/RMIConnectionImpl$SetCcl done
Event: 34.070 loading class java/rmi/MarshalledObject$MarshalledObjectInputStream
Event: 34.071 loading class java/rmi/MarshalledObject$MarshalledObjectInputStream done
Event: 34.072 loading class java/rmi/server/UnicastRemoteObject
Event: 34.072 loading class java/rmi/server/UnicastRemoteObject done
Event: 34.077 Thread 0x00000291b3a256e0 Thread added: 0x00000291b3a256e0
Event: 34.101 Thread 0x00000291b3a27890 Thread added: 0x00000291b3a27890
Event: 34.120 Thread 0x00000291b3a24870 Thread added: 0x00000291b3a24870
Event: 34.133 Thread 0x00000291b3a25210 Thread exited: 0x00000291b3a25210
Event: 34.138 Thread 0x00000291b3a24870 Thread exited: 0x00000291b3a24870
Event: 35.123 Thread 0x00000291b3a256e0 Thread exited: 0x00000291b3a256e0
Event: 35.144 Thread 0x00000291b3a27890 Thread exited: 0x00000291b3a27890


Dynamic libraries:
0x00007ff778840000 - 0x00007ff77884e000 	E:\sts-4.18.0.RELEASE\plugins\org.eclipse.justj.openjdk.hotspot.jre.full.win32.x86_64_17.0.6.v20230204-1729\jre\bin\javaw.exe
0x00007ff974db0000 - 0x00007ff974fa8000 	C:\WINDOWS\SYSTEM32\ntdll.dll
0x00007ff974570000 - 0x00007ff97462f000 	C:\WINDOWS\System32\KERNEL32.DLL
0x00007ff972760000 - 0x00007ff972a32000 	C:\WINDOWS\System32\KERNELBASE.dll
0x00007ff972cd0000 - 0x00007ff972dd0000 	C:\WINDOWS\System32\ucrtbase.dll
0x00007ff968ee0000 - 0x00007ff968ef7000 	E:\sts-4.18.0.RELEASE\plugins\org.eclipse.justj.openjdk.hotspot.jre.full.win32.x86_64_17.0.6.v20230204-1729\jre\bin\jli.dll
0x00007ff9741a0000 - 0x00007ff974341000 	C:\WINDOWS\System32\USER32.dll
0x00007ff972dd0000 - 0x00007ff972df2000 	C:\WINDOWS\System32\win32u.dll
0x00007ff974630000 - 0x00007ff97465b000 	C:\WINDOWS\System32\GDI32.dll
0x00007ff972600000 - 0x00007ff97270f000 	C:\WINDOWS\System32\gdi32full.dll
0x00007ff972560000 - 0x00007ff9725fd000 	C:\WINDOWS\System32\msvcp_win.dll
0x00007ff967e40000 - 0x00007ff967e59000 	E:\sts-4.18.0.RELEASE\plugins\org.eclipse.justj.openjdk.hotspot.jre.full.win32.x86_64_17.0.6.v20230204-1729\jre\bin\VCRUNTIME140.dll
0x00007ff95d9d0000 - 0x00007ff95dc6a000 	C:\WINDOWS\WinSxS\amd64_microsoft.windows.common-controls_6595b64144ccf1df_6.0.19041.1110_none_60b5254171f9507e\COMCTL32.dll
0x00007ff9744d0000 - 0x00007ff97456e000 	C:\WINDOWS\System32\msvcrt.dll
0x00007ff974a70000 - 0x00007ff974aa0000 	C:\WINDOWS\System32\IMM32.DLL
0x00007ff96fc30000 - 0x00007ff96fc3c000 	E:\sts-4.18.0.RELEASE\plugins\org.eclipse.justj.openjdk.hotspot.jre.full.win32.x86_64_17.0.6.v20230204-1729\jre\bin\vcruntime140_1.dll
0x00007ff95b230000 - 0x00007ff95b2c1000 	E:\sts-4.18.0.RELEASE\plugins\org.eclipse.justj.openjdk.hotspot.jre.full.win32.x86_64_17.0.6.v20230204-1729\jre\bin\msvcp140.dll
0x00007ff9455a0000 - 0x00007ff9461e7000 	E:\sts-4.18.0.RELEASE\plugins\org.eclipse.justj.openjdk.hotspot.jre.full.win32.x86_64_17.0.6.v20230204-1729\jre\bin\server\jvm.dll
0x00007ff974aa0000 - 0x00007ff974b4e000 	C:\WINDOWS\System32\ADVAPI32.dll
0x00007ff974b50000 - 0x00007ff974bec000 	C:\WINDOWS\System32\sechost.dll
0x00007ff9737f0000 - 0x00007ff973914000 	C:\WINDOWS\System32\RPCRT4.dll
0x00007ff962f60000 - 0x00007ff962f69000 	C:\WINDOWS\SYSTEM32\WSOCK32.dll
0x00007ff974820000 - 0x00007ff97488b000 	C:\WINDOWS\System32\WS2_32.dll
0x00007ff96af80000 - 0x00007ff96afa7000 	C:\WINDOWS\SYSTEM32\WINMM.dll
0x00007ff96afb0000 - 0x00007ff96afba000 	C:\WINDOWS\SYSTEM32\VERSION.dll
0x00007ff970390000 - 0x00007ff9703a2000 	C:\WINDOWS\SYSTEM32\kernel.appcore.dll
0x00007ff960c90000 - 0x00007ff960c9a000 	E:\sts-4.18.0.RELEASE\plugins\org.eclipse.justj.openjdk.hotspot.jre.full.win32.x86_64_17.0.6.v20230204-1729\jre\bin\jimage.dll
0x00007ff965080000 - 0x00007ff965264000 	C:\WINDOWS\SYSTEM32\DBGHELP.DLL
0x00007ff964360000 - 0x00007ff964395000 	C:\WINDOWS\SYSTEM32\dbgcore.DLL
0x00007ff972ab0000 - 0x00007ff972b32000 	C:\WINDOWS\System32\bcryptPrimitives.dll
0x00007ff9487a0000 - 0x00007ff9487c5000 	E:\sts-4.18.0.RELEASE\plugins\org.eclipse.justj.openjdk.hotspot.jre.full.win32.x86_64_17.0.6.v20230204-1729\jre\bin\java.dll
0x00007ff94c7e0000 - 0x00007ff94c7f8000 	E:\sts-4.18.0.RELEASE\plugins\org.eclipse.justj.openjdk.hotspot.jre.full.win32.x86_64_17.0.6.v20230204-1729\jre\bin\zip.dll
0x00007ff972e00000 - 0x00007ff973545000 	C:\WINDOWS\System32\SHELL32.dll
0x00007ff970590000 - 0x00007ff970d22000 	C:\WINDOWS\SYSTEM32\windows.storage.dll
0x00007ff9739d0000 - 0x00007ff973d25000 	C:\WINDOWS\System32\combase.dll
0x00007ff971f10000 - 0x00007ff971f40000 	C:\WINDOWS\SYSTEM32\Wldp.dll
0x00007ff973920000 - 0x00007ff9739cd000 	C:\WINDOWS\System32\SHCORE.dll
0x00007ff973690000 - 0x00007ff9736e5000 	C:\WINDOWS\System32\shlwapi.dll
0x00007ff9723f0000 - 0x00007ff97240f000 	C:\WINDOWS\SYSTEM32\profapi.dll
0x00007ff948780000 - 0x00007ff948799000 	E:\sts-4.18.0.RELEASE\plugins\org.eclipse.justj.openjdk.hotspot.jre.full.win32.x86_64_17.0.6.v20230204-1729\jre\bin\net.dll
0x00007ff96a130000 - 0x00007ff96a23a000 	C:\WINDOWS\SYSTEM32\WINHTTP.dll
0x00007ff971c70000 - 0x00007ff971cda000 	C:\WINDOWS\system32\mswsock.dll
0x00007ff947e30000 - 0x00007ff947e45000 	E:\sts-4.18.0.RELEASE\plugins\org.eclipse.justj.openjdk.hotspot.jre.full.win32.x86_64_17.0.6.v20230204-1729\jre\bin\nio.dll
0x00007ff960b70000 - 0x00007ff960b79000 	E:\sts-4.18.0.RELEASE\plugins\org.eclipse.justj.openjdk.hotspot.jre.full.win32.x86_64_17.0.6.v20230204-1729\jre\bin\management.dll
0x00007ff95fcd0000 - 0x00007ff95fcdb000 	E:\sts-4.18.0.RELEASE\plugins\org.eclipse.justj.openjdk.hotspot.jre.full.win32.x86_64_17.0.6.v20230204-1729\jre\bin\management_ext.dll
0x00007ff973550000 - 0x00007ff973558000 	C:\WINDOWS\System32\PSAPI.DLL
0x00007ff9673a0000 - 0x00007ff9673b7000 	C:\WINDOWS\system32\napinsp.dll
0x00007ff963080000 - 0x00007ff96309b000 	C:\WINDOWS\system32\pnrpnsp.dll
0x00007ff956d10000 - 0x00007ff956d25000 	C:\WINDOWS\system32\wshbth.dll
0x00007ff96de70000 - 0x00007ff96de8d000 	C:\WINDOWS\system32\NLAapi.dll
0x00007ff971910000 - 0x00007ff97194b000 	C:\WINDOWS\SYSTEM32\IPHLPAPI.DLL
0x00007ff9719b0000 - 0x00007ff971a7b000 	C:\WINDOWS\SYSTEM32\DNSAPI.dll
0x00007ff974980000 - 0x00007ff974988000 	C:\WINDOWS\System32\NSI.dll
0x00007ff963060000 - 0x00007ff963072000 	C:\WINDOWS\System32\winrnr.dll
0x00007ff966270000 - 0x00007ff96627a000 	C:\Windows\System32\rasadhlp.dll
0x00007ff966a90000 - 0x00007ff966b10000 	C:\WINDOWS\System32\fwpuclnt.dll
0x00007ff972ca0000 - 0x00007ff972cc7000 	C:\WINDOWS\System32\bcrypt.dll
0x00007ff971e60000 - 0x00007ff971e78000 	C:\WINDOWS\SYSTEM32\CRYPTSP.dll
0x00007ff971520000 - 0x00007ff971554000 	C:\WINDOWS\system32\rsaenh.dll
0x00007ff972370000 - 0x00007ff97239e000 	C:\WINDOWS\SYSTEM32\USERENV.dll
0x00007ff971e80000 - 0x00007ff971e8c000 	C:\WINDOWS\SYSTEM32\CRYPTBASE.dll
0x00007ff96b9e0000 - 0x00007ff96b9f7000 	C:\WINDOWS\SYSTEM32\dhcpcsvc6.DLL
0x00007ff96b990000 - 0x00007ff96b9ad000 	C:\WINDOWS\SYSTEM32\dhcpcsvc.DLL
0x00007ff95fe30000 - 0x00007ff95fe3e000 	E:\sts-4.18.0.RELEASE\plugins\org.eclipse.justj.openjdk.hotspot.jre.full.win32.x86_64_17.0.6.v20230204-1729\jre\bin\sunmscapi.dll
0x00007ff972b40000 - 0x00007ff972c96000 	C:\WINDOWS\System32\CRYPT32.dll
0x00007ff971f80000 - 0x00007ff971fa7000 	C:\WINDOWS\SYSTEM32\ncrypt.dll
0x00007ff971f40000 - 0x00007ff971f7b000 	C:\WINDOWS\SYSTEM32\NTASN1.dll
0x00007ff969990000 - 0x00007ff969997000 	C:\WINDOWS\system32\wshunix.dll

dbghelp: loaded successfully - version: 4.0.5 - missing functions: none
symbol engine: initialized successfully - sym options: 0x614 - pdb path: .;E:\sts-4.18.0.RELEASE\plugins\org.eclipse.justj.openjdk.hotspot.jre.full.win32.x86_64_17.0.6.v20230204-1729\jre\bin;C:\WINDOWS\SYSTEM32;C:\WINDOWS\WinSxS\amd64_microsoft.windows.common-controls_6595b64144ccf1df_6.0.19041.1110_none_60b5254171f9507e;E:\sts-4.18.0.RELEASE\plugins\org.eclipse.justj.openjdk.hotspot.jre.full.win32.x86_64_17.0.6.v20230204-1729\jre\bin\server

VM Arguments:
jvm_args: -Dcom.sun.management.jmxremote -Dcom.sun.management.jmxremote.port=59123 -Dcom.sun.management.jmxremote.authenticate=false -Dcom.sun.management.jmxremote.ssl=false -Djava.rmi.server.hostname=localhost -Dspring.jmx.enabled=true -Dmanagement.endpoints.jmx.exposure.include=* -Dspring.application.admin.enabled=true -XX:TieredStopAtLevel=1 -Dspring.boot.project.name=Tp03-Grupo07 -Dfile.encoding=UTF-8 -XX:+ShowCodeDetailsInExceptionMessages 
java_command: ar.edu.unju.edm.Tp03Grupo07Application --spring.output.ansi.enabled=always
java_class_path (initial): C:\Users\Casimiro\git\TP03_Grupo07\Tp03-Grupo07\target\classes;C:\Users\Casimiro\.m2\repository\org\springframework\boot\spring-boot-starter-thymeleaf\3.0.6\spring-boot-starter-thymeleaf-3.0.6.jar;C:\Users\Casimiro\.m2\repository\org\springframework\boot\spring-boot-starter\3.0.6\spring-boot-starter-3.0.6.jar;C:\Users\Casimiro\.m2\repository\org\springframework\boot\spring-boot-starter-logging\3.0.6\spring-boot-starter-logging-3.0.6.jar;C:\Users\Casimiro\.m2\repository\ch\qos\logback\logback-classic\1.4.7\logback-classic-1.4.7.jar;C:\Users\Casimiro\.m2\repository\ch\qos\logback\logback-core\1.4.7\logback-core-1.4.7.jar;C:\Users\Casimiro\.m2\repository\org\apache\logging\log4j\log4j-to-slf4j\2.19.0\log4j-to-slf4j-2.19.0.jar;C:\Users\Casimiro\.m2\repository\org\apache\logging\log4j\log4j-api\2.19.0\log4j-api-2.19.0.jar;C:\Users\Casimiro\.m2\repository\org\slf4j\jul-to-slf4j\2.0.7\jul-to-slf4j-2.0.7.jar;C:\Users\Casimiro\.m2\repository\jakarta\annotation\jakarta.annotation-api\2.1.1\jakarta.annotation-api-2.1.1.jar;C:\Users\Casimiro\.m2\repository\org\yaml\snakeyaml\1.33\snakeyaml-1.33.jar;C:\Users\Casimiro\.m2\repository\org\thymeleaf\thymeleaf-spring6\3.1.1.RELEASE\thymeleaf-spring6-3.1.1.RELEASE.jar;C:\Users\Casimiro\.m2\repository\org\thymeleaf\thymeleaf\3.1.1.RELEASE\thymeleaf-3.1.1.RELEASE.jar;C:\Users\Casimiro\.m2\repository\org\attoparser\attoparser\2.0.6.RELEASE\attoparser-2.0.6.RELEASE.jar;C:\Users\Casimiro\.m2\repository\org\unbescape\unbescape\1.1.6.RELEASE\unbescape-1.1.6.RELEASE.jar;C:\Users\Casimiro\.m2\repository\org\slf4j\slf4j-api\2.0.7\slf4j-api-2.0.7.jar;C:\Users\Casimiro\.m2\repository\org\springframework\boot\spring-boot-starter-web\3.0.6\spring-boot-starter-web-3.0.6.jar;C:\Users\Casimiro\.m2\repository\org\springframework\boot\spring-boot-starter-json\3.0.6\spring-boot-starter-json-3.0.6.jar;C:\Users\Casimiro\.m2\repository\com\fasterxml\jackson\core\jackson-databind\2.14.2\jackson-databind-2.14.2.jar;C:\Users\Casimi
Launcher Type: SUN_STANDARD

[Global flags]
     intx CICompilerCount                          = 2                                         {product} {ergonomic}
     uint ConcGCThreads                            = 1                                         {product} {ergonomic}
     uint G1ConcRefinementThreads                  = 2                                         {product} {ergonomic}
   size_t G1HeapRegionSize                         = 1048576                                   {product} {ergonomic}
    uintx GCDrainStackTargetSize                   = 64                                        {product} {ergonomic}
   size_t InitialHeapSize                          = 54525952                                  {product} {ergonomic}
     bool ManagementServer                         = true                                      {product} {command line}
   size_t MarkStackSize                            = 4194304                                   {product} {ergonomic}
   size_t MaxHeapSize                              = 859832320                                 {product} {ergonomic}
   size_t MaxNewSize                               = 515899392                                 {product} {ergonomic}
   size_t MinHeapDeltaBytes                        = 1048576                                   {product} {ergonomic}
   size_t MinHeapSize                              = 8388608                                   {product} {ergonomic}
    uintx NonProfiledCodeHeapSize                  = 0                                      {pd product} {ergonomic}
     bool ProfileInterpreter                       = false                                  {pd product} {command line}
    uintx ProfiledCodeHeapSize                     = 0                                      {pd product} {ergonomic}
     bool ShowCodeDetailsInExceptionMessages       = true                                   {manageable} {command line}
   size_t SoftMaxHeapSize                          = 859832320                              {manageable} {ergonomic}
     intx TieredStopAtLevel                        = 1                                         {product} {command line}
     bool UseCompressedClassPointers               = true                           {product lp64_product} {ergonomic}
     bool UseCompressedOops                        = true                           {product lp64_product} {ergonomic}
     bool UseG1GC                                  = true                                      {product} {ergonomic}
     bool UseLargePagesIndividualAllocation        = false                                  {pd product} {ergonomic}

Logging:
Log output configuration:
 #0: stdout all=warning uptime,level,tags
 #1: stderr all=off uptime,level,tags

Environment Variables:
JAVA_HOME=C:\jdk-20
PATH=E:/sts-4.18.0.RELEASE//plugins/org.eclipse.justj.openjdk.hotspot.jre.full.win32.x86_64_17.0.6.v20230204-1729/jre/bin/server;E:/sts-4.18.0.RELEASE//plugins/org.eclipse.justj.openjdk.hotspot.jre.full.win32.x86_64_17.0.6.v20230204-1729/jre/bin;C:\Program Files\Common Files\Oracle\Java\javapath;C:\oraclexe\app\oracle\product\10.2.0\server\bin;C:\Program Files (x86)\Common Files\Oracle\Java\javapath;C:\WINDOWS\system32;C:\WINDOWS;C:\WINDOWS\System32\Wbem;C:\WINDOWS\System32\WindowsPowerShell\v1.0\;C:\Program Files (x86)\ATI Technologies\ATI.ACE\Core-Static;C:\Program Files\TortoiseSVN\bin;C:\WINDOWS\System32\OpenSSH\;C:\jdk-20\bin;C:\Users\Casimiro\AppData\Local\Microsoft\WindowsApps;;E:\sts-4.18.0.RELEASE;
USERNAME=Casimiro
OS=Windows_NT
PROCESSOR_IDENTIFIER=AMD64 Family 21 Model 19 Stepping 1, AuthenticAMD
TMP=C:\Users\Casimiro\AppData\Local\Temp
TEMP=C:\Users\Casimiro\AppData\Local\Temp



---------------  S Y S T E M  ---------------

OS:
 Windows 10 , 64 bit Build 19041 (10.0.19041.2546)
OS uptime: 0 days 5:07 hours

CPU: total 2 (initial active 2) (2 cores per cpu, 1 threads per core) family 21 model 19 stepping 1 microcode 0x0, cx8, cmov, fxsr, mmx, 3dnowpref, sse, sse2, sse3, ssse3, sse4a, sse4.1, sse4.2, popcnt, lzcnt, tsc, tscinvbit, avx, aes, clmul, bmi1, fma, vzeroupper, clflush

Memory: 4k page, system-wide physical 3274M (350M free)
TotalPageFile size 5274M (AvailPageFile size 15M)
current process WorkingSet (physical memory assigned to process): 116M, peak: 116M
current process commit charge ("private bytes"): 136M, peak: 138M

vm_info: OpenJDK 64-Bit Server VM (17.0.6+10) for windows-amd64 JRE (17.0.6+10), built on Jan 18 2023 10:08:59 by "temurin" with MS VC++ 16.7 (VS2019)

END.
