#
# There is insufficient memory for the Java Runtime Environment to continue.
# Native memory allocation (mmap) failed to map 65536 bytes for Failed to commit metaspace.
# Possible reasons:
#   The system is out of physical RAM or swap space
#   The process is running with CompressedOops enabled, and the Java Heap may be blocking the growth of the native heap
# Possible solutions:
#   Reduce memory load on the system
#   Increase physical memory or swap space
#   Check if swap backing store is full
#   Decrease Java heap size (-Xmx/-Xms)
#   Decrease number of Java threads
#   Decrease Java thread stack sizes (-Xss)
#   Set larger code cache with -XX:ReservedCodeCacheSize=
#   JVM is running with Unscaled Compressed Oops mode in which the Java heap is
#     placed in the first 4GB address space. The Java Heap base address is the
#     maximum limit for the native heap growth. Please use -XX:HeapBaseMinAddress
#     to set the Java Heap base and to place the Java Heap above 4GB virtual address.
# This output file may be truncated or incomplete.
#
#  Out of Memory Error (virtualSpaceNode.cpp:110), pid=17060, tid=8608
#
# JRE version: OpenJDK Runtime Environment Temurin-17.0.6+10 (17.0.6+10) (build 17.0.6+10)
# Java VM: OpenJDK 64-Bit Server VM Temurin-17.0.6+10 (17.0.6+10, mixed mode, emulated-client, tiered, compressed oops, compressed class ptrs, g1 gc, windows-amd64)
# No core dump will be written. Minidumps are not enabled by default on client versions of Windows
#

---------------  S U M M A R Y ------------

Command Line: -Dcom.sun.management.jmxremote -Dcom.sun.management.jmxremote.port=63630 -Dcom.sun.management.jmxremote.authenticate=false -Dcom.sun.management.jmxremote.ssl=false -Djava.rmi.server.hostname=localhost -Dspring.jmx.enabled=true -Dmanagement.endpoints.jmx.exposure.include=* -Dspring.application.admin.enabled=true -XX:TieredStopAtLevel=1 -Dspring.boot.project.name=Tp03-Grupo07 -Dfile.encoding=UTF-8 -XX:+ShowCodeDetailsInExceptionMessages ar.edu.unju.edm.Tp03Grupo07Application --spring.output.ansi.enabled=always

Host: AMD A4-4000 APU with Radeon(tm) HD Graphics    , 2 cores, 3G,  Windows 10 , 64 bit Build 19041 (10.0.19041.2546)
Time: Fri Jun  2 01:48:56 2023 Hora estándar de Argentina elapsed time: 3.958720 seconds (0d 0h 0m 3s)

---------------  T H R E A D  ---------------

Current thread (0x000002684a019570):  JavaThread "restartedMain" [_thread_in_vm, id=8608, stack(0x000000b571900000,0x000000b571a00000)]

Stack: [0x000000b571900000,0x000000b571a00000]
Native frames: (J=compiled Java code, j=interpreted, Vv=VM code, C=native code)
V  [jvm.dll+0x67741a]
V  [jvm.dll+0x834434]
V  [jvm.dll+0x835bde]
V  [jvm.dll+0x836243]
V  [jvm.dll+0x2457b5]
V  [jvm.dll+0x8304cb]
V  [jvm.dll+0x61bca6]
V  [jvm.dll+0x1c05fe]
V  [jvm.dll+0x61e5f1]
V  [jvm.dll+0x61c646]
V  [jvm.dll+0x36b462]
V  [jvm.dll+0x1e20cb]
V  [jvm.dll+0x53c6f9]
V  [jvm.dll+0x7af5e8]
V  [jvm.dll+0x7af6d4]
V  [jvm.dll+0x40bc05]
V  [jvm.dll+0x411d58]
C  [java.dll+0x17ec]

Java frames: (J=compiled Java code, j=interpreted, Vv=VM code)
J 1220  java.lang.ClassLoader.defineClass1(Ljava/lang/ClassLoader;Ljava/lang/String;[BIILjava/security/ProtectionDomain;Ljava/lang/String;)Ljava/lang/Class; java.base@17.0.6 (0 bytes) @ 0x00000268419f295b [0x00000268419f28a0+0x00000000000000bb]
J 1249 c1 java.lang.ClassLoader.defineClass(Ljava/lang/String;[BIILjava/security/ProtectionDomain;)Ljava/lang/Class; java.base@17.0.6 (43 bytes) @ 0x0000026841a0045c [0x0000026841a00360+0x00000000000000fc]
J 1264 c1 java.security.SecureClassLoader.defineClass(Ljava/lang/String;[BIILjava/security/CodeSource;)Ljava/lang/Class; java.base@17.0.6 (16 bytes) @ 0x0000026841a08634 [0x0000026841a085c0+0x0000000000000074]
j  java.net.URLClassLoader.defineClass(Ljava/lang/String;Ljdk/internal/loader/Resource;)Ljava/lang/Class;+220 java.base@17.0.6
j  java.net.URLClassLoader$1.run()Ljava/lang/Class;+43 java.base@17.0.6
j  java.net.URLClassLoader$1.run()Ljava/lang/Object;+1 java.base@17.0.6
j  java.security.AccessController.executePrivileged(Ljava/security/PrivilegedExceptionAction;Ljava/security/AccessControlContext;Ljava/lang/Class;)Ljava/lang/Object;+29 java.base@17.0.6
j  java.security.AccessController.doPrivileged(Ljava/security/PrivilegedExceptionAction;Ljava/security/AccessControlContext;)Ljava/lang/Object;+13 java.base@17.0.6
j  java.net.URLClassLoader.findClass(Ljava/lang/String;)Ljava/lang/Class;+13 java.base@17.0.6
j  org.springframework.boot.devtools.restart.classloader.RestartClassLoader.findClass(Ljava/lang/String;)Ljava/lang/Class;+31
j  org.springframework.boot.devtools.restart.classloader.RestartClassLoader.loadClass(Ljava/lang/String;Z)Ljava/lang/Class;+74
J 1132 c1 java.lang.ClassLoader.loadClass(Ljava/lang/String;)Ljava/lang/Class; java.base@17.0.6 (7 bytes) @ 0x00000268419ced64 [0x00000268419ced20+0x0000000000000044]
v  ~StubRoutines::call_stub
J 1069  java.lang.Class.forName0(Ljava/lang/String;ZLjava/lang/ClassLoader;Ljava/lang/Class;)Ljava/lang/Class; java.base@17.0.6 (0 bytes) @ 0x00000268419afa27 [0x00000268419af9a0+0x0000000000000087]
J 1070 c1 java.lang.Class.forName(Ljava/lang/String;ZLjava/lang/ClassLoader;)Ljava/lang/Class; java.base@17.0.6 (47 bytes) @ 0x00000268419affb4 [0x00000268419afec0+0x00000000000000f4]
j  org.springframework.boot.devtools.restart.RestartLauncher.run()V+9
v  ~StubRoutines::call_stub

---------------  P R O C E S S  ---------------

Threads class SMR info:
_java_thread_list=0x000002684a044830, length=21, elements={
0x000002683c6ee7c0, 0x0000026848b33190, 0x0000026848b342d0, 0x0000026848b79290,
0x0000026848b79e10, 0x0000026848b7b6e0, 0x0000026848b7bfa0, 0x0000026848b7c910,
0x0000026848bac8c0, 0x000002683c8b9640, 0x000002684953c870, 0x0000026849685550,
0x0000026849bfefa0, 0x0000026849bff470, 0x0000026849d88200, 0x0000026849d9bc40,
0x0000026849da6270, 0x0000026849da6740, 0x0000026849db5680, 0x000002684a018230,
0x000002684a019570
}

Java Threads: ( => current thread )
  0x000002683c6ee7c0 JavaThread "main" [_thread_blocked, id=16492, stack(0x000000b56fd00000,0x000000b56fe00000)]
  0x0000026848b33190 JavaThread "Reference Handler" daemon [_thread_blocked, id=15308, stack(0x000000b570400000,0x000000b570500000)]
  0x0000026848b342d0 JavaThread "Finalizer" daemon [_thread_blocked, id=7904, stack(0x000000b570500000,0x000000b570600000)]
  0x0000026848b79290 JavaThread "Signal Dispatcher" daemon [_thread_blocked, id=15424, stack(0x000000b570600000,0x000000b570700000)]
  0x0000026848b79e10 JavaThread "Attach Listener" daemon [_thread_blocked, id=7020, stack(0x000000b570700000,0x000000b570800000)]
  0x0000026848b7b6e0 JavaThread "Service Thread" daemon [_thread_blocked, id=14676, stack(0x000000b570800000,0x000000b570900000)]
  0x0000026848b7bfa0 JavaThread "Monitor Deflation Thread" daemon [_thread_blocked, id=17112, stack(0x000000b570900000,0x000000b570a00000)]
  0x0000026848b7c910 JavaThread "C1 CompilerThread0" daemon [_thread_blocked, id=16644, stack(0x000000b570a00000,0x000000b570b00000)]
  0x0000026848bac8c0 JavaThread "Sweeper thread" daemon [_thread_blocked, id=17028, stack(0x000000b570b00000,0x000000b570c00000)]
  0x000002683c8b9640 JavaThread "Common-Cleaner" daemon [_thread_blocked, id=15680, stack(0x000000b570c00000,0x000000b570d00000)]
  0x000002684953c870 JavaThread "C1 CompilerThread1" daemon [_thread_blocked, id=15728, stack(0x000000b570d00000,0x000000b570e00000)]
  0x0000026849685550 JavaThread "Notification Thread" daemon [_thread_blocked, id=1876, stack(0x000000b570e00000,0x000000b570f00000)]
  0x0000026849bfefa0 JavaThread "RMI TCP Accept-0" daemon [_thread_in_native, id=8644, stack(0x000000b571000000,0x000000b571100000)]
  0x0000026849bff470 JavaThread "RMI TCP Accept-63630" daemon [_thread_in_native, id=4420, stack(0x000000b571100000,0x000000b571200000)]
  0x0000026849d88200 JavaThread "RMI TCP Accept-0" daemon [_thread_in_native, id=8104, stack(0x000000b571200000,0x000000b571300000)]
  0x0000026849d9bc40 JavaThread "RMI TCP Connection(1)-127.0.0.1" daemon [_thread_in_native, id=16920, stack(0x000000b571400000,0x000000b571500000)]
  0x0000026849da6270 JavaThread "RMI TCP Connection(2)-127.0.0.1" daemon [_thread_in_native, id=16984, stack(0x000000b571500000,0x000000b571600000)]
  0x0000026849da6740 JavaThread "RMI Scheduler(0)" daemon [_thread_blocked, id=16988, stack(0x000000b571600000,0x000000b571700000)]
  0x0000026849db5680 JavaThread "JMX server connection timeout 20" daemon [_thread_blocked, id=16972, stack(0x000000b571700000,0x000000b571800000)]
  0x000002684a018230 JavaThread "Thread-0" [_thread_blocked, id=8968, stack(0x000000b571800000,0x000000b571900000)]
=>0x000002684a019570 JavaThread "restartedMain" [_thread_in_vm, id=8608, stack(0x000000b571900000,0x000000b571a00000)]

Other Threads:
  0x0000026848b2c630 VMThread "VM Thread" [stack: 0x000000b570300000,0x000000b570400000] [id=16548] _threads_hazard_ptr=0x000002684a044830
  0x0000026849d88ae0 WatcherThread [stack: 0x000000b571300000,0x000000b571400000] [id=16460]
  0x000002683c82de00 GCTaskThread "GC Thread#0" [stack: 0x000000b56fe00000,0x000000b56ff00000] [id=16620]
  0x0000026848bbcde0 GCTaskThread "GC Thread#1" [stack: 0x000000b570f00000,0x000000b571000000] [id=15116]
  0x000002683c8352d0 ConcurrentGCThread "G1 Main Marker" [stack: 0x000000b56ff00000,0x000000b570000000] [id=14992]
  0x000002683c8364d0 ConcurrentGCThread "G1 Conc#0" [stack: 0x000000b570000000,0x000000b570100000] [id=16572]
  0x000002683c86a150 ConcurrentGCThread "G1 Refine#0" [stack: 0x000000b570100000,0x000000b570200000] [id=17012]
  0x000002683c86b360 ConcurrentGCThread "G1 Service" [stack: 0x000000b570200000,0x000000b570300000] [id=8188]

Threads with active compile tasks:

VM state: synchronizing (normal execution)

VM Mutex/Monitor currently owned by a thread:  ([mutex/lock_event])
[0x000002683c7f3d60] Metaspace_lock - owner thread: 0x000002684a019570
[0x000002683c7f6420] Threads_lock - owner thread: 0x0000026848b2c630

Heap address: 0x00000000ccc00000, size: 820 MB, Compressed Oops mode: 32-bit

CDS archive(s) not mapped
Compressed class space mapped at: 0x0000000100000000-0x0000000140000000, reserved size: 1073741824
Narrow klass base: 0x0000000000000000, Narrow klass shift: 3, Narrow klass range: 0x140000000

GC Precious Log:
 CPUs: 2 total, 2 available
 Memory: 3274M
 Large Page Support: Disabled
 NUMA Support: Disabled
 Compressed Oops: Enabled (32-bit)
 Heap Region Size: 1M
 Heap Min Capacity: 8M
 Heap Initial Capacity: 52M
 Heap Max Capacity: 820M
 Pre-touch: Disabled
 Parallel Workers: 2
 Concurrent Workers: 1
 Concurrent Refinement Workers: 2
 Periodic GC: Disabled

Heap:
 garbage-first heap   total 53248K, used 13281K [0x00000000ccc00000, 0x0000000100000000)
  region size 1024K, 9 young (9216K), 2 survivors (2048K)
 Metaspace       used 16222K, committed 16448K, reserved 1064960K
  class space    used 1744K, committed 1856K, reserved 1048576K

Heap Regions: E=young(eden), S=young(survivor), O=old, HS=humongous(starts), HC=humongous(continues), CS=collection set, F=free, OA=open archive, CA=closed archive, TAMS=top-at-mark-start (previous, next)
|   0|0x00000000ccc00000, 0x00000000ccd00000, 0x00000000ccd00000|100%|HS|  |TAMS 0x00000000ccc00000, 0x00000000ccc00000| Complete 
|   1|0x00000000ccd00000, 0x00000000cce00000, 0x00000000cce00000|100%| O|  |TAMS 0x00000000ccd00000, 0x00000000ccd00000| Untracked 
|   2|0x00000000cce00000, 0x00000000ccf00000, 0x00000000ccf00000|100%| O|  |TAMS 0x00000000cce00000, 0x00000000cce00000| Untracked 
|   3|0x00000000ccf00000, 0x00000000cd000000, 0x00000000cd000000|100%| O|  |TAMS 0x00000000ccf00000, 0x00000000ccf00000| Untracked 
|   4|0x00000000cd000000, 0x00000000cd0f8600, 0x00000000cd100000| 97%| O|  |TAMS 0x00000000cd000000, 0x00000000cd000000| Untracked 
|   5|0x00000000cd100000, 0x00000000cd100000, 0x00000000cd200000|  0%| F|  |TAMS 0x00000000cd100000, 0x00000000cd100000| Untracked 
|   6|0x00000000cd200000, 0x00000000cd200000, 0x00000000cd300000|  0%| F|  |TAMS 0x00000000cd200000, 0x00000000cd200000| Untracked 
|   7|0x00000000cd300000, 0x00000000cd300000, 0x00000000cd400000|  0%| F|  |TAMS 0x00000000cd300000, 0x00000000cd300000| Untracked 
|   8|0x00000000cd400000, 0x00000000cd400000, 0x00000000cd500000|  0%| F|  |TAMS 0x00000000cd400000, 0x00000000cd400000| Untracked 
|   9|0x00000000cd500000, 0x00000000cd500000, 0x00000000cd600000|  0%| F|  |TAMS 0x00000000cd500000, 0x00000000cd500000| Untracked 
|  10|0x00000000cd600000, 0x00000000cd600000, 0x00000000cd700000|  0%| F|  |TAMS 0x00000000cd600000, 0x00000000cd600000| Untracked 
|  11|0x00000000cd700000, 0x00000000cd700000, 0x00000000cd800000|  0%| F|  |TAMS 0x00000000cd700000, 0x00000000cd700000| Untracked 
|  12|0x00000000cd800000, 0x00000000cd800000, 0x00000000cd900000|  0%| F|  |TAMS 0x00000000cd800000, 0x00000000cd800000| Untracked 
|  13|0x00000000cd900000, 0x00000000cd900000, 0x00000000cda00000|  0%| F|  |TAMS 0x00000000cd900000, 0x00000000cd900000| Untracked 
|  14|0x00000000cda00000, 0x00000000cda00000, 0x00000000cdb00000|  0%| F|  |TAMS 0x00000000cda00000, 0x00000000cda00000| Untracked 
|  15|0x00000000cdb00000, 0x00000000cdb00000, 0x00000000cdc00000|  0%| F|  |TAMS 0x00000000cdb00000, 0x00000000cdb00000| Untracked 
|  16|0x00000000cdc00000, 0x00000000cdc00000, 0x00000000cdd00000|  0%| F|  |TAMS 0x00000000cdc00000, 0x00000000cdc00000| Untracked 
|  17|0x00000000cdd00000, 0x00000000cdd00000, 0x00000000cde00000|  0%| F|  |TAMS 0x00000000cdd00000, 0x00000000cdd00000| Untracked 
|  18|0x00000000cde00000, 0x00000000cde00000, 0x00000000cdf00000|  0%| F|  |TAMS 0x00000000cde00000, 0x00000000cde00000| Untracked 
|  19|0x00000000cdf00000, 0x00000000cdf00000, 0x00000000ce000000|  0%| F|  |TAMS 0x00000000cdf00000, 0x00000000cdf00000| Untracked 
|  20|0x00000000ce000000, 0x00000000ce000000, 0x00000000ce100000|  0%| F|  |TAMS 0x00000000ce000000, 0x00000000ce000000| Untracked 
|  21|0x00000000ce100000, 0x00000000ce100000, 0x00000000ce200000|  0%| F|  |TAMS 0x00000000ce100000, 0x00000000ce100000| Untracked 
|  22|0x00000000ce200000, 0x00000000ce200000, 0x00000000ce300000|  0%| F|  |TAMS 0x00000000ce200000, 0x00000000ce200000| Untracked 
|  23|0x00000000ce300000, 0x00000000ce300000, 0x00000000ce400000|  0%| F|  |TAMS 0x00000000ce300000, 0x00000000ce300000| Untracked 
|  24|0x00000000ce400000, 0x00000000ce400000, 0x00000000ce500000|  0%| F|  |TAMS 0x00000000ce400000, 0x00000000ce400000| Untracked 
|  25|0x00000000ce500000, 0x00000000ce500000, 0x00000000ce600000|  0%| F|  |TAMS 0x00000000ce500000, 0x00000000ce500000| Untracked 
|  26|0x00000000ce600000, 0x00000000ce600000, 0x00000000ce700000|  0%| F|  |TAMS 0x00000000ce600000, 0x00000000ce600000| Untracked 
|  27|0x00000000ce700000, 0x00000000ce700000, 0x00000000ce800000|  0%| F|  |TAMS 0x00000000ce700000, 0x00000000ce700000| Untracked 
|  28|0x00000000ce800000, 0x00000000ce800000, 0x00000000ce900000|  0%| F|  |TAMS 0x00000000ce800000, 0x00000000ce800000| Untracked 
|  29|0x00000000ce900000, 0x00000000ce900000, 0x00000000cea00000|  0%| F|  |TAMS 0x00000000ce900000, 0x00000000ce900000| Untracked 
|  30|0x00000000cea00000, 0x00000000cea00000, 0x00000000ceb00000|  0%| F|  |TAMS 0x00000000cea00000, 0x00000000cea00000| Untracked 
|  31|0x00000000ceb00000, 0x00000000ceb00000, 0x00000000cec00000|  0%| F|  |TAMS 0x00000000ceb00000, 0x00000000ceb00000| Untracked 
|  32|0x00000000cec00000, 0x00000000cec00000, 0x00000000ced00000|  0%| F|  |TAMS 0x00000000cec00000, 0x00000000cec00000| Untracked 
|  33|0x00000000ced00000, 0x00000000ced00000, 0x00000000cee00000|  0%| F|  |TAMS 0x00000000ced00000, 0x00000000ced00000| Untracked 
|  34|0x00000000cee00000, 0x00000000cee00000, 0x00000000cef00000|  0%| F|  |TAMS 0x00000000cee00000, 0x00000000cee00000| Untracked 
|  35|0x00000000cef00000, 0x00000000cef00000, 0x00000000cf000000|  0%| F|  |TAMS 0x00000000cef00000, 0x00000000cef00000| Untracked 
|  36|0x00000000cf000000, 0x00000000cf000000, 0x00000000cf100000|  0%| F|  |TAMS 0x00000000cf000000, 0x00000000cf000000| Untracked 
|  37|0x00000000cf100000, 0x00000000cf100000, 0x00000000cf200000|  0%| F|  |TAMS 0x00000000cf100000, 0x00000000cf100000| Untracked 
|  38|0x00000000cf200000, 0x00000000cf200000, 0x00000000cf300000|  0%| F|  |TAMS 0x00000000cf200000, 0x00000000cf200000| Untracked 
|  39|0x00000000cf300000, 0x00000000cf300000, 0x00000000cf400000|  0%| F|  |TAMS 0x00000000cf300000, 0x00000000cf300000| Untracked 
|  40|0x00000000cf400000, 0x00000000cf400000, 0x00000000cf500000|  0%| F|  |TAMS 0x00000000cf400000, 0x00000000cf400000| Untracked 
|  41|0x00000000cf500000, 0x00000000cf600000, 0x00000000cf600000|100%| S|CS|TAMS 0x00000000cf500000, 0x00000000cf500000| Complete 
|  42|0x00000000cf600000, 0x00000000cf700000, 0x00000000cf700000|100%| S|CS|TAMS 0x00000000cf600000, 0x00000000cf600000| Complete 
|  43|0x00000000cf700000, 0x00000000cf700000, 0x00000000cf800000|  0%| F|  |TAMS 0x00000000cf700000, 0x00000000cf700000| Untracked 
|  44|0x00000000cf800000, 0x00000000cf800000, 0x00000000cf900000|  0%| F|  |TAMS 0x00000000cf800000, 0x00000000cf800000| Untracked 
|  45|0x00000000cf900000, 0x00000000cf930530, 0x00000000cfa00000| 18%| E|  |TAMS 0x00000000cf900000, 0x00000000cf900000| Complete 
|  46|0x00000000cfa00000, 0x00000000cfb00000, 0x00000000cfb00000|100%| E|CS|TAMS 0x00000000cfa00000, 0x00000000cfa00000| Complete 
|  47|0x00000000cfb00000, 0x00000000cfc00000, 0x00000000cfc00000|100%| E|CS|TAMS 0x00000000cfb00000, 0x00000000cfb00000| Complete 
|  48|0x00000000cfc00000, 0x00000000cfd00000, 0x00000000cfd00000|100%| E|CS|TAMS 0x00000000cfc00000, 0x00000000cfc00000| Complete 
|  49|0x00000000cfd00000, 0x00000000cfe00000, 0x00000000cfe00000|100%| E|CS|TAMS 0x00000000cfd00000, 0x00000000cfd00000| Complete 
|  50|0x00000000cfe00000, 0x00000000cff00000, 0x00000000cff00000|100%| E|CS|TAMS 0x00000000cfe00000, 0x00000000cfe00000| Complete 
|  51|0x00000000cff00000, 0x00000000d0000000, 0x00000000d0000000|100%| E|CS|TAMS 0x00000000cff00000, 0x00000000cff00000| Complete 

Card table byte_map: [0x0000026844ad0000,0x0000026844c70000] _byte_map_base: 0x000002684446a000

Marking Bits (Prev, Next): (CMBitMap*) 0x000002683c82e320, (CMBitMap*) 0x000002683c82e360
 Prev Bits: [0x0000026844e10000, 0x0000026845ae0000)
 Next Bits: [0x0000026845ae0000, 0x00000268467b0000)

Polling page: 0x000002683c580000

Metaspace:

Usage:
  Non-class:     14.14 MB used.
      Class:      1.70 MB used.
       Both:     15.84 MB used.

Virtual space:
  Non-class space:       16.00 MB reserved,      14.25 MB ( 89%) committed,  2 nodes.
      Class space:        1.00 GB reserved,       1.81 MB ( <1%) committed,  1 nodes.
             Both:        1.02 GB reserved,      16.06 MB (  2%) committed. 

Chunk freelists:
   Non-Class:  1.73 MB
       Class:  2.06 MB
        Both:  3.79 MB

MaxMetaspaceSize: unlimited
CompressedClassSpaceSize: 1.00 GB
Initial GC threshold: 21.00 MB
Current GC threshold: 21.00 MB
CDS: off
MetaspaceReclaimPolicy: balanced
 - commit_granule_bytes: 65536.
 - commit_granule_words: 8192.
 - virtual_space_node_default_size: 1048576.
 - enlarge_chunks_in_place: 1.
 - new_chunks_are_fully_committed: 0.
 - uncommit_free_chunks: 1.
 - use_allocation_guard: 0.
 - handle_deallocations: 1.


Internal statistics:

num_allocs_failed_limit: 0.
num_arena_births: 178.
num_arena_deaths: 0.
num_vsnodes_births: 3.
num_vsnodes_deaths: 0.
num_space_committed: 257.
num_space_uncommitted: 0.
num_chunks_returned_to_freelist: 0.
num_chunks_taken_from_freelist: 362.
num_chunk_merges: 0.
num_chunk_splits: 202.
num_chunks_enlarged: 110.
num_purges: 0.
num_inconsistent_stats: 0.

CodeCache: size=49152Kb used=3692Kb max_used=3692Kb free=45459Kb
 bounds [0x00000268416a0000, 0x0000026841a40000, 0x00000268446a0000]
 total_blobs=1846 nmethods=1392 adapters=382
 compilation: enabled
              stopped_count=0, restarted_count=0
 full_count=0

Compilation events (20 events):
Event: 3.783 Thread 0x000002684953c870 1368       1       java.lang.Module::implIsExportedOrOpen (92 bytes)
Event: 3.783 Thread 0x0000026848b7c910 1369       1       java.lang.invoke.DirectMethodHandle::make (275 bytes)
Event: 3.783 Thread 0x000002684953c870 nmethod 1368 0x0000026841a32410 code [0x0000026841a32600, 0x0000026841a328f8]
Event: 3.783 Thread 0x000002684953c870 1370       1       java.lang.invoke.MemberName::isField (8 bytes)
Event: 3.783 Thread 0x000002684953c870 nmethod 1370 0x0000026841a32a10 code [0x0000026841a32ba0, 0x0000026841a32c98]
Event: 3.784 Thread 0x0000026848b7c910 nmethod 1369 0x0000026841a32d10 code [0x0000026841a33000, 0x0000026841a33ae8]
Event: 3.790 Thread 0x000002684953c870 1371       1       java.util.ImmutableCollections$Set12::<init> (53 bytes)
Event: 3.791 Thread 0x000002684953c870 nmethod 1371 0x0000026841a34110 code [0x0000026841a34320, 0x0000026841a348a8]
Event: 3.794 Thread 0x0000026848b7c910 1372       1       java.lang.invoke.MethodType::erase (8 bytes)
Event: 3.794 Thread 0x000002684953c870 1373       1       java.lang.invoke.LambdaFormEditor$Transform::equals (32 bytes)
Event: 3.794 Thread 0x0000026848b7c910 nmethod 1372 0x0000026841a34b10 code [0x0000026841a34ca0, 0x0000026841a34d78]
Event: 3.794 Thread 0x000002684953c870 nmethod 1373 0x0000026841a34e10 code [0x0000026841a34fa0, 0x0000026841a350c8]
Event: 3.794 Thread 0x0000026848b7c910 1375       1       java.lang.invoke.LambdaFormEditor::lambdaFormEditor (12 bytes)
Event: 3.794 Thread 0x000002684953c870 1374       1       java.lang.invoke.LambdaForm::editor (5 bytes)
Event: 3.794 Thread 0x000002684953c870 nmethod 1374 0x0000026841a35190 code [0x0000026841a35320, 0x0000026841a354a8]
Event: 3.794 Thread 0x0000026848b7c910 nmethod 1375 0x0000026841a35590 code [0x0000026841a35720, 0x0000026841a35888]
Event: 3.794 Thread 0x000002684953c870 1376       1       java.lang.invoke.LambdaFormEditor::<init> (10 bytes)
Event: 3.794 Thread 0x0000026848b7c910 1377       1       java.lang.invoke.LambdaFormEditor::getInCache (165 bytes)
Event: 3.795 Thread 0x000002684953c870 nmethod 1376 0x0000026841a35990 code [0x0000026841a35b20, 0x0000026841a35c38]
Event: 3.795 Thread 0x0000026848b7c910 nmethod 1377 0x0000026841a35c90 code [0x0000026841a35e80, 0x0000026841a36368]

GC Heap History (6 events):
Event: 1.592 GC heap before
{Heap before GC invocations=0 (full 0):
 garbage-first heap   total 53248K, used 6144K [0x00000000ccc00000, 0x0000000100000000)
  region size 1024K, 6 young (6144K), 0 survivors (0K)
 Metaspace       used 8053K, committed 8256K, reserved 1056768K
  class space    used 741K, committed 832K, reserved 1048576K
}
Event: 1.600 GC heap after
{Heap after GC invocations=1 (full 0):
 garbage-first heap   total 53248K, used 4925K [0x00000000ccc00000, 0x0000000100000000)
  region size 1024K, 1 young (1024K), 1 survivors (1024K)
 Metaspace       used 8053K, committed 8256K, reserved 1056768K
  class space    used 741K, committed 832K, reserved 1048576K
}
Event: 2.159 GC heap before
{Heap before GC invocations=1 (full 0):
 garbage-first heap   total 53248K, used 6973K [0x00000000ccc00000, 0x0000000100000000)
  region size 1024K, 3 young (3072K), 1 survivors (1024K)
 Metaspace       used 10329K, committed 10496K, reserved 1064960K
  class space    used 1010K, committed 1088K, reserved 1048576K
}
Event: 2.164 GC heap after
{Heap after GC invocations=2 (full 0):
 garbage-first heap   total 53248K, used 5570K [0x00000000ccc00000, 0x0000000100000000)
  region size 1024K, 1 young (1024K), 1 survivors (1024K)
 Metaspace       used 10329K, committed 10496K, reserved 1064960K
  class space    used 1010K, committed 1088K, reserved 1048576K
}
Event: 3.508 GC heap before
{Heap before GC invocations=2 (full 0):
 garbage-first heap   total 53248K, used 13762K [0x00000000ccc00000, 0x0000000100000000)
  region size 1024K, 9 young (9216K), 1 survivors (1024K)
 Metaspace       used 15249K, committed 15424K, reserved 1064960K
  class space    used 1604K, committed 1664K, reserved 1048576K
}
Event: 3.518 GC heap after
{Heap after GC invocations=3 (full 0):
 garbage-first heap   total 53248K, used 7137K [0x00000000ccc00000, 0x0000000100000000)
  region size 1024K, 2 young (2048K), 2 survivors (2048K)
 Metaspace       used 15249K, committed 15424K, reserved 1064960K
  class space    used 1604K, committed 1664K, reserved 1048576K
}

Dll operation events (7 events):
Event: 0.130 Loaded shared library E:\sts-4.18.0.RELEASE\plugins\org.eclipse.justj.openjdk.hotspot.jre.full.win32.x86_64_17.0.6.v20230204-1729\jre\bin\java.dll
Event: 0.901 Loaded shared library E:\sts-4.18.0.RELEASE\plugins\org.eclipse.justj.openjdk.hotspot.jre.full.win32.x86_64_17.0.6.v20230204-1729\jre\bin\jimage.dll
Event: 0.945 Loaded shared library E:\sts-4.18.0.RELEASE\plugins\org.eclipse.justj.openjdk.hotspot.jre.full.win32.x86_64_17.0.6.v20230204-1729\jre\bin\net.dll
Event: 0.948 Loaded shared library E:\sts-4.18.0.RELEASE\plugins\org.eclipse.justj.openjdk.hotspot.jre.full.win32.x86_64_17.0.6.v20230204-1729\jre\bin\nio.dll
Event: 0.960 Loaded shared library E:\sts-4.18.0.RELEASE\plugins\org.eclipse.justj.openjdk.hotspot.jre.full.win32.x86_64_17.0.6.v20230204-1729\jre\bin\zip.dll
Event: 1.348 Loaded shared library E:\sts-4.18.0.RELEASE\plugins\org.eclipse.justj.openjdk.hotspot.jre.full.win32.x86_64_17.0.6.v20230204-1729\jre\bin\management.dll
Event: 1.401 Loaded shared library E:\sts-4.18.0.RELEASE\plugins\org.eclipse.justj.openjdk.hotspot.jre.full.win32.x86_64_17.0.6.v20230204-1729\jre\bin\management_ext.dll

Deoptimization events (0 events):
No events

Classes unloaded (0 events):
No events

Classes redefined (0 events):
No events

Internal exceptions (20 events):
Event: 1.699 Thread 0x000002683c6ee7c0 Exception <a 'java/lang/NoSuchMethodError'{0x00000000cff69a98}: 'int java.lang.invoke.DirectMethodHandle$Holder.invokeSpecial(java.lang.Object, java.lang.Object, java.lang.Object)'> (0x00000000cff69a98) 
thrown [s\src\hotspot\share\interpreter\linkResolver.cpp, line 759]
Event: 2.021 Thread 0x000002683c6ee7c0 Exception <a 'java/lang/NoSuchMethodError'{0x00000000cfe7c660}: 'void java.lang.invoke.DirectMethodHandle$Holder.invokeStatic(java.lang.Object, java.lang.Object, java.lang.Object)'> (0x00000000cfe7c660) 
thrown [s\src\hotspot\share\interpreter\linkResolver.cpp, line 759]
Event: 2.097 Thread 0x000002683c6ee7c0 Exception <a 'java/lang/NoSuchMethodError'{0x00000000cfec6ee0}: 'int java.lang.invoke.DirectMethodHandle$Holder.invokeSpecialIFC(java.lang.Object, java.lang.Object, java.lang.Object)'> (0x00000000cfec6ee0) 
thrown [s\src\hotspot\share\interpreter\linkResolver.cpp, line 759]
Event: 2.186 Thread 0x000002683c6ee7c0 Exception <a 'java/lang/NoSuchMethodError'{0x00000000cff4acf8}: 'java.lang.Object java.lang.invoke.DirectMethodHandle$Holder.invokeStaticInit(java.lang.Object, int, int, int, int)'> (0x00000000cff4acf8) 
thrown [s\src\hotspot\share\interpreter\linkResolver.cpp, line 759]
Event: 2.385 Thread 0x000002683c6ee7c0 Exception <a 'java/lang/NoSuchMethodError'{0x00000000cffa5d88}: 'java.lang.Object java.lang.invoke.DirectMethodHandle$Holder.invokeStaticInit(java.lang.Object, java.lang.Object, int, int, int, int)'> (0x00000000cffa5d88) 
thrown [s\src\hotspot\share\interpreter\linkResolver.cpp, line 759]
Event: 2.406 Thread 0x000002683c6ee7c0 Exception <a 'java/lang/ClassNotFoundException'{0x00000000cffc15c8}: javax/management/remote/rmi/RMIServerImpl_Skel> (0x00000000cffc15c8) 
thrown [s\src\hotspot\share\classfile\systemDictionary.cpp, line 256]
Event: 2.529 Thread 0x000002683c6ee7c0 Exception <a 'java/lang/ClassNotFoundException'{0x00000000cfeacc28}: jdk/internal/agent/resources/spi/agentProvider> (0x00000000cfeacc28) 
thrown [s\src\hotspot\share\classfile\systemDictionary.cpp, line 256]
Event: 2.686 Thread 0x0000026849da6270 Exception <a 'java/lang/NoSuchMethodError'{0x00000000cfb4eb98}: static [B.<clinit>()V> (0x00000000cfb4eb98) 
thrown [s\src\hotspot\share\prims\jni.cpp, line 1107]
Event: 2.705 Thread 0x0000026849da6270 Exception <a 'java/lang/ClassNotFoundException'{0x00000000cfba6150}: javax/management/remote/rmi/RMIConnectionImpl_Skel> (0x00000000cfba6150) 
thrown [s\src\hotspot\share\classfile\systemDictionary.cpp, line 256]
Event: 2.763 Thread 0x0000026849db5680 Exception <a 'java/lang/NoSuchMethodError'{0x00000000cfa487a0}: 'java.lang.Object java.lang.invoke.Invokers$Holder.linkToTargetMethod(java.lang.Object, long, java.lang.Object)'> (0x00000000cfa487a0) 
thrown [s\src\hotspot\share\interpreter\linkResolver.cpp, line 759]
Event: 2.794 Thread 0x0000026849da6270 Exception <a 'java/lang/reflect/InvocationTargetException'{0x00000000cfa2c6a8}> (0x00000000cfa2c6a8) 
thrown [s\src\hotspot\share\runtime\reflection.cpp, line 1121]
Event: 2.831 Thread 0x0000026849da6270 Exception <a 'java/lang/NoSuchMethodError'{0x00000000cface9a0}: static [Ljava/lang/StackTraceElement;.<clinit>()V> (0x00000000cface9a0) 
thrown [s\src\hotspot\share\prims\jni.cpp, line 1107]
Event: 2.913 Thread 0x000002683c6ee7c0 Exception <a 'java/lang/ClassNotFoundException'{0x00000000cfaf81f8}: javax/smartcardio/CardPermission> (0x00000000cfaf81f8) 
thrown [s\src\hotspot\share\classfile\systemDictionary.cpp, line 256]
Event: 2.919 Thread 0x000002683c6ee7c0 Exception <a 'java/io/FileNotFoundException'{0x00000000cf906e18}> (0x00000000cf906e18) 
thrown [s\src\hotspot\share\prims\jni.cpp, line 516]
Event: 3.346 Thread 0x0000026849da6270 Exception <a 'java/lang/reflect/InvocationTargetException'{0x00000000cfae2ad0}> (0x00000000cfae2ad0) 
thrown [s\src\hotspot\share\runtime\reflection.cpp, line 1121]
Event: 3.416 Thread 0x000002683c6ee7c0 Exception <a 'java/lang/NoSuchMethodError'{0x00000000cf8e4a90}: 'void java.lang.invoke.DirectMethodHandle$Holder.invokeStatic(java.lang.Object, java.lang.Object, java.lang.Object, java.lang.Object)'> (0x00000000cf8e4a90) 
thrown [s\src\hotspot\share\interpreter\linkResolver.cpp, line 759]
Event: 3.522 Thread 0x000002683c6ee7c0 Exception <a 'java/lang/NoSuchMethodError'{0x00000000cff0d150}: 'int java.lang.invoke.DirectMethodHandle$Holder.invokeStaticInit(java.lang.Object, java.lang.Object)'> (0x00000000cff0d150) 
thrown [s\src\hotspot\share\interpreter\linkResolver.cpp, line 759]
Event: 3.656 Thread 0x000002683c6ee7c0 Exception <a 'java/lang/NoSuchMethodError'{0x00000000cfd13d58}: 'java.lang.Object java.lang.invoke.DirectMethodHandle$Holder.invokeInterface(java.lang.Object, java.lang.Object)'> (0x00000000cfd13d58) 
thrown [s\src\hotspot\share\interpreter\linkResolver.cpp, line 759]
Event: 3.666 Thread 0x000002683c6ee7c0 Exception <a 'java/lang/NoSuchMethodError'{0x00000000cfd5f0f0}: 'java.lang.Object java.lang.invoke.DirectMethodHandle$Holder.invokeSpecialIFC(java.lang.Object, java.lang.Object, java.lang.Object, java.lang.Object)'> (0x00000000cfd5f0f0) 
thrown [s\src\hotspot\share\interpreter\linkResolver.cpp, line 759]
Event: 3.672 Thread 0x000002683c6ee7c0 Exception <a 'java/lang/NoSuchMethodError'{0x00000000cfd7f418}: 'java.lang.Object java.lang.invoke.DirectMethodHandle$Holder.invokeInterface(java.lang.Object, java.lang.Object, java.lang.Object)'> (0x00000000cfd7f418) 
thrown [s\src\hotspot\share\interpreter\linkResolver.cpp, line 759]

VM Operations (20 events):
Event: 0.836 Executing VM operation: HandshakeAllThreads
Event: 0.836 Executing VM operation: HandshakeAllThreads done
Event: 1.591 Executing VM operation: G1CollectForAllocation
Event: 1.600 Executing VM operation: G1CollectForAllocation done
Event: 2.054 Executing VM operation: HandshakeAllThreads
Event: 2.054 Executing VM operation: HandshakeAllThreads done
Event: 2.156 Executing VM operation: HandshakeAllThreads
Event: 2.156 Executing VM operation: HandshakeAllThreads done
Event: 2.159 Executing VM operation: G1CollectForAllocation
Event: 2.164 Executing VM operation: G1CollectForAllocation done
Event: 2.405 Executing VM operation: HandshakeAllThreads
Event: 2.405 Executing VM operation: HandshakeAllThreads done
Event: 2.700 Executing VM operation: HandshakeAllThreads
Event: 2.701 Executing VM operation: HandshakeAllThreads done
Event: 2.703 Executing VM operation: HandshakeAllThreads
Event: 2.703 Executing VM operation: HandshakeAllThreads done
Event: 2.716 Executing VM operation: HandshakeAllThreads
Event: 2.727 Executing VM operation: HandshakeAllThreads done
Event: 3.508 Executing VM operation: G1CollectForAllocation
Event: 3.518 Executing VM operation: G1CollectForAllocation done

Events (20 events):
Event: 3.729 loading class java/util/jar/JarVerifier
Event: 3.730 loading class java/util/jar/JarVerifier done
Event: 3.730 loading class java/security/CodeSigner
Event: 3.730 loading class java/security/CodeSigner done
Event: 3.781 loading class java/util/regex/Pattern$BnM
Event: 3.782 loading class java/util/regex/Pattern$BnM done
Event: 3.782 loading class java/util/regex/Pattern$SliceS
Event: 3.782 loading class java/util/regex/Pattern$SliceS done
Event: 3.784 loading class java/util/regex/Matcher
Event: 3.784 loading class java/util/regex/MatchResult
Event: 3.784 loading class java/util/regex/MatchResult done
Event: 3.784 loading class java/util/regex/Matcher done
Event: 3.785 loading class java/util/regex/IntHashSet
Event: 3.785 loading class java/util/regex/IntHashSet done
Event: 3.788 loading class java/util/concurrent/LinkedBlockingDeque$Node
Event: 3.788 loading class java/util/concurrent/LinkedBlockingDeque$Node done
Event: 3.791 Thread 0x000002684a018230 Thread added: 0x000002684a018230
Event: 3.796 Thread 0x000002684a019570 Thread added: 0x000002684a019570
Event: 3.797 loading class java/net/URLClassLoader$1
Event: 3.797 loading class java/net/URLClassLoader$1 done


Dynamic libraries:
0x00007ff7e60d0000 - 0x00007ff7e60de000 	E:\sts-4.18.0.RELEASE\plugins\org.eclipse.justj.openjdk.hotspot.jre.full.win32.x86_64_17.0.6.v20230204-1729\jre\bin\javaw.exe
0x00007ffe03970000 - 0x00007ffe03b68000 	C:\WINDOWS\SYSTEM32\ntdll.dll
0x00007ffe02360000 - 0x00007ffe0241f000 	C:\WINDOWS\System32\KERNEL32.DLL
0x00007ffe016e0000 - 0x00007ffe019b2000 	C:\WINDOWS\System32\KERNELBASE.dll
0x00007ffe010a0000 - 0x00007ffe011a0000 	C:\WINDOWS\System32\ucrtbase.dll
0x00007ffdecb90000 - 0x00007ffdecba7000 	E:\sts-4.18.0.RELEASE\plugins\org.eclipse.justj.openjdk.hotspot.jre.full.win32.x86_64_17.0.6.v20230204-1729\jre\bin\jli.dll
0x00007ffe02530000 - 0x00007ffe026d1000 	C:\WINDOWS\System32\USER32.dll
0x00007ffe01070000 - 0x00007ffe01092000 	C:\WINDOWS\System32\win32u.dll
0x00007ffe02430000 - 0x00007ffe0245b000 	C:\WINDOWS\System32\GDI32.dll
0x00007ffe01410000 - 0x00007ffe0151f000 	C:\WINDOWS\System32\gdi32full.dll
0x00007ffe01210000 - 0x00007ffe012ad000 	C:\WINDOWS\System32\msvcp_win.dll
0x00007ffdd5260000 - 0x00007ffdd5279000 	E:\sts-4.18.0.RELEASE\plugins\org.eclipse.justj.openjdk.hotspot.jre.full.win32.x86_64_17.0.6.v20230204-1729\jre\bin\VCRUNTIME140.dll
0x00007ffdecdf0000 - 0x00007ffded08a000 	C:\WINDOWS\WinSxS\amd64_microsoft.windows.common-controls_6595b64144ccf1df_6.0.19041.1110_none_60b5254171f9507e\COMCTL32.dll
0x00007ffe031e0000 - 0x00007ffe0327e000 	C:\WINDOWS\System32\msvcrt.dll
0x00007ffe02950000 - 0x00007ffe02980000 	C:\WINDOWS\System32\IMM32.DLL
0x00007ffdecbf0000 - 0x00007ffdecbfc000 	E:\sts-4.18.0.RELEASE\plugins\org.eclipse.justj.openjdk.hotspot.jre.full.win32.x86_64_17.0.6.v20230204-1729\jre\bin\vcruntime140_1.dll
0x00007ffdd2b00000 - 0x00007ffdd2b91000 	E:\sts-4.18.0.RELEASE\plugins\org.eclipse.justj.openjdk.hotspot.jre.full.win32.x86_64_17.0.6.v20230204-1729\jre\bin\msvcp140.dll
0x00007ffdb9c00000 - 0x00007ffdba847000 	E:\sts-4.18.0.RELEASE\plugins\org.eclipse.justj.openjdk.hotspot.jre.full.win32.x86_64_17.0.6.v20230204-1729\jre\bin\server\jvm.dll
0x00007ffe02460000 - 0x00007ffe0250e000 	C:\WINDOWS\System32\ADVAPI32.dll
0x00007ffe03140000 - 0x00007ffe031dc000 	C:\WINDOWS\System32\sechost.dll
0x00007ffe03340000 - 0x00007ffe03464000 	C:\WINDOWS\System32\RPCRT4.dll
0x00007ffdf1500000 - 0x00007ffdf1509000 	C:\WINDOWS\SYSTEM32\WSOCK32.dll
0x00007ffe019c0000 - 0x00007ffe01a2b000 	C:\WINDOWS\System32\WS2_32.dll
0x00007ffdf9b10000 - 0x00007ffdf9b37000 	C:\WINDOWS\SYSTEM32\WINMM.dll
0x00007ffdf9b40000 - 0x00007ffdf9b4a000 	C:\WINDOWS\SYSTEM32\VERSION.dll
0x00007ffdfef50000 - 0x00007ffdfef62000 	C:\WINDOWS\SYSTEM32\kernel.appcore.dll
0x00007ffdfc1f0000 - 0x00007ffdfc1fa000 	E:\sts-4.18.0.RELEASE\plugins\org.eclipse.justj.openjdk.hotspot.jre.full.win32.x86_64_17.0.6.v20230204-1729\jre\bin\jimage.dll
0x00007ffdf37d0000 - 0x00007ffdf39b4000 	C:\WINDOWS\SYSTEM32\DBGHELP.DLL
0x00007ffdf27a0000 - 0x00007ffdf27d5000 	C:\WINDOWS\SYSTEM32\dbgcore.DLL
0x00007ffe01520000 - 0x00007ffe015a2000 	C:\WINDOWS\System32\bcryptPrimitives.dll
0x00007ffdeca60000 - 0x00007ffdeca85000 	E:\sts-4.18.0.RELEASE\plugins\org.eclipse.justj.openjdk.hotspot.jre.full.win32.x86_64_17.0.6.v20230204-1729\jre\bin\java.dll
0x00007ffdeca40000 - 0x00007ffdeca58000 	E:\sts-4.18.0.RELEASE\plugins\org.eclipse.justj.openjdk.hotspot.jre.full.win32.x86_64_17.0.6.v20230204-1729\jre\bin\zip.dll
0x00007ffe01b60000 - 0x00007ffe022a5000 	C:\WINDOWS\System32\SHELL32.dll
0x00007ffdff150000 - 0x00007ffdff8e2000 	C:\WINDOWS\SYSTEM32\windows.storage.dll
0x00007ffe03570000 - 0x00007ffe038c5000 	C:\WINDOWS\System32\combase.dll
0x00007ffe009f0000 - 0x00007ffe00a20000 	C:\WINDOWS\SYSTEM32\Wldp.dll
0x00007ffe022b0000 - 0x00007ffe0235d000 	C:\WINDOWS\System32\SHCORE.dll
0x00007ffe02fa0000 - 0x00007ffe02ff5000 	C:\WINDOWS\System32\shlwapi.dll
0x00007ffe00fb0000 - 0x00007ffe00fcf000 	C:\WINDOWS\SYSTEM32\profapi.dll
0x00007ffdec870000 - 0x00007ffdec889000 	E:\sts-4.18.0.RELEASE\plugins\org.eclipse.justj.openjdk.hotspot.jre.full.win32.x86_64_17.0.6.v20230204-1729\jre\bin\net.dll
0x00007ffdfc020000 - 0x00007ffdfc12a000 	C:\WINDOWS\SYSTEM32\WINHTTP.dll
0x00007ffe00750000 - 0x00007ffe007ba000 	C:\WINDOWS\system32\mswsock.dll
0x00007ffdec850000 - 0x00007ffdec865000 	E:\sts-4.18.0.RELEASE\plugins\org.eclipse.justj.openjdk.hotspot.jre.full.win32.x86_64_17.0.6.v20230204-1729\jre\bin\nio.dll
0x00007ffdeca30000 - 0x00007ffdeca39000 	E:\sts-4.18.0.RELEASE\plugins\org.eclipse.justj.openjdk.hotspot.jre.full.win32.x86_64_17.0.6.v20230204-1729\jre\bin\management.dll
0x00007ffdec7a0000 - 0x00007ffdec7ab000 	E:\sts-4.18.0.RELEASE\plugins\org.eclipse.justj.openjdk.hotspot.jre.full.win32.x86_64_17.0.6.v20230204-1729\jre\bin\management_ext.dll
0x00007ffe03470000 - 0x00007ffe03478000 	C:\WINDOWS\System32\PSAPI.DLL
0x00007ffdf15a0000 - 0x00007ffdf15b7000 	C:\WINDOWS\system32\napinsp.dll
0x00007ffdf1580000 - 0x00007ffdf159b000 	C:\WINDOWS\system32\pnrpnsp.dll
0x00007ffde7c70000 - 0x00007ffde7c85000 	C:\WINDOWS\system32\wshbth.dll
0x00007ffdfca30000 - 0x00007ffdfca4d000 	C:\WINDOWS\system32\NLAapi.dll
0x00007ffe00440000 - 0x00007ffe0047b000 	C:\WINDOWS\SYSTEM32\IPHLPAPI.DLL
0x00007ffe00490000 - 0x00007ffe0055b000 	C:\WINDOWS\SYSTEM32\DNSAPI.dll
0x00007ffe02420000 - 0x00007ffe02428000 	C:\WINDOWS\System32\NSI.dll
0x00007ffded3c0000 - 0x00007ffded3d2000 	C:\WINDOWS\System32\winrnr.dll
0x00007ffdf57e0000 - 0x00007ffdf57ea000 	C:\Windows\System32\rasadhlp.dll
0x00007ffdf5700000 - 0x00007ffdf5780000 	C:\WINDOWS\System32\fwpuclnt.dll
0x00007ffe015b0000 - 0x00007ffe015d7000 	C:\WINDOWS\System32\bcrypt.dll
0x00007ffe00940000 - 0x00007ffe00958000 	C:\WINDOWS\SYSTEM32\CRYPTSP.dll
0x00007ffe00070000 - 0x00007ffe000a4000 	C:\WINDOWS\system32\rsaenh.dll
0x00007ffe00f30000 - 0x00007ffe00f5e000 	C:\WINDOWS\SYSTEM32\USERENV.dll
0x00007ffe00960000 - 0x00007ffe0096c000 	C:\WINDOWS\SYSTEM32\CRYPTBASE.dll
0x00007ffdf8ee0000 - 0x00007ffdf8ef7000 	C:\WINDOWS\SYSTEM32\dhcpcsvc6.DLL
0x00007ffdf8ec0000 - 0x00007ffdf8edd000 	C:\WINDOWS\SYSTEM32\dhcpcsvc.DLL

dbghelp: loaded successfully - version: 4.0.5 - missing functions: none
symbol engine: initialized successfully - sym options: 0x614 - pdb path: .;E:\sts-4.18.0.RELEASE\plugins\org.eclipse.justj.openjdk.hotspot.jre.full.win32.x86_64_17.0.6.v20230204-1729\jre\bin;C:\WINDOWS\SYSTEM32;C:\WINDOWS\WinSxS\amd64_microsoft.windows.common-controls_6595b64144ccf1df_6.0.19041.1110_none_60b5254171f9507e;E:\sts-4.18.0.RELEASE\plugins\org.eclipse.justj.openjdk.hotspot.jre.full.win32.x86_64_17.0.6.v20230204-1729\jre\bin\server

VM Arguments:
jvm_args: -Dcom.sun.management.jmxremote -Dcom.sun.management.jmxremote.port=63630 -Dcom.sun.management.jmxremote.authenticate=false -Dcom.sun.management.jmxremote.ssl=false -Djava.rmi.server.hostname=localhost -Dspring.jmx.enabled=true -Dmanagement.endpoints.jmx.exposure.include=* -Dspring.application.admin.enabled=true -XX:TieredStopAtLevel=1 -Dspring.boot.project.name=Tp03-Grupo07 -Dfile.encoding=UTF-8 -XX:+ShowCodeDetailsInExceptionMessages 
java_command: ar.edu.unju.edm.Tp03Grupo07Application --spring.output.ansi.enabled=always
java_class_path (initial): C:\Users\Casimiro\git\TP03_Grupo07\Tp03-Grupo07\target\classes;C:\Users\Casimiro\.m2\repository\org\springframework\boot\spring-boot-starter-thymeleaf\3.0.6\spring-boot-starter-thymeleaf-3.0.6.jar;C:\Users\Casimiro\.m2\repository\org\springframework\boot\spring-boot-starter\3.0.6\spring-boot-starter-3.0.6.jar;C:\Users\Casimiro\.m2\repository\org\springframework\boot\spring-boot-starter-logging\3.0.6\spring-boot-starter-logging-3.0.6.jar;C:\Users\Casimiro\.m2\repository\ch\qos\logback\logback-classic\1.4.7\logback-classic-1.4.7.jar;C:\Users\Casimiro\.m2\repository\ch\qos\logback\logback-core\1.4.7\logback-core-1.4.7.jar;C:\Users\Casimiro\.m2\repository\org\apache\logging\log4j\log4j-to-slf4j\2.19.0\log4j-to-slf4j-2.19.0.jar;C:\Users\Casimiro\.m2\repository\org\apache\logging\log4j\log4j-api\2.19.0\log4j-api-2.19.0.jar;C:\Users\Casimiro\.m2\repository\org\slf4j\jul-to-slf4j\2.0.7\jul-to-slf4j-2.0.7.jar;C:\Users\Casimiro\.m2\repository\jakarta\annotation\jakarta.annotation-api\2.1.1\jakarta.annotation-api-2.1.1.jar;C:\Users\Casimiro\.m2\repository\org\yaml\snakeyaml\1.33\snakeyaml-1.33.jar;C:\Users\Casimiro\.m2\repository\org\thymeleaf\thymeleaf-spring6\3.1.1.RELEASE\thymeleaf-spring6-3.1.1.RELEASE.jar;C:\Users\Casimiro\.m2\repository\org\thymeleaf\thymeleaf\3.1.1.RELEASE\thymeleaf-3.1.1.RELEASE.jar;C:\Users\Casimiro\.m2\repository\org\attoparser\attoparser\2.0.6.RELEASE\attoparser-2.0.6.RELEASE.jar;C:\Users\Casimiro\.m2\repository\org\unbescape\unbescape\1.1.6.RELEASE\unbescape-1.1.6.RELEASE.jar;C:\Users\Casimiro\.m2\repository\org\slf4j\slf4j-api\2.0.7\slf4j-api-2.0.7.jar;C:\Users\Casimiro\.m2\repository\org\springframework\boot\spring-boot-starter-web\3.0.6\spring-boot-starter-web-3.0.6.jar;C:\Users\Casimiro\.m2\repository\org\springframework\boot\spring-boot-starter-json\3.0.6\spring-boot-starter-json-3.0.6.jar;C:\Users\Casimiro\.m2\repository\com\fasterxml\jackson\core\jackson-databind\2.14.2\jackson-databind-2.14.2.jar;C:\Users\Casimi
Launcher Type: SUN_STANDARD

[Global flags]
     intx CICompilerCount                          = 2                                         {product} {ergonomic}
     uint ConcGCThreads                            = 1                                         {product} {ergonomic}
     uint G1ConcRefinementThreads                  = 2                                         {product} {ergonomic}
   size_t G1HeapRegionSize                         = 1048576                                   {product} {ergonomic}
    uintx GCDrainStackTargetSize                   = 64                                        {product} {ergonomic}
   size_t InitialHeapSize                          = 54525952                                  {product} {ergonomic}
     bool ManagementServer                         = true                                      {product} {command line}
   size_t MarkStackSize                            = 4194304                                   {product} {ergonomic}
   size_t MaxHeapSize                              = 859832320                                 {product} {ergonomic}
   size_t MaxNewSize                               = 515899392                                 {product} {ergonomic}
   size_t MinHeapDeltaBytes                        = 1048576                                   {product} {ergonomic}
   size_t MinHeapSize                              = 8388608                                   {product} {ergonomic}
    uintx NonProfiledCodeHeapSize                  = 0                                      {pd product} {ergonomic}
     bool ProfileInterpreter                       = false                                  {pd product} {command line}
    uintx ProfiledCodeHeapSize                     = 0                                      {pd product} {ergonomic}
     bool ShowCodeDetailsInExceptionMessages       = true                                   {manageable} {command line}
   size_t SoftMaxHeapSize                          = 859832320                              {manageable} {ergonomic}
     intx TieredStopAtLevel                        = 1                                         {product} {command line}
     bool UseCompressedClassPointers               = true                           {product lp64_product} {ergonomic}
     bool UseCompressedOops                        = true                           {product lp64_product} {ergonomic}
     bool UseG1GC                                  = true                                      {product} {ergonomic}
     bool UseLargePagesIndividualAllocation        = false                                  {pd product} {ergonomic}

Logging:
Log output configuration:
 #0: stdout all=warning uptime,level,tags
 #1: stderr all=off uptime,level,tags

Environment Variables:
JAVA_HOME=C:\jdk-20
PATH=E:/sts-4.18.0.RELEASE//plugins/org.eclipse.justj.openjdk.hotspot.jre.full.win32.x86_64_17.0.6.v20230204-1729/jre/bin/server;E:/sts-4.18.0.RELEASE//plugins/org.eclipse.justj.openjdk.hotspot.jre.full.win32.x86_64_17.0.6.v20230204-1729/jre/bin;C:\Program Files\Common Files\Oracle\Java\javapath;C:\oraclexe\app\oracle\product\10.2.0\server\bin;C:\Program Files (x86)\Common Files\Oracle\Java\javapath;C:\WINDOWS\system32;C:\WINDOWS;C:\WINDOWS\System32\Wbem;C:\WINDOWS\System32\WindowsPowerShell\v1.0\;C:\Program Files (x86)\ATI Technologies\ATI.ACE\Core-Static;C:\Program Files\TortoiseSVN\bin;C:\WINDOWS\System32\OpenSSH\;C:\jdk-20\bin;C:\Users\Casimiro\AppData\Local\Microsoft\WindowsApps;;E:\sts-4.18.0.RELEASE;
USERNAME=Casimiro
OS=Windows_NT
PROCESSOR_IDENTIFIER=AMD64 Family 21 Model 19 Stepping 1, AuthenticAMD
TMP=C:\Users\Casimiro\AppData\Local\Temp
TEMP=C:\Users\Casimiro\AppData\Local\Temp



---------------  S Y S T E M  ---------------

OS:
 Windows 10 , 64 bit Build 19041 (10.0.19041.2546)
OS uptime: 0 days 3:16 hours

CPU: total 2 (initial active 2) (2 cores per cpu, 1 threads per core) family 21 model 19 stepping 1 microcode 0x0, cx8, cmov, fxsr, mmx, 3dnowpref, sse, sse2, sse3, ssse3, sse4a, sse4.1, sse4.2, popcnt, lzcnt, tsc, tscinvbit, avx, aes, clmul, bmi1, fma, vzeroupper, clflush

Memory: 4k page, system-wide physical 3274M (331M free)
TotalPageFile size 5274M (AvailPageFile size 6M)
current process WorkingSet (physical memory assigned to process): 70M, peak: 70M
current process commit charge ("private bytes"): 129M, peak: 129M

vm_info: OpenJDK 64-Bit Server VM (17.0.6+10) for windows-amd64 JRE (17.0.6+10), built on Jan 18 2023 10:08:59 by "temurin" with MS VC++ 16.7 (VS2019)

END.
